<?xml version="1.0" encoding="UTF-8"?>
<coverage generated="1784110927846" clover="3.2.0">
  <project timestamp="1784110927846" name="All files">
    <metrics statements="355" coveredstatements="355" conditionals="287" coveredconditionals="287" methods="108" coveredmethods="108" elements="750" coveredelements="750" complexity="0" loc="355" ncloc="355" packages="6" files="11" classes="11"/>
    <package name="src">
      <metrics statements="5" coveredstatements="5" conditionals="2" coveredconditionals="2" methods="2" coveredmethods="2"/>
      <file name="App.tsx" path="C:\Users\MyPC\EAA_Enterprise_AI_Assistant\SPEC_MVP\apps\chat-ui\src\App.tsx">
        <metrics statements="5" coveredstatements="5" conditionals="2" coveredconditionals="2" methods="2" coveredmethods="2"/>
        <line num="6" count="14" type="stmt"/>
        <line num="8" count="14" type="cond" truecount="2" falsecount="0"/>
        <line num="9" count="8" type="stmt"/>
        <line num="12" count="6" type="stmt"/>
        <line num="16" count="7" type="stmt"/>
      </file>
    </package>
    <package name="src.components.auth">
      <metrics statements="26" coveredstatements="26" conditionals="14" coveredconditionals="14" methods="5" coveredmethods="5"/>
      <file name="LoginScreen.tsx" path="C:\Users\MyPC\EAA_Enterprise_AI_Assistant\SPEC_MVP\apps\chat-ui\src\components\auth\LoginScreen.tsx">
        <metrics statements="26" coveredstatements="26" conditionals="14" coveredconditionals="14" methods="5" coveredmethods="5"/>
        <line num="4" count="2" type="stmt"/>
        <line num="5" count="66" type="stmt"/>
        <line num="6" count="66" type="stmt"/>
        <line num="7" count="66" type="stmt"/>
        <line num="8" count="66" type="stmt"/>
        <line num="9" count="66" type="stmt"/>
        <line num="10" count="66" type="stmt"/>
        <line num="12" count="66" type="stmt"/>
        <line num="13" count="14" type="stmt"/>
        <line num="14" count="14" type="cond" truecount="4" falsecount="0"/>
        <line num="15" count="1" type="stmt"/>
        <line num="16" count="1" type="stmt"/>
        <line num="19" count="13" type="stmt"/>
        <line num="20" count="13" type="stmt"/>
        <line num="22" count="13" type="stmt"/>
        <line num="23" count="13" type="stmt"/>
        <line num="29" count="12" type="cond" truecount="2" falsecount="0"/>
        <line num="30" count="7" type="stmt"/>
        <line num="31" count="7" type="stmt"/>
        <line num="33" count="5" type="stmt"/>
        <line num="36" count="1" type="stmt"/>
        <line num="38" count="13" type="stmt"/>
        <line num="42" count="66" type="stmt"/>
        <line num="74" count="13" type="stmt"/>
        <line num="89" count="13" type="stmt"/>
        <line num="96" count="2" type="stmt"/>
      </file>
    </package>
    <package name="src.components.chat">
      <metrics statements="103" coveredstatements="103" conditionals="108" coveredconditionals="108" methods="39" coveredmethods="39"/>
      <file name="ChatInput.tsx" path="C:\Users\MyPC\EAA_Enterprise_AI_Assistant\SPEC_MVP\apps\chat-ui\src\components\chat\ChatInput.tsx">
        <metrics statements="27" coveredstatements="27" conditionals="17" coveredconditionals="17" methods="12" coveredmethods="12"/>
        <line num="10" count="3" type="stmt"/>
        <line num="18" count="3" type="cond" truecount="1" falsecount="0"/>
        <line num="19" count="60" type="stmt"/>
        <line num="20" count="60" type="stmt"/>
        <line num="21" count="60" type="stmt"/>
        <line num="23" count="60" type="stmt"/>
        <line num="24" count="35" type="cond" truecount="2" falsecount="0"/>
        <line num="25" count="29" type="stmt"/>
        <line num="26" count="28" type="stmt"/>
        <line num="31" count="60" type="stmt"/>
        <line num="32" count="30" type="stmt"/>
        <line num="33" count="1" type="stmt"/>
        <line num="34" count="1" type="stmt"/>
        <line num="35" count="1" type="stmt"/>
        <line num="36" count="1" type="stmt"/>
        <line num="39" count="30" type="stmt"/>
        <line num="40" count="30" type="stmt"/>
        <line num="43" count="60" type="stmt"/>
        <line num="44" count="7" type="stmt"/>
        <line num="45" count="7" type="cond" truecount="4" falsecount="0"/>
        <line num="46" count="5" type="stmt"/>
        <line num="47" count="5" type="stmt"/>
        <line num="51" count="60" type="stmt"/>
        <line num="57" count="2" type="stmt"/>
        <line num="68" count="300" type="stmt"/>
        <line num="70" count="1" type="stmt"/>
        <line num="86" count="6" type="stmt"/>
      </file>
      <file name="ChatWindow.tsx" path="C:\Users\MyPC\EAA_Enterprise_AI_Assistant\SPEC_MVP\apps\chat-ui\src\components\chat\ChatWindow.tsx">
        <metrics statements="13" coveredstatements="13" conditionals="8" coveredconditionals="8" methods="4" coveredmethods="4"/>
        <line num="13" count="2" type="stmt"/>
        <line num="14" count="39" type="stmt"/>
        <line num="16" count="39" type="stmt"/>
        <line num="17" count="34" type="stmt"/>
        <line num="20" count="39" type="cond" truecount="2" falsecount="0"/>
        <line num="21" count="22" type="stmt"/>
        <line num="41" count="17" type="stmt"/>
        <line num="47" count="29" type="cond" truecount="2" falsecount="0"/>
        <line num="48" count="29" type="stmt"/>
        <line num="49" count="29" type="cond" truecount="2" falsecount="0"/>
        <line num="50" count="29" type="stmt"/>
        <line num="52" count="29" type="stmt"/>
        <line num="57" count="1" type="stmt"/>
      </file>
      <file name="MessageBubble.tsx" path="C:\Users\MyPC\EAA_Enterprise_AI_Assistant\SPEC_MVP\apps\chat-ui\src\components\chat\MessageBubble.tsx">
        <metrics statements="22" coveredstatements="22" conditionals="41" coveredconditionals="41" methods="8" coveredmethods="8"/>
        <line num="28" count="3" type="cond" truecount="1" falsecount="0"/>
        <line num="29" count="58" type="stmt"/>
        <line num="30" count="58" type="stmt"/>
        <line num="31" count="58" type="stmt"/>
        <line num="32" count="58" type="stmt"/>
        <line num="35" count="58" type="stmt"/>
        <line num="36" count="47" type="cond" truecount="4" falsecount="0"/>
        <line num="37" count="7" type="stmt"/>
        <line num="38" count="7" type="stmt"/>
        <line num="39" count="7" type="stmt"/>
        <line num="43" count="58" type="stmt"/>
        <line num="44" count="3" type="cond" truecount="5" falsecount="0"/>
        <line num="45" count="2" type="stmt"/>
        <line num="47" count="3" type="stmt"/>
        <line num="50" count="58" type="stmt"/>
        <line num="70" count="6" type="stmt"/>
        <line num="71" count="6" type="stmt"/>
        <line num="72" count="6" type="stmt"/>
        <line num="79" count="2" type="stmt"/>
        <line num="115" count="8" type="stmt"/>
        <line num="129" count="2" type="stmt"/>
        <line num="139" count="7" type="stmt"/>
      </file>
      <file name="SearchModal.tsx" path="C:\Users\MyPC\EAA_Enterprise_AI_Assistant\SPEC_MVP\apps\chat-ui\src\components\chat\SearchModal.tsx">
        <metrics statements="36" coveredstatements="36" conditionals="30" coveredconditionals="30" methods="13" coveredmethods="13"/>
        <line num="12" count="2" type="stmt"/>
        <line num="13" count="76" type="stmt"/>
        <line num="14" count="76" type="stmt"/>
        <line num="15" count="76" type="stmt"/>
        <line num="16" count="76" type="stmt"/>
        <line num="18" count="76" type="stmt"/>
        <line num="19" count="33" type="cond" truecount="2" falsecount="0"/>
        <line num="20" count="16" type="stmt"/>
        <line num="21" count="16" type="stmt"/>
        <line num="22" count="16" type="stmt"/>
        <line num="23" count="16" type="stmt"/>
        <line num="27" count="76" type="stmt"/>
        <line num="28" count="53" type="cond" truecount="2" falsecount="0"/>
        <line num="30" count="27" type="cond" truecount="2" falsecount="0"/>
        <line num="31" count="17" type="stmt"/>
        <line num="32" count="17" type="stmt"/>
        <line num="35" count="10" type="stmt"/>
        <line num="36" count="10" type="stmt"/>
        <line num="37" count="7" type="cond" truecount="4" falsecount="0"/>
        <line num="38" count="6" type="stmt"/>
        <line num="39" count="6" type="stmt"/>
        <line num="40" count="6" type="stmt"/>
        <line num="41" count="6" type="cond" truecount="2" falsecount="0"/>
        <line num="43" count="6" type="cond" truecount="2" falsecount="0"/>
        <line num="48" count="10" type="stmt"/>
        <line num="49" count="10" type="stmt"/>
        <line num="50" count="10" type="stmt"/>
        <line num="54" count="76" type="cond" truecount="2" falsecount="0"/>
        <line num="56" count="50" type="stmt"/>
        <line num="60" count="2" type="stmt"/>
        <line num="75" count="10" type="stmt"/>
        <line num="77" count="2" type="cond" truecount="2" falsecount="0"/>
        <line num="82" count="1" type="stmt"/>
        <line num="109" count="83" type="stmt"/>
        <line num="112" count="1" type="stmt"/>
        <line num="113" count="1" type="stmt"/>
      </file>
      <file name="ToolTrace.tsx" path="C:\Users\MyPC\EAA_Enterprise_AI_Assistant\SPEC_MVP\apps\chat-ui\src\components\chat\ToolTrace.tsx">
        <metrics statements="5" coveredstatements="5" conditionals="12" coveredconditionals="12" methods="2" coveredmethods="2"/>
        <line num="11" count="4" type="stmt"/>
        <line num="13" count="26" type="stmt"/>
        <line num="14" count="26" type="cond" truecount="2" falsecount="0"/>
        <line num="16" count="26" type="stmt"/>
        <line num="20" count="9" type="stmt"/>
      </file>
    </package>
    <package name="src.components.layout">
      <metrics statements="66" coveredstatements="66" conditionals="85" coveredconditionals="85" methods="30" coveredmethods="30"/>
      <file name="MainLayout.tsx" path="C:\Users\MyPC\EAA_Enterprise_AI_Assistant\SPEC_MVP\apps\chat-ui\src\components\layout\MainLayout.tsx">
        <metrics statements="11" coveredstatements="11" conditionals="2" coveredconditionals="2" methods="5" coveredmethods="5"/>
        <line num="8" count="2" type="stmt"/>
        <line num="9" count="43" type="stmt"/>
        <line num="24" count="43" type="stmt"/>
        <line num="28" count="43" type="stmt"/>
        <line num="29" count="43" type="stmt"/>
        <line num="31" count="43" type="stmt"/>
        <line num="42" count="2" type="stmt"/>
        <line num="46" count="4" type="stmt"/>
        <line num="51" count="2" type="stmt"/>
        <line num="55" count="1" type="stmt"/>
        <line num="56" count="1" type="stmt"/>
      </file>
      <file name="Sidebar.tsx" path="C:\Users\MyPC\EAA_Enterprise_AI_Assistant\SPEC_MVP\apps\chat-ui\src\components\layout\Sidebar.tsx">
        <metrics statements="55" coveredstatements="55" conditionals="83" coveredconditionals="83" methods="25" coveredmethods="25"/>
        <line num="4" count="2" type="stmt"/>
        <line num="26" count="2" type="stmt"/>
        <line num="40" count="90" type="cond" truecount="2" falsecount="0"/>
        <line num="42" count="87" type="stmt"/>
        <line num="43" count="87" type="stmt"/>
        <line num="44" count="87" type="stmt"/>
        <line num="45" count="87" type="stmt"/>
        <line num="46" count="87" type="stmt"/>
        <line num="47" count="87" type="stmt"/>
        <line num="49" count="87" type="stmt"/>
        <line num="50" count="4" type="cond" truecount="2" falsecount="0"/>
        <line num="51" count="2" type="stmt"/>
        <line num="52" count="2" type="stmt"/>
        <line num="54" count="2" type="cond" truecount="4" falsecount="0"/>
        <line num="55" count="1" type="stmt"/>
        <line num="60" count="87" type="stmt"/>
        <line num="61" count="25" type="stmt"/>
        <line num="62" count="3" type="cond" truecount="4" falsecount="0"/>
        <line num="63" count="2" type="stmt"/>
        <line num="65" count="3" type="cond" truecount="4" falsecount="0"/>
        <line num="66" count="2" type="stmt"/>
        <line num="69" count="25" type="stmt"/>
        <line num="70" count="25" type="stmt"/>
        <line num="73" count="135" type="stmt"/>
        <line num="74" count="135" type="stmt"/>
        <line num="76" count="87" type="stmt"/>
        <line num="77" count="5" type="stmt"/>
        <line num="78" count="5" type="stmt"/>
        <line num="79" count="5" type="stmt"/>
        <line num="82" count="87" type="stmt"/>
        <line num="83" count="4" type="cond" truecount="4" falsecount="0"/>
        <line num="84" count="3" type="stmt"/>
        <line num="86" count="4" type="stmt"/>
        <line num="89" count="87" type="stmt"/>
        <line num="90" count="3" type="cond" truecount="2" falsecount="0"/>
        <line num="91" count="3" type="cond" truecount="2" falsecount="0"/>
        <line num="94" count="87" type="stmt"/>
        <line num="95" count="135" type="stmt"/>
        <line num="96" count="135" type="stmt"/>
        <line num="103" count="4" type="stmt"/>
        <line num="104" count="3" type="stmt"/>
        <line num="105" count="2" type="stmt"/>
        <line num="111" count="3" type="stmt"/>
        <line num="127" count="14" type="stmt"/>
        <line num="128" count="14" type="cond" truecount="2" falsecount="0"/>
        <line num="141" count="3" type="stmt"/>
        <line num="145" count="5" type="stmt"/>
        <line num="150" count="1" type="stmt"/>
        <line num="161" count="87" type="stmt"/>
        <line num="194" count="1" type="stmt"/>
        <line num="207" count="2" type="stmt"/>
        <line num="218" count="2" type="stmt"/>
        <line num="257" count="2" type="stmt"/>
        <line num="258" count="2" type="stmt"/>
        <line num="269" count="5" type="stmt"/>
      </file>
    </package>
    <package name="src.contexts">
      <metrics statements="16" coveredstatements="16" conditionals="2" coveredconditionals="2" methods="4" coveredmethods="4"/>
      <file name="AuthContext.tsx" path="C:\Users\MyPC\EAA_Enterprise_AI_Assistant\SPEC_MVP\apps\chat-ui\src\contexts\AuthContext.tsx">
        <metrics statements="16" coveredstatements="16" conditionals="2" coveredconditionals="2" methods="4" coveredmethods="4"/>
        <line num="10" count="2" type="stmt"/>
        <line num="12" count="2" type="stmt"/>
        <line num="13" count="20" type="stmt"/>
        <line num="14" count="20" type="stmt"/>
        <line num="16" count="20" type="stmt"/>
        <line num="17" count="8" type="stmt"/>
        <line num="18" count="8" type="stmt"/>
        <line num="21" count="20" type="stmt"/>
        <line num="22" count="2" type="stmt"/>
        <line num="23" count="2" type="stmt"/>
        <line num="26" count="20" type="stmt"/>
        <line num="33" count="2" type="stmt"/>
        <line num="34" count="105" type="stmt"/>
        <line num="35" count="105" type="cond" truecount="2" falsecount="0"/>
        <line num="36" count="2" type="stmt"/>
        <line num="38" count="102" type="stmt"/>
      </file>
    </package>
    <package name="src.hooks">
      <metrics statements="139" coveredstatements="139" conditionals="76" coveredconditionals="76" methods="28" coveredmethods="28"/>
      <file name="useChat.ts" path="C:\Users\MyPC\EAA_Enterprise_AI_Assistant\SPEC_MVP\apps\chat-ui\src\hooks\useChat.ts">
        <metrics statements="139" coveredstatements="139" conditionals="76" coveredconditionals="76" methods="28" coveredmethods="28"/>
        <line num="5" count="2" type="stmt"/>
        <line num="6" count="36" type="cond" truecount="2" falsecount="0"/>
        <line num="7" count="36" type="stmt"/>
        <line num="8" count="36" type="stmt"/>
        <line num="9" count="36" type="stmt"/>
        <line num="24" count="2" type="stmt"/>
        <line num="25" count="183" type="stmt"/>
        <line num="26" count="183" type="stmt"/>
        <line num="27" count="183" type="stmt"/>
        <line num="28" count="183" type="stmt"/>
        <line num="30" count="183" type="stmt"/>
        <line num="33" count="183" type="stmt"/>
        <line num="34" count="45" type="stmt"/>
        <line num="35" count="45" type="stmt"/>
        <line num="38" count="45" type="cond" truecount="2" falsecount="0"/>
        <line num="39" count="42" type="stmt"/>
        <line num="40" count="42" type="stmt"/>
        <line num="41" count="42" type="cond" truecount="2" falsecount="0"/>
        <line num="42" count="30" type="cond" truecount="2" falsecount="0"/>
        <line num="43" count="30" type="cond" truecount="2" falsecount="0"/>
        <line num="44" count="2" type="stmt"/>
        <line num="46" count="30" type="stmt"/>
        <line num="47" count="30" type="stmt"/>
        <line num="56" count="42" type="cond" truecount="2" falsecount="0"/>
        <line num="57" count="14" type="stmt"/>
        <line num="64" count="14" type="stmt"/>
        <line num="65" count="14" type="stmt"/>
        <line num="67" count="28" type="stmt"/>
        <line num="68" count="28" type="cond" truecount="4" falsecount="0"/>
        <line num="69" count="1" type="stmt"/>
        <line num="74" count="3" type="stmt"/>
        <line num="79" count="183" type="stmt"/>
        <line num="80" count="7" type="cond" truecount="4" falsecount="0"/>
        <line num="81" count="6" type="stmt"/>
        <line num="82" count="6" type="stmt"/>
        <line num="85" count="5" type="cond" truecount="2" falsecount="0"/>
        <line num="86" count="4" type="stmt"/>
        <line num="87" count="4" type="cond" truecount="2" falsecount="0"/>
        <line num="97" count="1" type="stmt"/>
        <line num="99" count="2" type="stmt"/>
        <line num="103" count="183" type="stmt"/>
        <line num="104" count="62" type="cond" truecount="2" falsecount="0"/>
        <line num="105" count="44" type="stmt"/>
        <line num="106" count="44" type="stmt"/>
        <line num="108" count="18" type="stmt"/>
        <line num="109" count="18" type="stmt"/>
        <line num="110" count="18" type="stmt"/>
        <line num="113" count="18" type="cond" truecount="2" falsecount="0"/>
        <line num="114" count="14" type="stmt"/>
        <line num="115" count="14" type="stmt"/>
        <line num="116" count="21" type="cond" truecount="2" falsecount="0"/>
        <line num="123" count="14" type="stmt"/>
        <line num="126" count="4" type="stmt"/>
        <line num="128" count="18" type="stmt"/>
        <line num="133" count="183" type="stmt"/>
        <line num="134" count="43" type="cond" truecount="4" falsecount="0"/>
        <line num="135" count="39" type="stmt"/>
        <line num="136" count="39" type="stmt"/>
        <line num="137" count="39" type="stmt"/>
        <line num="139" count="4" type="stmt"/>
        <line num="140" count="4" type="stmt"/>
        <line num="141" count="4" type="stmt"/>
        <line num="146" count="183" type="stmt"/>
        <line num="147" count="60" type="cond" truecount="2" falsecount="0"/>
        <line num="148" count="56" type="stmt"/>
        <line num="152" count="183" type="stmt"/>
        <line num="153" count="12" type="stmt"/>
        <line num="156" count="183" type="stmt"/>
        <line num="157" count="2" type="stmt"/>
        <line num="158" count="2" type="stmt"/>
        <line num="161" count="183" type="stmt"/>
        <line num="163" count="7" type="stmt"/>
        <line num="164" count="7" type="cond" truecount="2" falsecount="0"/>
        <line num="172" count="7" type="cond" truecount="2" falsecount="0"/>
        <line num="173" count="2" type="stmt"/>
        <line num="177" count="7" type="cond" truecount="2" falsecount="0"/>
        <line num="178" count="6" type="stmt"/>
        <line num="179" count="6" type="stmt"/>
        <line num="183" count="5" type="cond" truecount="2" falsecount="0"/>
        <line num="184" count="1" type="stmt"/>
        <line num="187" count="1" type="stmt"/>
        <line num="192" count="183" type="stmt"/>
        <line num="193" count="5" type="stmt"/>
        <line num="196" count="6" type="stmt"/>
        <line num="197" count="5" type="cond" truecount="2" falsecount="0"/>
        <line num="200" count="4" type="stmt"/>
        <line num="207" count="4" type="stmt"/>
        <line num="208" count="4" type="stmt"/>
        <line num="210" count="4" type="stmt"/>
        <line num="211" count="4" type="stmt"/>
        <line num="224" count="4" type="cond" truecount="2" falsecount="0"/>
        <line num="225" count="1" type="stmt"/>
        <line num="228" count="3" type="stmt"/>
        <line num="229" count="3" type="stmt"/>
        <line num="231" count="1" type="stmt"/>
        <line num="232" count="1" type="stmt"/>
        <line num="238" count="1" type="stmt"/>
        <line num="240" count="4" type="stmt"/>
        <line num="244" count="183" type="stmt"/>
        <line num="245" count="6" type="stmt"/>
        <line num="246" count="6" type="stmt"/>
        <line num="253" count="6" type="stmt"/>
        <line num="254" count="6" type="stmt"/>
        <line num="256" count="6" type="stmt"/>
        <line num="257" count="6" type="stmt"/>
        <line num="269" count="5" type="cond" truecount="2" falsecount="0"/>
        <line num="270" count="2" type="stmt"/>
        <line num="273" count="3" type="stmt"/>
        <line num="276" count="3" type="cond" truecount="2" falsecount="0"/>
        <line num="279" count="6" type="stmt"/>
        <line num="280" count="3" type="stmt"/>
        <line num="281" count="3" type="stmt"/>
        <line num="283" count="3" type="stmt"/>
        <line num="284" count="3" type="stmt"/>
        <line num="290" count="3" type="stmt"/>
        <line num="292" count="6" type="stmt"/>
        <line num="296" count="183" type="stmt"/>
        <line num="297" count="6" type="stmt"/>
        <line num="298" count="6" type="cond" truecount="2" falsecount="0"/>
        <line num="301" count="5" type="stmt"/>
        <line num="302" count="6" type="cond" truecount="2" falsecount="0"/>
        <line num="303" count="5" type="stmt"/>
        <line num="304" count="5" type="stmt"/>
        <line num="307" count="5" type="stmt"/>
        <line num="308" count="5" type="stmt"/>
        <line num="316" count="3" type="stmt"/>
        <line num="318" count="2" type="stmt"/>
        <line num="322" count="183" type="stmt"/>
        <line num="323" count="5" type="stmt"/>
        <line num="324" count="5" type="cond" truecount="2" falsecount="0"/>
        <line num="327" count="4" type="stmt"/>
        <line num="328" count="5" type="cond" truecount="2" falsecount="0"/>
        <line num="329" count="4" type="stmt"/>
        <line num="330" count="4" type="stmt"/>
        <line num="333" count="4" type="stmt"/>
        <line num="334" count="4" type="stmt"/>
        <line num="342" count="3" type="stmt"/>
        <line num="344" count="1" type="stmt"/>
        <line num="348" count="183" type="stmt"/>
      </file>
    </package>
  </project>
</coverage>
