<?xml version="1.0" encoding="UTF-8"?>
<coverage generated="1785488688045" clover="3.2.0">
  <project timestamp="1785488688045" name="All files">
    <metrics statements="607" coveredstatements="500" conditionals="552" coveredconditionals="425" methods="183" coveredmethods="132" elements="1342" coveredelements="1057" complexity="0" loc="607" ncloc="607" packages="7" files="12" classes="12"/>
    <package name="src">
      <metrics statements="5" coveredstatements="5" conditionals="4" coveredconditionals="3" methods="2" coveredmethods="2"/>
      <file name="App.tsx" path="C:\Users\MyPC\EAA_Enterprise_AI_Assistant\SPEC_MVP\apps\chat-ui\src\App.tsx">
        <metrics statements="5" coveredstatements="5" conditionals="4" coveredconditionals="3" methods="2" coveredmethods="2"/>
        <line num="6" count="14" type="stmt"/>
        <line num="8" count="14" type="cond" truecount="2" falsecount="0"/>
        <line num="9" count="8" type="stmt"/>
        <line num="12" count="6" type="stmt"/>
        <line num="18" count="7" type="stmt"/>
      </file>
    </package>
    <package name="src.components.admin">
      <metrics statements="179" coveredstatements="114" conditionals="156" coveredconditionals="75" methods="55" coveredmethods="20"/>
      <file name="IntegrationSettings.tsx" path="C:\Users\MyPC\EAA_Enterprise_AI_Assistant\SPEC_MVP\apps\chat-ui\src\components\admin\IntegrationSettings.tsx">
        <metrics statements="179" coveredstatements="114" conditionals="156" coveredconditionals="75" methods="55" coveredmethods="20"/>
        <line num="23" count="3" type="stmt"/>
        <line num="29" count="3" type="stmt"/>
        <line num="37" count="17" type="stmt"/>
        <line num="38" count="17" type="stmt"/>
        <line num="41" count="17" type="stmt"/>
        <line num="42" count="17" type="stmt"/>
        <line num="43" count="17" type="stmt"/>
        <line num="44" count="17" type="stmt"/>
        <line num="45" count="17" type="stmt"/>
        <line num="46" count="17" type="stmt"/>
        <line num="47" count="17" type="stmt"/>
        <line num="50" count="17" type="stmt"/>
        <line num="51" count="17" type="stmt"/>
        <line num="52" count="17" type="stmt"/>
        <line num="55" count="17" type="stmt"/>
        <line num="56" count="17" type="stmt"/>
        <line num="57" count="17" type="stmt"/>
        <line num="59" count="17" type="cond" truecount="1" falsecount="1"/>
        <line num="60" count="43" type="stmt"/>
        <line num="61" count="43" type="cond" truecount="1" falsecount="3"/>
        <line num="65" count="43" type="cond" truecount="1" falsecount="1"/>
        <line num="66" count="43" type="cond" truecount="2" falsecount="0"/>
        <line num="70" count="17" type="stmt"/>
        <line num="71" count="17" type="stmt"/>
        <line num="72" count="17" type="stmt"/>
        <line num="73" count="17" type="stmt"/>
        <line num="74" count="17" type="stmt"/>
        <line num="77" count="17" type="stmt"/>
        <line num="78" count="17" type="stmt"/>
        <line num="80" count="17" type="stmt"/>
        <line num="87" count="17" type="stmt"/>
        <line num="88" count="3" type="stmt"/>
        <line num="89" count="3" type="stmt"/>
        <line num="92" count="17" type="stmt"/>
        <line num="93" count="3" type="stmt"/>
        <line num="94" count="3" type="cond" truecount="1" falsecount="1"/>
        <line num="95" count="3" type="stmt"/>
        <line num="98" count="3" type="cond" truecount="1" falsecount="1"/>
        <line num="99" count="3" type="stmt"/>
        <line num="100" count="3" type="cond" truecount="1" falsecount="1"/>
        <line num="102" count="3" type="stmt"/>
        <line num="103" count="3" type="cond" truecount="1" falsecount="1"/>
        <line num="104" count="0" type="stmt"/>
        <line num="105" count="0" type="cond" truecount="0" falsecount="2"/>
        <line num="108" count="0" type="stmt"/>
        <line num="110" count="3" type="stmt"/>
        <line num="114" count="17" type="stmt"/>
        <line num="115" count="3" type="stmt"/>
        <line num="116" count="3" type="stmt"/>
        <line num="117" count="3" type="cond" truecount="1" falsecount="1"/>
        <line num="118" count="3" type="stmt"/>
        <line num="121" count="3" type="cond" truecount="1" falsecount="1"/>
        <line num="122" count="3" type="stmt"/>
        <line num="123" count="3" type="cond" truecount="4" falsecount="0"/>
        <line num="124" count="1" type="stmt"/>
        <line num="127" count="0" type="stmt"/>
        <line num="129" count="3" type="stmt"/>
        <line num="133" count="17" type="stmt"/>
        <line num="134" count="1" type="stmt"/>
        <line num="135" count="1" type="stmt"/>
        <line num="136" count="1" type="stmt"/>
        <line num="137" count="1" type="stmt"/>
        <line num="139" count="1" type="stmt"/>
        <line num="140" count="1" type="cond" truecount="1" falsecount="1"/>
        <line num="141" count="0" type="stmt"/>
        <line num="142" count="0" type="cond" truecount="0" falsecount="2"/>
        <line num="144" count="1" type="stmt"/>
        <line num="145" count="1" type="stmt"/>
        <line num="149" count="17" type="stmt"/>
        <line num="150" count="1" type="stmt"/>
        <line num="151" count="1" type="stmt"/>
        <line num="152" count="1" type="stmt"/>
        <line num="153" count="1" type="stmt"/>
        <line num="155" count="1" type="stmt"/>
        <line num="156" count="1" type="cond" truecount="1" falsecount="1"/>
        <line num="157" count="1" type="stmt"/>
        <line num="171" count="1" type="cond" truecount="1" falsecount="1"/>
        <line num="172" count="1" type="stmt"/>
        <line num="174" count="1" type="stmt"/>
        <line num="175" count="1" type="stmt"/>
        <line num="176" count="1" type="cond" truecount="1" falsecount="1"/>
        <line num="177" count="0" type="cond" truecount="0" falsecount="2"/>
        <line num="179" count="1" type="stmt"/>
        <line num="182" count="1" type="cond" truecount="1" falsecount="1"/>
        <line num="183" count="1" type="stmt"/>
        <line num="185" count="0" type="cond" truecount="0" falsecount="2"/>
        <line num="187" count="1" type="stmt"/>
        <line num="191" count="17" type="stmt"/>
        <line num="192" count="1" type="stmt"/>
        <line num="193" count="1" type="stmt"/>
        <line num="194" count="1" type="stmt"/>
        <line num="196" count="1" type="stmt"/>
        <line num="197" count="1" type="cond" truecount="1" falsecount="1"/>
        <line num="198" count="1" type="stmt"/>
        <line num="207" count="1" type="cond" truecount="1" falsecount="1"/>
        <line num="208" count="1" type="stmt"/>
        <line num="209" count="1" type="cond" truecount="1" falsecount="1"/>
        <line num="211" count="0" type="stmt"/>
        <line num="212" count="0" type="cond" truecount="0" falsecount="2"/>
        <line num="214" count="1" type="cond" truecount="1" falsecount="1"/>
        <line num="216" count="1" type="stmt"/>
        <line num="220" count="17" type="stmt"/>
        <line num="221" count="0" type="stmt"/>
        <line num="222" count="0" type="cond" truecount="0" falsecount="2"/>
        <line num="223" count="0" type="stmt"/>
        <line num="224" count="0" type="stmt"/>
        <line num="225" count="0" type="stmt"/>
        <line num="227" count="0" type="stmt"/>
        <line num="236" count="0" type="stmt"/>
        <line num="237" count="0" type="cond" truecount="0" falsecount="2"/>
        <line num="238" count="0" type="stmt"/>
        <line num="252" count="0" type="cond" truecount="0" falsecount="2"/>
        <line num="253" count="0" type="stmt"/>
        <line num="254" count="0" type="stmt"/>
        <line num="255" count="0" type="cond" truecount="0" falsecount="2"/>
        <line num="256" count="0" type="cond" truecount="0" falsecount="2"/>
        <line num="258" count="0" type="stmt"/>
        <line num="260" count="0" type="stmt"/>
        <line num="261" count="0" type="stmt"/>
        <line num="262" count="0" type="stmt"/>
        <line num="264" count="0" type="stmt"/>
        <line num="265" count="0" type="cond" truecount="0" falsecount="2"/>
        <line num="268" count="0" type="cond" truecount="0" falsecount="2"/>
        <line num="270" count="0" type="stmt"/>
        <line num="274" count="17" type="stmt"/>
        <line num="275" count="0" type="cond" truecount="0" falsecount="2"/>
        <line num="277" count="0" type="stmt"/>
        <line num="278" count="0" type="stmt"/>
        <line num="280" count="0" type="stmt"/>
        <line num="281" count="0" type="cond" truecount="0" falsecount="2"/>
        <line num="282" count="0" type="stmt"/>
        <line num="289" count="0" type="cond" truecount="0" falsecount="2"/>
        <line num="290" count="0" type="cond" truecount="0" falsecount="2"/>
        <line num="291" count="0" type="stmt"/>
        <line num="292" count="0" type="stmt"/>
        <line num="294" count="0" type="stmt"/>
        <line num="295" count="0" type="cond" truecount="0" falsecount="2"/>
        <line num="298" count="0" type="cond" truecount="0" falsecount="2"/>
        <line num="302" count="17" type="stmt"/>
        <line num="303" count="0" type="stmt"/>
        <line num="304" count="0" type="stmt"/>
        <line num="305" count="0" type="stmt"/>
        <line num="306" count="0" type="cond" truecount="0" falsecount="2"/>
        <line num="307" count="0" type="cond" truecount="0" falsecount="2"/>
        <line num="309" count="0" type="stmt"/>
        <line num="314" count="17" type="stmt"/>
        <line num="337" count="0" type="stmt"/>
        <line num="350" count="1" type="stmt"/>
        <line num="390" count="56" type="stmt"/>
        <line num="391" count="56" type="cond" truecount="2" falsecount="0"/>
        <line num="392" count="56" type="stmt"/>
        <line num="394" count="56" type="stmt"/>
        <line num="397" count="1" type="stmt"/>
        <line num="419" count="18" type="stmt"/>
        <line num="422" count="0" type="stmt"/>
        <line num="435" count="1" type="stmt"/>
        <line num="443" count="1" type="stmt"/>
        <line num="482" count="0" type="stmt"/>
        <line num="493" count="0" type="stmt"/>
        <line num="506" count="0" type="stmt"/>
        <line num="528" count="0" type="stmt"/>
        <line num="534" count="0" type="stmt"/>
        <line num="545" count="0" type="stmt"/>
        <line num="574" count="3" type="cond" truecount="4" falsecount="2"/>
        <line num="579" count="3" type="cond" truecount="3" falsecount="0"/>
        <line num="580" count="3" type="cond" truecount="2" falsecount="0"/>
        <line num="582" count="3" type="stmt"/>
        <line num="594" count="1" type="stmt"/>
        <line num="595" count="3" type="cond" truecount="1" falsecount="1"/>
        <line num="596" count="1" type="cond" truecount="1" falsecount="1"/>
        <line num="597" count="1" type="cond" truecount="1" falsecount="1"/>
        <line num="598" count="1" type="stmt"/>
        <line num="605" count="12" type="stmt"/>
        <line num="614" count="0" type="stmt"/>
        <line num="660" count="0" type="stmt"/>
        <line num="671" count="0" type="stmt"/>
        <line num="681" count="0" type="stmt"/>
        <line num="685" count="0" type="stmt"/>
        <line num="693" count="0" type="stmt"/>
      </file>
    </package>
    <package name="src.components.auth">
      <metrics statements="51" coveredstatements="27" conditionals="20" coveredconditionals="14" methods="10" coveredmethods="4"/>
      <file name="LoginScreen.tsx" path="C:\Users\MyPC\EAA_Enterprise_AI_Assistant\SPEC_MVP\apps\chat-ui\src\components\auth\LoginScreen.tsx">
        <metrics statements="51" coveredstatements="27" conditionals="20" coveredconditionals="14" methods="10" coveredmethods="4"/>
        <line num="5" count="2" type="stmt"/>
        <line num="6" count="43" type="stmt"/>
        <line num="7" count="43" type="stmt"/>
        <line num="8" count="43" type="stmt"/>
        <line num="9" count="43" type="stmt"/>
        <line num="10" count="43" type="stmt"/>
        <line num="11" count="43" type="stmt"/>
        <line num="13" count="43" type="stmt"/>
        <line num="14" count="10" type="stmt"/>
        <line num="15" count="10" type="cond" truecount="4" falsecount="0"/>
        <line num="16" count="1" type="stmt"/>
        <line num="17" count="1" type="stmt"/>
        <line num="20" count="9" type="stmt"/>
        <line num="21" count="9" type="stmt"/>
        <line num="23" count="9" type="stmt"/>
        <line num="24" count="9" type="stmt"/>
        <line num="30" count="9" type="cond" truecount="2" falsecount="0"/>
        <line num="31" count="7" type="stmt"/>
        <line num="32" count="7" type="stmt"/>
        <line num="34" count="2" type="stmt"/>
        <line num="35" count="2" type="cond" truecount="2" falsecount="0"/>
        <line num="38" count="0" type="stmt"/>
        <line num="40" count="9" type="stmt"/>
        <line num="44" count="43" type="stmt"/>
        <line num="46" count="0" type="stmt"/>
        <line num="47" count="0" type="stmt"/>
        <line num="48" count="0" type="stmt"/>
        <line num="49" count="0" type="stmt"/>
        <line num="55" count="0" type="cond" truecount="0" falsecount="2"/>
        <line num="56" count="0" type="stmt"/>
        <line num="57" count="0" type="stmt"/>
        <line num="59" count="0" type="stmt"/>
        <line num="62" count="0" type="stmt"/>
        <line num="64" count="0" type="stmt"/>
        <line num="68" count="0" type="stmt"/>
        <line num="72" count="43" type="stmt"/>
        <line num="73" count="0" type="stmt"/>
        <line num="74" count="0" type="stmt"/>
        <line num="75" count="0" type="stmt"/>
        <line num="76" count="0" type="stmt"/>
        <line num="77" count="0" type="cond" truecount="0" falsecount="2"/>
        <line num="78" count="0" type="stmt"/>
        <line num="80" count="0" type="stmt"/>
        <line num="81" count="0" type="stmt"/>
        <line num="83" count="0" type="stmt"/>
        <line num="85" count="0" type="stmt"/>
        <line num="89" count="43" type="stmt"/>
        <line num="121" count="9" type="stmt"/>
        <line num="136" count="9" type="stmt"/>
        <line num="143" count="0" type="stmt"/>
        <line num="186" count="0" type="stmt"/>
      </file>
    </package>
    <package name="src.components.chat">
      <metrics statements="104" coveredstatements="104" conditionals="110" coveredconditionals="110" methods="39" coveredmethods="39"/>
      <file name="ChatInput.tsx" path="C:\Users\MyPC\EAA_Enterprise_AI_Assistant\SPEC_MVP\apps\chat-ui\src\components\chat\ChatInput.tsx">
        <metrics statements="27" coveredstatements="27" conditionals="17" coveredconditionals="17" methods="12" coveredmethods="12"/>
        <line num="10" count="3" type="stmt"/>
        <line num="18" count="3" type="cond" truecount="1" falsecount="0"/>
        <line num="19" count="58" type="stmt"/>
        <line num="20" count="58" type="stmt"/>
        <line num="21" count="58" type="stmt"/>
        <line num="23" count="58" type="stmt"/>
        <line num="24" count="35" type="cond" truecount="2" falsecount="0"/>
        <line num="25" count="29" type="stmt"/>
        <line num="26" count="27" type="stmt"/>
        <line num="31" count="58" type="stmt"/>
        <line num="32" count="30" type="stmt"/>
        <line num="33" count="1" type="stmt"/>
        <line num="34" count="1" type="stmt"/>
        <line num="35" count="1" type="stmt"/>
        <line num="36" count="1" type="stmt"/>
        <line num="39" count="30" type="stmt"/>
        <line num="40" count="30" type="stmt"/>
        <line num="43" count="58" type="stmt"/>
        <line num="44" count="7" type="stmt"/>
        <line num="45" count="7" type="cond" truecount="4" falsecount="0"/>
        <line num="46" count="5" type="stmt"/>
        <line num="47" count="5" type="stmt"/>
        <line num="51" count="58" type="stmt"/>
        <line num="57" count="2" type="stmt"/>
        <line num="68" count="290" type="stmt"/>
        <line num="70" count="1" type="stmt"/>
        <line num="86" count="6" type="stmt"/>
      </file>
      <file name="ChatWindow.tsx" path="C:\Users\MyPC\EAA_Enterprise_AI_Assistant\SPEC_MVP\apps\chat-ui\src\components\chat\ChatWindow.tsx">
        <metrics statements="13" coveredstatements="13" conditionals="8" coveredconditionals="8" methods="4" coveredmethods="4"/>
        <line num="13" count="2" type="stmt"/>
        <line num="14" count="37" type="stmt"/>
        <line num="16" count="37" type="stmt"/>
        <line num="17" count="34" type="stmt"/>
        <line num="20" count="37" type="cond" truecount="2" falsecount="0"/>
        <line num="21" count="20" type="stmt"/>
        <line num="41" count="17" type="stmt"/>
        <line num="47" count="29" type="cond" truecount="2" falsecount="0"/>
        <line num="48" count="29" type="stmt"/>
        <line num="49" count="29" type="cond" truecount="2" falsecount="0"/>
        <line num="50" count="29" type="stmt"/>
        <line num="52" count="29" type="stmt"/>
        <line num="57" count="1" type="stmt"/>
      </file>
      <file name="MessageBubble.tsx" path="C:\Users\MyPC\EAA_Enterprise_AI_Assistant\SPEC_MVP\apps\chat-ui\src\components\chat\MessageBubble.tsx">
        <metrics statements="22" coveredstatements="22" conditionals="41" coveredconditionals="41" methods="8" coveredmethods="8"/>
        <line num="14" count="3" type="cond" truecount="1" falsecount="0"/>
        <line num="15" count="58" type="stmt"/>
        <line num="16" count="58" type="stmt"/>
        <line num="17" count="58" type="stmt"/>
        <line num="18" count="58" type="stmt"/>
        <line num="21" count="58" type="stmt"/>
        <line num="22" count="47" type="cond" truecount="4" falsecount="0"/>
        <line num="23" count="7" type="stmt"/>
        <line num="24" count="7" type="stmt"/>
        <line num="25" count="7" type="stmt"/>
        <line num="29" count="58" type="stmt"/>
        <line num="30" count="3" type="cond" truecount="5" falsecount="0"/>
        <line num="31" count="2" type="stmt"/>
        <line num="33" count="3" type="stmt"/>
        <line num="36" count="58" type="stmt"/>
        <line num="56" count="6" type="stmt"/>
        <line num="57" count="6" type="stmt"/>
        <line num="58" count="6" type="stmt"/>
        <line num="65" count="2" type="stmt"/>
        <line num="101" count="8" type="stmt"/>
        <line num="115" count="2" type="stmt"/>
        <line num="125" count="7" type="stmt"/>
      </file>
      <file name="SearchModal.tsx" path="C:\Users\MyPC\EAA_Enterprise_AI_Assistant\SPEC_MVP\apps\chat-ui\src\components\chat\SearchModal.tsx">
        <metrics statements="36" coveredstatements="36" conditionals="30" coveredconditionals="30" methods="13" coveredmethods="13"/>
        <line num="12" count="2" type="stmt"/>
        <line num="13" count="74" type="stmt"/>
        <line num="14" count="74" type="stmt"/>
        <line num="15" count="74" type="stmt"/>
        <line num="16" count="74" type="stmt"/>
        <line num="18" count="74" type="stmt"/>
        <line num="19" count="33" type="cond" truecount="2" falsecount="0"/>
        <line num="20" count="16" type="stmt"/>
        <line num="21" count="16" type="stmt"/>
        <line num="22" count="16" type="stmt"/>
        <line num="23" count="16" type="stmt"/>
        <line num="27" count="74" type="stmt"/>
        <line num="28" count="51" type="cond" truecount="2" falsecount="0"/>
        <line num="30" count="27" type="cond" truecount="2" falsecount="0"/>
        <line num="31" count="17" type="stmt"/>
        <line num="32" count="17" type="stmt"/>
        <line num="35" count="10" type="stmt"/>
        <line num="36" count="10" type="stmt"/>
        <line num="37" count="7" type="cond" truecount="4" falsecount="0"/>
        <line num="38" count="6" type="stmt"/>
        <line num="39" count="6" type="stmt"/>
        <line num="40" count="6" type="stmt"/>
        <line num="41" count="6" type="cond" truecount="2" falsecount="0"/>
        <line num="43" count="6" type="cond" truecount="2" falsecount="0"/>
        <line num="48" count="10" type="stmt"/>
        <line num="49" count="10" type="stmt"/>
        <line num="50" count="10" type="stmt"/>
        <line num="54" count="74" type="cond" truecount="2" falsecount="0"/>
        <line num="56" count="50" type="stmt"/>
        <line num="60" count="2" type="stmt"/>
        <line num="75" count="10" type="stmt"/>
        <line num="77" count="2" type="cond" truecount="2" falsecount="0"/>
        <line num="82" count="1" type="stmt"/>
        <line num="109" count="83" type="stmt"/>
        <line num="112" count="1" type="stmt"/>
        <line num="113" count="1" type="stmt"/>
      </file>
      <file name="ToolTrace.tsx" path="C:\Users\MyPC\EAA_Enterprise_AI_Assistant\SPEC_MVP\apps\chat-ui\src\components\chat\ToolTrace.tsx">
        <metrics statements="6" coveredstatements="6" conditionals="14" coveredconditionals="14" methods="2" coveredmethods="2"/>
        <line num="5" count="4" type="stmt"/>
        <line num="7" count="26" type="stmt"/>
        <line num="8" count="26" type="cond" truecount="2" falsecount="0"/>
        <line num="9" count="26" type="cond" truecount="2" falsecount="0"/>
        <line num="11" count="26" type="stmt"/>
        <line num="15" count="9" type="stmt"/>
      </file>
    </package>
    <package name="src.components.layout">
      <metrics statements="90" coveredstatements="79" conditionals="130" coveredconditionals="111" methods="38" coveredmethods="31"/>
      <file name="MainLayout.tsx" path="C:\Users\MyPC\EAA_Enterprise_AI_Assistant\SPEC_MVP\apps\chat-ui\src\components\layout\MainLayout.tsx">
        <metrics statements="22" coveredstatements="16" conditionals="10" coveredconditionals="7" methods="9" coveredmethods="6"/>
        <line num="8" count="2" type="stmt"/>
        <line num="9" count="43" type="stmt"/>
        <line num="23" count="43" type="stmt"/>
        <line num="26" count="43" type="stmt"/>
        <line num="27" count="43" type="stmt"/>
        <line num="28" count="43" type="stmt"/>
        <line num="30" count="43" type="cond" truecount="2" falsecount="0"/>
        <line num="32" count="43" type="stmt"/>
        <line num="33" count="2" type="cond" truecount="2" falsecount="2"/>
        <line num="34" count="0" type="stmt"/>
        <line num="36" count="2" type="stmt"/>
        <line num="40" count="43" type="stmt"/>
        <line num="51" count="2" type="stmt"/>
        <line num="55" count="4" type="stmt"/>
        <line num="60" count="2" type="stmt"/>
        <line num="64" count="1" type="stmt"/>
        <line num="65" count="1" type="stmt"/>
        <line num="80" count="0" type="stmt"/>
        <line num="81" count="0" type="stmt"/>
        <line num="91" count="0" type="stmt"/>
        <line num="98" count="0" type="stmt"/>
        <line num="99" count="0" type="stmt"/>
      </file>
      <file name="Sidebar.tsx" path="C:\Users\MyPC\EAA_Enterprise_AI_Assistant\SPEC_MVP\apps\chat-ui\src\components\layout\Sidebar.tsx">
        <metrics statements="68" coveredstatements="63" conditionals="120" coveredconditionals="104" methods="29" coveredmethods="25"/>
        <line num="5" count="2" type="stmt"/>
        <line num="27" count="2" type="stmt"/>
        <line num="41" count="85" type="cond" truecount="3" falsecount="1"/>
        <line num="42" count="85" type="cond" truecount="1" falsecount="1"/>
        <line num="43" count="85" type="cond" truecount="1" falsecount="1"/>
        <line num="44" count="85" type="cond" truecount="1" falsecount="1"/>
        <line num="45" count="85" type="cond" truecount="3" falsecount="0"/>
        <line num="46" count="85" type="cond" truecount="2" falsecount="1"/>
        <line num="47" count="85" type="cond" truecount="2" falsecount="0"/>
        <line num="48" count="85" type="cond" truecount="1" falsecount="1"/>
        <line num="50" count="85" type="stmt"/>
        <line num="51" count="85" type="stmt"/>
        <line num="52" count="85" type="stmt"/>
        <line num="53" count="85" type="stmt"/>
        <line num="54" count="85" type="stmt"/>
        <line num="55" count="85" type="stmt"/>
        <line num="56" count="85" type="stmt"/>
        <line num="58" count="85" type="stmt"/>
        <line num="59" count="4" type="cond" truecount="2" falsecount="0"/>
        <line num="60" count="2" type="stmt"/>
        <line num="61" count="2" type="stmt"/>
        <line num="63" count="2" type="cond" truecount="4" falsecount="0"/>
        <line num="64" count="1" type="stmt"/>
        <line num="69" count="85" type="stmt"/>
        <line num="70" count="25" type="stmt"/>
        <line num="71" count="3" type="cond" truecount="4" falsecount="0"/>
        <line num="72" count="2" type="stmt"/>
        <line num="74" count="3" type="cond" truecount="4" falsecount="0"/>
        <line num="75" count="2" type="stmt"/>
        <line num="78" count="25" type="stmt"/>
        <line num="79" count="25" type="stmt"/>
        <line num="82" count="133" type="stmt"/>
        <line num="83" count="133" type="stmt"/>
        <line num="85" count="85" type="stmt"/>
        <line num="86" count="5" type="stmt"/>
        <line num="87" count="5" type="stmt"/>
        <line num="88" count="5" type="stmt"/>
        <line num="91" count="85" type="stmt"/>
        <line num="92" count="4" type="cond" truecount="4" falsecount="0"/>
        <line num="93" count="3" type="stmt"/>
        <line num="95" count="4" type="stmt"/>
        <line num="98" count="85" type="stmt"/>
        <line num="99" count="3" type="cond" truecount="2" falsecount="0"/>
        <line num="100" count="3" type="cond" truecount="2" falsecount="0"/>
        <line num="103" count="85" type="stmt"/>
        <line num="104" count="133" type="stmt"/>
        <line num="105" count="133" type="stmt"/>
        <line num="112" count="4" type="stmt"/>
        <line num="113" count="3" type="stmt"/>
        <line num="114" count="2" type="stmt"/>
        <line num="120" count="3" type="stmt"/>
        <line num="136" count="14" type="stmt"/>
        <line num="137" count="14" type="cond" truecount="2" falsecount="0"/>
        <line num="150" count="3" type="stmt"/>
        <line num="154" count="5" type="stmt"/>
        <line num="159" count="1" type="stmt"/>
        <line num="170" count="85" type="stmt"/>
        <line num="203" count="1" type="stmt"/>
        <line num="216" count="2" type="stmt"/>
        <line num="227" count="2" type="cond" truecount="1" falsecount="1"/>
        <line num="285" count="0" type="stmt"/>
        <line num="295" count="0" type="stmt"/>
        <line num="313" count="0" type="stmt"/>
        <line num="314" count="0" type="stmt"/>
        <line num="325" count="2" type="stmt"/>
        <line num="326" count="2" type="stmt"/>
        <line num="337" count="5" type="stmt"/>
        <line num="358" count="0" type="stmt"/>
      </file>
    </package>
    <package name="src.contexts">
      <metrics statements="24" coveredstatements="23" conditionals="4" coveredconditionals="4" methods="6" coveredmethods="6"/>
      <file name="AuthContext.tsx" path="C:\Users\MyPC\EAA_Enterprise_AI_Assistant\SPEC_MVP\apps\chat-ui\src\contexts\AuthContext.tsx">
        <metrics statements="24" coveredstatements="23" conditionals="4" coveredconditionals="4" methods="6" coveredmethods="6"/>
        <line num="10" count="2" type="stmt"/>
        <line num="12" count="2" type="stmt"/>
        <line num="13" count="19" type="stmt"/>
        <line num="14" count="19" type="stmt"/>
        <line num="15" count="10" type="stmt"/>
        <line num="16" count="10" type="stmt"/>
        <line num="17" count="10" type="cond" truecount="2" falsecount="0"/>
        <line num="19" count="0" type="stmt"/>
        <line num="23" count="19" type="stmt"/>
        <line num="24" count="8" type="stmt"/>
        <line num="25" count="8" type="stmt"/>
        <line num="26" count="8" type="stmt"/>
        <line num="27" count="8" type="stmt"/>
        <line num="30" count="19" type="stmt"/>
        <line num="31" count="2" type="stmt"/>
        <line num="32" count="2" type="stmt"/>
        <line num="33" count="2" type="stmt"/>
        <line num="34" count="2" type="stmt"/>
        <line num="37" count="19" type="stmt"/>
        <line num="44" count="2" type="stmt"/>
        <line num="45" count="104" type="stmt"/>
        <line num="46" count="104" type="cond" truecount="2" falsecount="0"/>
        <line num="47" count="2" type="stmt"/>
        <line num="49" count="101" type="stmt"/>
      </file>
    </package>
    <package name="src.hooks">
      <metrics statements="154" coveredstatements="148" conditionals="128" coveredconditionals="108" methods="33" coveredmethods="30"/>
      <file name="useChat.ts" path="C:\Users\MyPC\EAA_Enterprise_AI_Assistant\SPEC_MVP\apps\chat-ui\src\hooks\useChat.ts">
        <metrics statements="154" coveredstatements="148" conditionals="128" coveredconditionals="108" methods="33" coveredmethods="30"/>
        <line num="5" count="2" type="stmt"/>
        <line num="6" count="42" type="cond" truecount="2" falsecount="0"/>
        <line num="7" count="42" type="stmt"/>
        <line num="8" count="42" type="stmt"/>
        <line num="9" count="42" type="stmt"/>
        <line num="24" count="2" type="stmt"/>
        <line num="25" count="183" type="stmt"/>
        <line num="26" count="183" type="stmt"/>
        <line num="27" count="183" type="stmt"/>
        <line num="28" count="183" type="stmt"/>
        <line num="30" count="183" type="stmt"/>
        <line num="33" count="183" type="stmt"/>
        <line num="34" count="45" type="stmt"/>
        <line num="35" count="45" type="stmt"/>
        <line num="38" count="45" type="cond" truecount="2" falsecount="0"/>
        <line num="39" count="42" type="stmt"/>
        <line num="40" count="42" type="cond" truecount="2" falsecount="0"/>
        <line num="41" count="30" type="cond" truecount="2" falsecount="0"/>
        <line num="42" count="30" type="cond" truecount="2" falsecount="0"/>
        <line num="43" count="2" type="stmt"/>
        <line num="45" count="30" type="stmt"/>
        <line num="54" count="42" type="cond" truecount="2" falsecount="0"/>
        <line num="55" count="14" type="stmt"/>
        <line num="62" count="14" type="stmt"/>
        <line num="63" count="14" type="stmt"/>
        <line num="64" count="14" type="stmt"/>
        <line num="65" count="14" type="stmt"/>
        <line num="67" count="28" type="stmt"/>
        <line num="68" count="28" type="cond" truecount="4" falsecount="0"/>
        <line num="69" count="1" type="stmt"/>
        <line num="71" count="28" type="stmt"/>
        <line num="75" count="3" type="stmt"/>
        <line num="77" count="3" type="stmt"/>
        <line num="81" count="183" type="stmt"/>
        <line num="82" count="7" type="cond" truecount="4" falsecount="0"/>
        <line num="83" count="6" type="stmt"/>
        <line num="84" count="6" type="stmt"/>
        <line num="87" count="5" type="cond" truecount="2" falsecount="0"/>
        <line num="88" count="4" type="stmt"/>
        <line num="89" count="4" type="cond" truecount="2" falsecount="0"/>
        <line num="99" count="1" type="stmt"/>
        <line num="101" count="2" type="stmt"/>
        <line num="105" count="183" type="stmt"/>
        <line num="106" count="73" type="cond" truecount="2" falsecount="0"/>
        <line num="107" count="47" type="stmt"/>
        <line num="108" count="47" type="stmt"/>
        <line num="110" count="26" type="stmt"/>
        <line num="111" count="26" type="stmt"/>
        <line num="112" count="26" type="stmt"/>
        <line num="115" count="26" type="cond" truecount="2" falsecount="0"/>
        <line num="116" count="14" type="stmt"/>
        <line num="117" count="26" type="cond" truecount="2" falsecount="0"/>
        <line num="124" count="14" type="stmt"/>
        <line num="127" count="12" type="stmt"/>
        <line num="129" count="26" type="stmt"/>
        <line num="134" count="183" type="stmt"/>
        <line num="135" count="43" type="cond" truecount="2" falsecount="0"/>
        <line num="136" count="43" type="cond" truecount="5" falsecount="0"/>
        <line num="137" count="39" type="stmt"/>
        <line num="138" count="39" type="stmt"/>
        <line num="139" count="39" type="stmt"/>
        <line num="141" count="4" type="stmt"/>
        <line num="142" count="4" type="stmt"/>
        <line num="143" count="4" type="stmt"/>
        <line num="148" count="183" type="stmt"/>
        <line num="149" count="59" type="cond" truecount="2" falsecount="0"/>
        <line num="150" count="59" type="cond" truecount="4" falsecount="0"/>
        <line num="151" count="55" type="stmt"/>
        <line num="155" count="183" type="stmt"/>
        <line num="156" count="12" type="stmt"/>
        <line num="157" count="12" type="cond" truecount="3" falsecount="1"/>
        <line num="158" count="12" type="stmt"/>
        <line num="159" count="0" type="cond" truecount="0" falsecount="2"/>
        <line num="160" count="0" type="stmt"/>
        <line num="164" count="183" type="stmt"/>
        <line num="165" count="2" type="stmt"/>
        <line num="166" count="2" type="stmt"/>
        <line num="169" count="183" type="stmt"/>
        <line num="170" count="7" type="cond" truecount="2" falsecount="0"/>
        <line num="171" count="7" type="stmt"/>
        <line num="172" count="7" type="cond" truecount="2" falsecount="0"/>
        <line num="180" count="7" type="stmt"/>
        <line num="181" count="7" type="cond" truecount="4" falsecount="0"/>
        <line num="182" count="6" type="stmt"/>
        <line num="183" count="6" type="stmt"/>
        <line num="186" count="7" type="cond" truecount="5" falsecount="0"/>
        <line num="187" count="6" type="stmt"/>
        <line num="188" count="6" type="stmt"/>
        <line num="193" count="1" type="stmt"/>
        <line num="198" count="183" type="stmt"/>
        <line num="199" count="5" type="stmt"/>
        <line num="201" count="5" type="stmt"/>
        <line num="202" count="5" type="cond" truecount="1" falsecount="1"/>
        <line num="204" count="5" type="stmt"/>
        <line num="211" count="5" type="stmt"/>
        <line num="212" count="5" type="stmt"/>
        <line num="214" count="5" type="stmt"/>
        <line num="215" count="5" type="stmt"/>
        <line num="228" count="4" type="cond" truecount="2" falsecount="0"/>
        <line num="229" count="1" type="stmt"/>
        <line num="232" count="3" type="cond" truecount="1" falsecount="1"/>
        <line num="233" count="5" type="cond" truecount="2" falsecount="0"/>
        <line num="235" count="5" type="cond" truecount="1" falsecount="1"/>
        <line num="236" count="0" type="stmt"/>
        <line num="243" count="0" type="stmt"/>
        <line num="245" count="3" type="cond" truecount="5" falsecount="0"/>
        <line num="247" count="3" type="stmt"/>
        <line num="248" count="3" type="cond" truecount="2" falsecount="0"/>
        <line num="249" count="3" type="cond" truecount="1" falsecount="1"/>
        <line num="251" count="3" type="stmt"/>
        <line num="252" count="3" type="stmt"/>
        <line num="255" count="2" type="stmt"/>
        <line num="256" count="2" type="stmt"/>
        <line num="262" count="2" type="stmt"/>
        <line num="264" count="5" type="stmt"/>
        <line num="268" count="183" type="stmt"/>
        <line num="269" count="6" type="stmt"/>
        <line num="270" count="6" type="stmt"/>
        <line num="277" count="6" type="stmt"/>
        <line num="278" count="6" type="stmt"/>
        <line num="280" count="6" type="stmt"/>
        <line num="281" count="6" type="stmt"/>
        <line num="293" count="5" type="cond" truecount="2" falsecount="0"/>
        <line num="294" count="2" type="stmt"/>
        <line num="297" count="3" type="stmt"/>
        <line num="298" count="3" type="cond" truecount="2" falsecount="0"/>
        <line num="300" count="6" type="cond" truecount="1" falsecount="1"/>
        <line num="301" count="0" type="stmt"/>
        <line num="308" count="0" type="stmt"/>
        <line num="310" count="3" type="cond" truecount="1" falsecount="4"/>
        <line num="312" count="3" type="stmt"/>
        <line num="313" count="3" type="cond" truecount="2" falsecount="0"/>
        <line num="314" count="3" type="cond" truecount="2" falsecount="0"/>
        <line num="316" count="3" type="stmt"/>
        <line num="317" count="3" type="stmt"/>
        <line num="320" count="3" type="stmt"/>
        <line num="321" count="3" type="stmt"/>
        <line num="327" count="3" type="stmt"/>
        <line num="329" count="6" type="stmt"/>
        <line num="333" count="183" type="stmt"/>
        <line num="334" count="6" type="cond" truecount="2" falsecount="0"/>
        <line num="337" count="5" type="stmt"/>
        <line num="338" count="6" type="cond" truecount="2" falsecount="0"/>
        <line num="341" count="5" type="stmt"/>
        <line num="342" count="5" type="stmt"/>
        <line num="351" count="2" type="stmt"/>
        <line num="355" count="183" type="stmt"/>
        <line num="356" count="5" type="cond" truecount="2" falsecount="0"/>
        <line num="359" count="4" type="stmt"/>
        <line num="360" count="5" type="cond" truecount="2" falsecount="0"/>
        <line num="363" count="4" type="stmt"/>
        <line num="364" count="4" type="stmt"/>
        <line num="373" count="1" type="stmt"/>
        <line num="377" count="183" type="stmt"/>
      </file>
    </package>
  </project>
</coverage>
