{"C:\\Users\\MyPC\\EAA_Enterprise_AI_Assistant\\SPEC_MVP\\apps\\chat-ui\\src\\App.tsx": {"path":"C:\\Users\\MyPC\\EAA_Enterprise_AI_Assistant\\SPEC_MVP\\apps\\chat-ui\\src\\App.tsx","statementMap":{"0":{"start":{"line":6,"column":10},"end":{"line":6,"column":null}},"1":{"start":{"line":8,"column":2},"end":{"line":10,"column":null}},"2":{"start":{"line":9,"column":4},"end":{"line":9,"column":null}},"3":{"start":{"line":12,"column":2},"end":{"line":12,"column":null}},"4":{"start":{"line":16,"column":2},"end":{"line":19,"column":null}}},"fnMap":{"0":{"name":"AppContent","decl":{"start":{"line":5,"column":9},"end":{"line":5,"column":22}},"loc":{"start":{"line":5,"column":22},"end":{"line":13,"column":null}},"line":5},"1":{"name":"App","decl":{"start":{"line":15,"column":9},"end":{"line":15,"column":15}},"loc":{"start":{"line":15,"column":15},"end":{"line":21,"column":null}},"line":15}},"branchMap":{"0":{"loc":{"start":{"line":8,"column":2},"end":{"line":10,"column":null}},"type":"if","locations":[{"start":{"line":8,"column":2},"end":{"line":10,"column":null}},{"start":{},"end":{}}],"line":8}},"s":{"0":14,"1":14,"2":8,"3":6,"4":7},"f":{"0":14,"1":7},"b":{"0":[8,6]},"meta":{"lastBranch":1,"lastFunction":2,"lastStatement":5,"seen":{"f:5:9:5:22":0,"s:6:10:6:Infinity":0,"b:8:2:10:Infinity:undefined:undefined:undefined:undefined":0,"s:8:2:10:Infinity":1,"s:9:4:9:Infinity":2,"s:12:2:12:Infinity":3,"f:15:9:15:15":1,"s:16:2:19:Infinity":4},"fnNames":{}}}
,"C:\\Users\\MyPC\\EAA_Enterprise_AI_Assistant\\SPEC_MVP\\apps\\chat-ui\\src\\components\\auth\\LoginScreen.tsx": {"path":"C:\\Users\\MyPC\\EAA_Enterprise_AI_Assistant\\SPEC_MVP\\apps\\chat-ui\\src\\components\\auth\\LoginScreen.tsx","statementMap":{"0":{"start":{"line":4,"column":6},"end":{"line":131,"column":null}},"1":{"start":{"line":5,"column":10},"end":{"line":5,"column":null}},"2":{"start":{"line":6,"column":19},"end":{"line":6,"column":null}},"3":{"start":{"line":7,"column":19},"end":{"line":7,"column":null}},"4":{"start":{"line":8,"column":16},"end":{"line":8,"column":null}},"5":{"start":{"line":9,"column":20},"end":{"line":9,"column":null}},"6":{"start":{"line":10,"column":23},"end":{"line":10,"column":null}},"7":{"start":{"line":12,"column":23},"end":{"line":40,"column":null}},"8":{"start":{"line":13,"column":4},"end":{"line":13,"column":null}},"9":{"start":{"line":14,"column":4},"end":{"line":17,"column":null}},"10":{"start":{"line":15,"column":6},"end":{"line":15,"column":null}},"11":{"start":{"line":16,"column":6},"end":{"line":16,"column":null}},"12":{"start":{"line":19,"column":4},"end":{"line":19,"column":null}},"13":{"start":{"line":20,"column":4},"end":{"line":20,"column":null}},"14":{"start":{"line":22,"column":4},"end":{"line":39,"column":null}},"15":{"start":{"line":23,"column":23},"end":{"line":27,"column":null}},"16":{"start":{"line":29,"column":6},"end":{"line":34,"column":null}},"17":{"start":{"line":30,"column":21},"end":{"line":30,"column":null}},"18":{"start":{"line":31,"column":8},"end":{"line":31,"column":null}},"19":{"start":{"line":33,"column":8},"end":{"line":33,"column":null}},"20":{"start":{"line":36,"column":6},"end":{"line":36,"column":null}},"21":{"start":{"line":38,"column":6},"end":{"line":38,"column":null}},"22":{"start":{"line":42,"column":2},"end":{"line":129,"column":null}},"23":{"start":{"line":74,"column":31},"end":{"line":74,"column":null}},"24":{"start":{"line":89,"column":33},"end":{"line":89,"column":null}},"25":{"start":{"line":96,"column":31},"end":{"line":96,"column":null}}},"fnMap":{"0":{"name":"(anonymous_0)","decl":{"start":{"line":4,"column":6},"end":{"line":4,"column":36}},"loc":{"start":{"line":4,"column":36},"end":{"line":131,"column":null}},"line":4},"1":{"name":"(anonymous_1)","decl":{"start":{"line":12,"column":23},"end":{"line":12,"column":30}},"loc":{"start":{"line":12,"column":53},"end":{"line":40,"column":null}},"line":12},"2":{"name":"(anonymous_2)","decl":{"start":{"line":74,"column":14},"end":{"line":74,"column":25}},"loc":{"start":{"line":74,"column":31},"end":{"line":74,"column":null}},"line":74},"3":{"name":"(anonymous_3)","decl":{"start":{"line":89,"column":16},"end":{"line":89,"column":27}},"loc":{"start":{"line":89,"column":33},"end":{"line":89,"column":null}},"line":89},"4":{"name":"(anonymous_4)","decl":{"start":{"line":96,"column":16},"end":{"line":96,"column":31}},"loc":{"start":{"line":96,"column":31},"end":{"line":96,"column":null}},"line":96}},"branchMap":{"0":{"loc":{"start":{"line":14,"column":4},"end":{"line":17,"column":null}},"type":"if","locations":[{"start":{"line":14,"column":4},"end":{"line":17,"column":null}},{"start":{},"end":{}}],"line":14},"1":{"loc":{"start":{"line":14,"column":8},"end":{"line":14,"column":32}},"type":"binary-expr","locations":[{"start":{"line":14,"column":8},"end":{"line":14,"column":21}},{"start":{"line":14,"column":21},"end":{"line":14,"column":32}}],"line":14},"2":{"loc":{"start":{"line":29,"column":6},"end":{"line":34,"column":null}},"type":"if","locations":[{"start":{"line":29,"column":6},"end":{"line":34,"column":null}},{"start":{"line":32,"column":13},"end":{"line":34,"column":null}}],"line":29},"3":{"loc":{"start":{"line":60,"column":9},"end":{"line":63,"column":null}},"type":"binary-expr","locations":[{"start":{"line":60,"column":9},"end":{"line":60,"column":null}},{"start":{"line":61,"column":10},"end":{"line":63,"column":null}}],"line":60},"4":{"loc":{"start":{"line":87,"column":22},"end":{"line":87,"column":null}},"type":"cond-expr","locations":[{"start":{"line":87,"column":37},"end":{"line":87,"column":46}},{"start":{"line":87,"column":46},"end":{"line":87,"column":null}}],"line":87},"5":{"loc":{"start":{"line":99,"column":17},"end":{"line":107,"column":null}},"type":"cond-expr","locations":[{"start":{"line":100,"column":18},"end":{"line":104,"column":19}},{"start":{"line":104,"column":18},"end":{"line":107,"column":null}}],"line":99},"6":{"loc":{"start":{"line":118,"column":13},"end":{"line":124,"column":null}},"type":"cond-expr","locations":[{"start":{"line":119,"column":14},"end":{"line":124,"column":null}},{"start":{"line":124,"column":14},"end":{"line":124,"column":null}}],"line":118}},"s":{"0":2,"1":66,"2":66,"3":66,"4":66,"5":66,"6":66,"7":66,"8":14,"9":14,"10":1,"11":1,"12":13,"13":13,"14":13,"15":13,"16":12,"17":7,"18":7,"19":5,"20":1,"21":13,"22":66,"23":13,"24":13,"25":2},"f":{"0":66,"1":14,"2":13,"3":13,"4":2},"b":{"0":[1,13],"1":[14,13],"2":[7,5],"3":[66,7],"4":[1,65],"5":[1,65],"6":[13,53]},"meta":{"lastBranch":7,"lastFunction":5,"lastStatement":26,"seen":{"s:4:6:131:Infinity":0,"f:4:6:4:36":0,"s:5:10:5:Infinity":1,"s:6:19:6:Infinity":2,"s:7:19:7:Infinity":3,"s:8:16:8:Infinity":4,"s:9:20:9:Infinity":5,"s:10:23:10:Infinity":6,"s:12:23:40:Infinity":7,"f:12:23:12:30":1,"s:13:4:13:Infinity":8,"b:14:4:17:Infinity:undefined:undefined:undefined:undefined":0,"s:14:4:17:Infinity":9,"b:14:8:14:21:14:21:14:32":1,"s:15:6:15:Infinity":10,"s:16:6:16:Infinity":11,"s:19:4:19:Infinity":12,"s:20:4:20:Infinity":13,"s:22:4:39:Infinity":14,"s:23:23:27:Infinity":15,"b:29:6:34:Infinity:32:13:34:Infinity":2,"s:29:6:34:Infinity":16,"s:30:21:30:Infinity":17,"s:31:8:31:Infinity":18,"s:33:8:33:Infinity":19,"s:36:6:36:Infinity":20,"s:38:6:38:Infinity":21,"s:42:2:129:Infinity":22,"b:60:9:60:Infinity:61:10:63:Infinity":3,"f:74:14:74:25":2,"s:74:31:74:Infinity":23,"b:87:37:87:46:87:46:87:Infinity":4,"f:89:16:89:27":3,"s:89:33:89:Infinity":24,"f:96:16:96:31":4,"s:96:31:96:Infinity":25,"b:100:18:104:19:104:18:107:Infinity":5,"b:119:14:124:Infinity:124:14:124:Infinity":6},"fnNames":{}}}
,"C:\\Users\\MyPC\\EAA_Enterprise_AI_Assistant\\SPEC_MVP\\apps\\chat-ui\\src\\components\\chat\\ChatInput.tsx": {"path":"C:\\Users\\MyPC\\EAA_Enterprise_AI_Assistant\\SPEC_MVP\\apps\\chat-ui\\src\\components\\chat\\ChatInput.tsx","statementMap":{"0":{"start":{"line":10,"column":22},"end":{"line":16,"column":null}},"1":{"start":{"line":18,"column":6},"end":{"line":103,"column":null}},"2":{"start":{"line":19,"column":16},"end":{"line":19,"column":null}},"3":{"start":{"line":20,"column":22},"end":{"line":20,"column":null}},"4":{"start":{"line":21,"column":8},"end":{"line":21,"column":null}},"5":{"start":{"line":23,"column":2},"end":{"line":29,"column":null}},"6":{"start":{"line":24,"column":4},"end":{"line":28,"column":null}},"7":{"start":{"line":25,"column":6},"end":{"line":27,"column":null}},"8":{"start":{"line":26,"column":8},"end":{"line":26,"column":null}},"9":{"start":{"line":31,"column":2},"end":{"line":41,"column":null}},"10":{"start":{"line":32,"column":10},"end":{"line":38,"column":null}},"11":{"start":{"line":33,"column":26},"end":{"line":33,"column":null}},"12":{"start":{"line":34,"column":6},"end":{"line":34,"column":null}},"13":{"start":{"line":35,"column":6},"end":{"line":37,"column":null}},"14":{"start":{"line":36,"column":8},"end":{"line":36,"column":null}},"15":{"start":{"line":39,"column":4},"end":{"line":39,"column":null}},"16":{"start":{"line":40,"column":4},"end":{"line":40,"column":null}},"17":{"start":{"line":40,"column":17},"end":{"line":40,"column":null}},"18":{"start":{"line":43,"column":8},"end":{"line":49,"column":null}},"19":{"start":{"line":44,"column":4},"end":{"line":44,"column":null}},"20":{"start":{"line":45,"column":4},"end":{"line":48,"column":null}},"21":{"start":{"line":46,"column":6},"end":{"line":46,"column":null}},"22":{"start":{"line":47,"column":6},"end":{"line":47,"column":null}},"23":{"start":{"line":51,"column":2},"end":{"line":101,"column":null}},"24":{"start":{"line":57,"column":25},"end":{"line":57,"column":null}},"25":{"start":{"line":68,"column":12},"end":{"line":75,"column":null}},"26":{"start":{"line":70,"column":29},"end":{"line":70,"column":null}},"27":{"start":{"line":86,"column":27},"end":{"line":86,"column":null}}},"fnMap":{"0":{"name":"(anonymous_0)","decl":{"start":{"line":18,"column":6},"end":{"line":18,"column":45}},"loc":{"start":{"line":18,"column":98},"end":{"line":103,"column":null}},"line":18},"1":{"name":"(anonymous_1)","decl":{"start":{"line":23,"column":2},"end":{"line":23,"column":18}},"loc":{"start":{"line":23,"column":18},"end":{"line":29,"column":5}},"line":23},"2":{"name":"(anonymous_2)","decl":{"start":{"line":25,"column":6},"end":{"line":25,"column":23}},"loc":{"start":{"line":25,"column":23},"end":{"line":27,"column":9}},"line":25},"3":{"name":"(anonymous_3)","decl":{"start":{"line":31,"column":2},"end":{"line":31,"column":18}},"loc":{"start":{"line":31,"column":18},"end":{"line":41,"column":5}},"line":31},"4":{"name":"(anonymous_4)","decl":{"start":{"line":32,"column":10},"end":{"line":32,"column":30}},"loc":{"start":{"line":32,"column":43},"end":{"line":38,"column":null}},"line":32},"5":{"name":"(anonymous_5)","decl":{"start":{"line":35,"column":6},"end":{"line":35,"column":23}},"loc":{"start":{"line":35,"column":23},"end":{"line":37,"column":9}},"line":35},"6":{"name":"(anonymous_6)","decl":{"start":{"line":40,"column":4},"end":{"line":40,"column":17}},"loc":{"start":{"line":40,"column":17},"end":{"line":40,"column":null}},"line":40},"7":{"name":"(anonymous_7)","decl":{"start":{"line":43,"column":8},"end":{"line":43,"column":24}},"loc":{"start":{"line":43,"column":47},"end":{"line":49,"column":null}},"line":43},"8":{"name":"(anonymous_8)","decl":{"start":{"line":57,"column":10},"end":{"line":57,"column":25}},"loc":{"start":{"line":57,"column":25},"end":{"line":57,"column":null}},"line":57},"9":{"name":"(anonymous_9)","decl":{"start":{"line":67,"column":25},"end":{"line":67,"column":30}},"loc":{"start":{"line":68,"column":12},"end":{"line":75,"column":null}},"line":68},"10":{"name":"(anonymous_10)","decl":{"start":{"line":70,"column":14},"end":{"line":70,"column":29}},"loc":{"start":{"line":70,"column":29},"end":{"line":70,"column":null}},"line":70},"11":{"name":"(anonymous_11)","decl":{"start":{"line":86,"column":10},"end":{"line":86,"column":21}},"loc":{"start":{"line":86,"column":27},"end":{"line":86,"column":null}},"line":86}},"branchMap":{"0":{"loc":{"start":{"line":18,"column":73},"end":{"line":18,"column":98}},"type":"default-arg","locations":[{"start":{"line":18,"column":86},"end":{"line":18,"column":98}}],"line":18},"1":{"loc":{"start":{"line":24,"column":4},"end":{"line":28,"column":null}},"type":"if","locations":[{"start":{"line":24,"column":4},"end":{"line":28,"column":null}},{"start":{},"end":{}}],"line":24},"2":{"loc":{"start":{"line":45,"column":4},"end":{"line":48,"column":null}},"type":"if","locations":[{"start":{"line":45,"column":4},"end":{"line":48,"column":null}},{"start":{},"end":{}}],"line":45},"3":{"loc":{"start":{"line":45,"column":8},"end":{"line":45,"column":36}},"type":"binary-expr","locations":[{"start":{"line":45,"column":8},"end":{"line":45,"column":24}},{"start":{"line":45,"column":24},"end":{"line":45,"column":36}}],"line":45},"4":{"loc":{"start":{"line":52,"column":27},"end":{"line":52,"column":null}},"type":"cond-expr","locations":[{"start":{"line":52,"column":40},"end":{"line":52,"column":66}},{"start":{"line":52,"column":66},"end":{"line":52,"column":null}}],"line":52},"5":{"loc":{"start":{"line":60,"column":71},"end":{"line":60,"column":106}},"type":"cond-expr","locations":[{"start":{"line":60,"column":85},"end":{"line":60,"column":100}},{"start":{"line":60,"column":100},"end":{"line":60,"column":106}}],"line":60},"6":{"loc":{"start":{"line":63,"column":11},"end":{"line":63,"column":null}},"type":"cond-expr","locations":[{"start":{"line":63,"column":25},"end":{"line":63,"column":43}},{"start":{"line":63,"column":43},"end":{"line":63,"column":null}}],"line":63},"7":{"loc":{"start":{"line":66,"column":92},"end":{"line":66,"column":null}},"type":"cond-expr","locations":[{"start":{"line":66,"column":106},"end":{"line":66,"column":131}},{"start":{"line":66,"column":131},"end":{"line":66,"column":null}}],"line":66},"8":{"loc":{"start":{"line":93,"column":20},"end":{"line":93,"column":null}},"type":"binary-expr","locations":[{"start":{"line":93,"column":20},"end":{"line":93,"column":33}},{"start":{"line":93,"column":33},"end":{"line":93,"column":null}}],"line":93}},"s":{"0":3,"1":3,"2":60,"3":60,"4":60,"5":60,"6":35,"7":29,"8":28,"9":60,"10":30,"11":1,"12":1,"13":1,"14":1,"15":30,"16":30,"17":30,"18":60,"19":7,"20":7,"21":5,"22":5,"23":60,"24":2,"25":300,"26":1,"27":6},"f":{"0":60,"1":35,"2":28,"3":30,"4":1,"5":1,"6":30,"7":7,"8":2,"9":300,"10":1,"11":6},"b":{"0":[60],"1":[29,6],"2":[5,2],"3":[7,5],"4":[26,34],"5":[1,59],"6":[1,59],"7":[1,59],"8":[60,54]},"meta":{"lastBranch":9,"lastFunction":12,"lastStatement":28,"seen":{"s:10:22:16:Infinity":0,"s:18:6:103:Infinity":1,"f:18:6:18:45":0,"b:18:86:18:98":0,"s:19:16:19:Infinity":2,"s:20:22:20:Infinity":3,"s:21:8:21:Infinity":4,"s:23:2:29:Infinity":5,"f:23:2:23:18":1,"b:24:4:28:Infinity:undefined:undefined:undefined:undefined":1,"s:24:4:28:Infinity":6,"s:25:6:27:Infinity":7,"f:25:6:25:23":2,"s:26:8:26:Infinity":8,"s:31:2:41:Infinity":9,"f:31:2:31:18":3,"s:32:10:38:Infinity":10,"f:32:10:32:30":4,"s:33:26:33:Infinity":11,"s:34:6:34:Infinity":12,"s:35:6:37:Infinity":13,"f:35:6:35:23":5,"s:36:8:36:Infinity":14,"s:39:4:39:Infinity":15,"s:40:4:40:Infinity":16,"f:40:4:40:17":6,"s:40:17:40:Infinity":17,"s:43:8:49:Infinity":18,"f:43:8:43:24":7,"s:44:4:44:Infinity":19,"b:45:4:48:Infinity:undefined:undefined:undefined:undefined":2,"s:45:4:48:Infinity":20,"b:45:8:45:24:45:24:45:36":3,"s:46:6:46:Infinity":21,"s:47:6:47:Infinity":22,"s:51:2:101:Infinity":23,"b:52:40:52:66:52:66:52:Infinity":4,"f:57:10:57:25":8,"s:57:25:57:Infinity":24,"b:60:85:60:100:60:100:60:106":5,"b:63:25:63:43:63:43:63:Infinity":6,"b:66:106:66:131:66:131:66:Infinity":7,"f:67:25:67:30":9,"s:68:12:75:Infinity":25,"f:70:14:70:29":10,"s:70:29:70:Infinity":26,"f:86:10:86:21":11,"s:86:27:86:Infinity":27,"b:93:20:93:33:93:33:93:Infinity":8},"fnNames":{}}}
,"C:\\Users\\MyPC\\EAA_Enterprise_AI_Assistant\\SPEC_MVP\\apps\\chat-ui\\src\\components\\chat\\ChatWindow.tsx": {"path":"C:\\Users\\MyPC\\EAA_Enterprise_AI_Assistant\\SPEC_MVP\\apps\\chat-ui\\src\\components\\chat\\ChatWindow.tsx","statementMap":{"0":{"start":{"line":13,"column":6},"end":{"line":81,"column":null}},"1":{"start":{"line":14,"column":8},"end":{"line":14,"column":null}},"2":{"start":{"line":16,"column":2},"end":{"line":18,"column":null}},"3":{"start":{"line":17,"column":4},"end":{"line":17,"column":null}},"4":{"start":{"line":20,"column":2},"end":{"line":39,"column":null}},"5":{"start":{"line":21,"column":4},"end":{"line":37,"column":null}},"6":{"start":{"line":41,"column":2},"end":{"line":79,"column":null}},"7":{"start":{"line":47,"column":28},"end":{"line":47,"column":null}},"8":{"start":{"line":48,"column":32},"end":{"line":48,"column":null}},"9":{"start":{"line":49,"column":29},"end":{"line":49,"column":null}},"10":{"start":{"line":50,"column":34},"end":{"line":50,"column":null}},"11":{"start":{"line":52,"column":12},"end":{"line":58,"column":null}},"12":{"start":{"line":57,"column":39},"end":{"line":57,"column":null}}},"fnMap":{"0":{"name":"(anonymous_0)","decl":{"start":{"line":13,"column":6},"end":{"line":13,"column":47}},"loc":{"start":{"line":13,"column":101},"end":{"line":81,"column":null}},"line":13},"1":{"name":"(anonymous_1)","decl":{"start":{"line":16,"column":2},"end":{"line":16,"column":18}},"loc":{"start":{"line":16,"column":18},"end":{"line":18,"column":5}},"line":16},"2":{"name":"(anonymous_2)","decl":{"start":{"line":46,"column":20},"end":{"line":46,"column":25}},"loc":{"start":{"line":46,"column":40},"end":{"line":60,"column":11}},"line":46},"3":{"name":"(anonymous_3)","decl":{"start":{"line":57,"column":16},"end":{"line":57,"column":27}},"loc":{"start":{"line":57,"column":39},"end":{"line":57,"column":null}},"line":57}},"branchMap":{"0":{"loc":{"start":{"line":20,"column":2},"end":{"line":39,"column":null}},"type":"if","locations":[{"start":{"line":20,"column":2},"end":{"line":39,"column":null}},{"start":{},"end":{}}],"line":20},"1":{"loc":{"start":{"line":47,"column":28},"end":{"line":47,"column":null}},"type":"cond-expr","locations":[{"start":{"line":47,"column":40},"end":{"line":47,"column":62}},{"start":{"line":47,"column":62},"end":{"line":47,"column":null}}],"line":47},"2":{"loc":{"start":{"line":49,"column":29},"end":{"line":49,"column":null}},"type":"cond-expr","locations":[{"start":{"line":49,"column":39},"end":{"line":49,"column":76}},{"start":{"line":49,"column":76},"end":{"line":49,"column":null}}],"line":49},"3":{"loc":{"start":{"line":63,"column":11},"end":{"line":71,"column":null}},"type":"binary-expr","locations":[{"start":{"line":63,"column":11},"end":{"line":63,"column":null}},{"start":{"line":64,"column":12},"end":{"line":71,"column":null}}],"line":63}},"s":{"0":2,"1":39,"2":39,"3":34,"4":39,"5":22,"6":17,"7":29,"8":29,"9":29,"10":29,"11":29,"12":1},"f":{"0":39,"1":34,"2":29,"3":1},"b":{"0":[22,17],"1":[12,17],"2":[12,17],"3":[17,3]},"meta":{"lastBranch":4,"lastFunction":4,"lastStatement":13,"seen":{"s:13:6:81:Infinity":0,"f:13:6:13:47":0,"s:14:8:14:Infinity":1,"s:16:2:18:Infinity":2,"f:16:2:16:18":1,"s:17:4:17:Infinity":3,"b:20:2:39:Infinity:undefined:undefined:undefined:undefined":0,"s:20:2:39:Infinity":4,"s:21:4:37:Infinity":5,"s:41:2:79:Infinity":6,"f:46:20:46:25":2,"s:47:28:47:Infinity":7,"b:47:40:47:62:47:62:47:Infinity":1,"s:48:32:48:Infinity":8,"s:49:29:49:Infinity":9,"b:49:39:49:76:49:76:49:Infinity":2,"s:50:34:50:Infinity":10,"s:52:12:58:Infinity":11,"f:57:16:57:27":3,"s:57:39:57:Infinity":12,"b:63:11:63:Infinity:64:12:71:Infinity":3},"fnNames":{}}}
,"C:\\Users\\MyPC\\EAA_Enterprise_AI_Assistant\\SPEC_MVP\\apps\\chat-ui\\src\\components\\chat\\MessageBubble.tsx": {"path":"C:\\Users\\MyPC\\EAA_Enterprise_AI_Assistant\\SPEC_MVP\\apps\\chat-ui\\src\\components\\chat\\MessageBubble.tsx","statementMap":{"0":{"start":{"line":28,"column":6},"end":{"line":155,"column":null}},"1":{"start":{"line":29,"column":15},"end":{"line":29,"column":null}},"2":{"start":{"line":30,"column":20},"end":{"line":30,"column":null}},"3":{"start":{"line":31,"column":22},"end":{"line":31,"column":null}},"4":{"start":{"line":32,"column":8},"end":{"line":32,"column":null}},"5":{"start":{"line":35,"column":2},"end":{"line":41,"column":null}},"6":{"start":{"line":36,"column":4},"end":{"line":40,"column":null}},"7":{"start":{"line":37,"column":6},"end":{"line":37,"column":null}},"8":{"start":{"line":38,"column":6},"end":{"line":38,"column":null}},"9":{"start":{"line":39,"column":6},"end":{"line":39,"column":null}},"10":{"start":{"line":43,"column":8},"end":{"line":48,"column":null}},"11":{"start":{"line":44,"column":4},"end":{"line":46,"column":null}},"12":{"start":{"line":45,"column":6},"end":{"line":45,"column":null}},"13":{"start":{"line":47,"column":4},"end":{"line":47,"column":null}},"14":{"start":{"line":50,"column":2},"end":{"line":153,"column":null}},"15":{"start":{"line":70,"column":20},"end":{"line":70,"column":null}},"16":{"start":{"line":71,"column":20},"end":{"line":71,"column":null}},"17":{"start":{"line":72,"column":20},"end":{"line":72,"column":null}},"18":{"start":{"line":79,"column":37},"end":{"line":79,"column":58}},"19":{"start":{"line":79,"column":58},"end":{"line":79,"column":91}},"20":{"start":{"line":115,"column":22},"end":{"line":115,"column":null}},"21":{"start":{"line":129,"column":33},"end":{"line":129,"column":null}},"22":{"start":{"line":139,"column":35},"end":{"line":139,"column":null}}},"fnMap":{"0":{"name":"(anonymous_0)","decl":{"start":{"line":28,"column":6},"end":{"line":28,"column":53}},"loc":{"start":{"line":28,"column":102},"end":{"line":155,"column":null}},"line":28},"1":{"name":"(anonymous_1)","decl":{"start":{"line":35,"column":2},"end":{"line":35,"column":18}},"loc":{"start":{"line":35,"column":18},"end":{"line":41,"column":5}},"line":35},"2":{"name":"(anonymous_2)","decl":{"start":{"line":43,"column":8},"end":{"line":43,"column":33}},"loc":{"start":{"line":43,"column":33},"end":{"line":48,"column":null}},"line":43},"3":{"name":"(anonymous_3)","decl":{"start":{"line":69,"column":18},"end":{"line":69,"column":29}},"loc":{"start":{"line":69,"column":35},"end":{"line":73,"column":null}},"line":69},"4":{"name":"(anonymous_4)","decl":{"start":{"line":79,"column":20},"end":{"line":79,"column":35}},"loc":{"start":{"line":79,"column":35},"end":{"line":79,"column":null}},"line":79},"5":{"name":"(anonymous_5)","decl":{"start":{"line":114,"column":39},"end":{"line":114,"column":44}},"loc":{"start":{"line":115,"column":22},"end":{"line":115,"column":null}},"line":115},"6":{"name":"(anonymous_6)","decl":{"start":{"line":129,"column":18},"end":{"line":129,"column":33}},"loc":{"start":{"line":129,"column":33},"end":{"line":129,"column":null}},"line":129},"7":{"name":"(anonymous_7)","decl":{"start":{"line":139,"column":20},"end":{"line":139,"column":35}},"loc":{"start":{"line":139,"column":35},"end":{"line":139,"column":null}},"line":139}},"branchMap":{"0":{"loc":{"start":{"line":28,"column":64},"end":{"line":28,"column":87}},"type":"default-arg","locations":[{"start":{"line":28,"column":80},"end":{"line":28,"column":87}}],"line":28},"1":{"loc":{"start":{"line":36,"column":4},"end":{"line":40,"column":null}},"type":"if","locations":[{"start":{"line":36,"column":4},"end":{"line":40,"column":null}},{"start":{},"end":{}}],"line":36},"2":{"loc":{"start":{"line":36,"column":8},"end":{"line":36,"column":42}},"type":"binary-expr","locations":[{"start":{"line":36,"column":8},"end":{"line":36,"column":21}},{"start":{"line":36,"column":21},"end":{"line":36,"column":42}}],"line":36},"3":{"loc":{"start":{"line":44,"column":4},"end":{"line":46,"column":null}},"type":"if","locations":[{"start":{"line":44,"column":4},"end":{"line":46,"column":null}},{"start":{},"end":{}}],"line":44},"4":{"loc":{"start":{"line":44,"column":8},"end":{"line":44,"column":75}},"type":"binary-expr","locations":[{"start":{"line":44,"column":8},"end":{"line":44,"column":30}},{"start":{"line":44,"column":30},"end":{"line":44,"column":65}},{"start":{"line":44,"column":65},"end":{"line":44,"column":75}}],"line":44},"5":{"loc":{"start":{"line":53,"column":7},"end":{"line":59,"column":7}},"type":"binary-expr","locations":[{"start":{"line":53,"column":7},"end":{"line":53,"column":null}},{"start":{"line":54,"column":8},"end":{"line":59,"column":7}}],"line":53},"6":{"loc":{"start":{"line":59,"column":37},"end":{"line":59,"column":null}},"type":"cond-expr","locations":[{"start":{"line":59,"column":44},"end":{"line":59,"column":62}},{"start":{"line":59,"column":62},"end":{"line":59,"column":null}}],"line":59},"7":{"loc":{"start":{"line":60,"column":45},"end":{"line":60,"column":null}},"type":"cond-expr","locations":[{"start":{"line":60,"column":52},"end":{"line":60,"column":65}},{"start":{"line":60,"column":65},"end":{"line":60,"column":null}}],"line":60},"8":{"loc":{"start":{"line":62,"column":73},"end":{"line":62,"column":null}},"type":"cond-expr","locations":[{"start":{"line":62,"column":80},"end":{"line":62,"column":85}},{"start":{"line":62,"column":85},"end":{"line":62,"column":null}}],"line":62},"9":{"loc":{"start":{"line":63,"column":39},"end":{"line":63,"column":76}},"type":"cond-expr","locations":[{"start":{"line":63,"column":46},"end":{"line":63,"column":64}},{"start":{"line":63,"column":64},"end":{"line":63,"column":76}}],"line":63},"10":{"loc":{"start":{"line":64,"column":13},"end":{"line":119,"column":null}},"type":"cond-expr","locations":[{"start":{"line":65,"column":14},"end":{"line":94,"column":15}},{"start":{"line":94,"column":14},"end":{"line":119,"column":null}}],"line":64},"11":{"loc":{"start":{"line":94,"column":48},"end":{"line":96,"column":null}},"type":"cond-expr","locations":[{"start":{"line":95,"column":18},"end":{"line":95,"column":null}},{"start":{"line":96,"column":18},"end":{"line":96,"column":null}}],"line":94},"12":{"loc":{"start":{"line":98,"column":17},"end":{"line":112,"column":18}},"type":"cond-expr","locations":[{"start":{"line":99,"column":18},"end":{"line":109,"column":19}},{"start":{"line":109,"column":18},"end":{"line":112,"column":18}}],"line":98},"13":{"loc":{"start":{"line":100,"column":21},"end":{"line":105,"column":null}},"type":"cond-expr","locations":[{"start":{"line":101,"column":22},"end":{"line":105,"column":23}},{"start":{"line":105,"column":22},"end":{"line":105,"column":null}}],"line":100},"14":{"loc":{"start":{"line":112,"column":17},"end":{"line":119,"column":null}},"type":"binary-expr","locations":[{"start":{"line":112,"column":17},"end":{"line":112,"column":31}},{"start":{"line":112,"column":31},"end":{"line":112,"column":39}},{"start":{"line":112,"column":39},"end":{"line":112,"column":60}},{"start":{"line":112,"column":60},"end":{"line":112,"column":null}},{"start":{"line":113,"column":18},"end":{"line":119,"column":null}}],"line":112},"15":{"loc":{"start":{"line":123,"column":13},"end":{"line":148,"column":null}},"type":"binary-expr","locations":[{"start":{"line":123,"column":13},"end":{"line":123,"column":null}},{"start":{"line":124,"column":14},"end":{"line":148,"column":null}}],"line":123},"16":{"loc":{"start":{"line":124,"column":52},"end":{"line":124,"column":80}},"type":"cond-expr","locations":[{"start":{"line":124,"column":59},"end":{"line":124,"column":70}},{"start":{"line":124,"column":70},"end":{"line":124,"column":80}}],"line":124},"17":{"loc":{"start":{"line":126,"column":19},"end":{"line":126,"column":null}},"type":"cond-expr","locations":[{"start":{"line":126,"column":56},"end":{"line":126,"column":93}},{"start":{"line":126,"column":93},"end":{"line":126,"column":null}}],"line":126},"18":{"loc":{"start":{"line":137,"column":17},"end":{"line":146,"column":null}},"type":"binary-expr","locations":[{"start":{"line":137,"column":17},"end":{"line":137,"column":null}},{"start":{"line":138,"column":18},"end":{"line":146,"column":null}}],"line":137}},"s":{"0":3,"1":58,"2":58,"3":58,"4":58,"5":58,"6":47,"7":7,"8":7,"9":7,"10":58,"11":3,"12":2,"13":3,"14":58,"15":6,"16":6,"17":6,"18":2,"19":2,"20":8,"21":2,"22":7},"f":{"0":58,"1":47,"2":3,"3":6,"4":2,"5":8,"6":2,"7":7},"b":{"0":[58],"1":[7,40],"2":[47,7],"3":[2,1],"4":[3,3,2],"5":[58,27],"6":[17,41],"7":[17,41],"8":[17,41],"9":[17,41],"10":[13,45],"11":[17,28],"12":[17,28],"13":[15,2],"14":[45,45,17,8,8],"15":[58,45],"16":[17,28],"17":[29,16],"18":[45,28]},"meta":{"lastBranch":19,"lastFunction":8,"lastStatement":23,"seen":{"s:28:6:155:Infinity":0,"f:28:6:28:53":0,"b:28:80:28:87":0,"s:29:15:29:Infinity":1,"s:30:20:30:Infinity":2,"s:31:22:31:Infinity":3,"s:32:8:32:Infinity":4,"s:35:2:41:Infinity":5,"f:35:2:35:18":1,"b:36:4:40:Infinity:undefined:undefined:undefined:undefined":1,"s:36:4:40:Infinity":6,"b:36:8:36:21:36:21:36:42":2,"s:37:6:37:Infinity":7,"s:38:6:38:Infinity":8,"s:39:6:39:Infinity":9,"s:43:8:48:Infinity":10,"f:43:8:43:33":2,"b:44:4:46:Infinity:undefined:undefined:undefined:undefined":3,"s:44:4:46:Infinity":11,"b:44:8:44:30:44:30:44:65:44:65:44:75":4,"s:45:6:45:Infinity":12,"s:47:4:47:Infinity":13,"s:50:2:153:Infinity":14,"b:53:7:53:Infinity:54:8:59:7":5,"b:59:44:59:62:59:62:59:Infinity":6,"b:60:52:60:65:60:65:60:Infinity":7,"b:62:80:62:85:62:85:62:Infinity":8,"b:63:46:63:64:63:64:63:76":9,"b:65:14:94:15:94:14:119:Infinity":10,"f:69:18:69:29":3,"s:70:20:70:Infinity":15,"s:71:20:71:Infinity":16,"s:72:20:72:Infinity":17,"f:79:20:79:35":4,"s:79:37:79:58":18,"s:79:58:79:91":19,"b:95:18:95:Infinity:96:18:96:Infinity":11,"b:99:18:109:19:109:18:112:18":12,"b:101:22:105:23:105:22:105:Infinity":13,"b:112:17:112:31:112:31:112:39:112:39:112:60:112:60:112:Infinity:113:18:119:Infinity":14,"f:114:39:114:44":5,"s:115:22:115:Infinity":20,"b:123:13:123:Infinity:124:14:148:Infinity":15,"b:124:59:124:70:124:70:124:80":16,"b:126:56:126:93:126:93:126:Infinity":17,"f:129:18:129:33":6,"s:129:33:129:Infinity":21,"b:137:17:137:Infinity:138:18:146:Infinity":18,"f:139:20:139:35":7,"s:139:35:139:Infinity":22},"fnNames":{}}}
,"C:\\Users\\MyPC\\EAA_Enterprise_AI_Assistant\\SPEC_MVP\\apps\\chat-ui\\src\\components\\chat\\SearchModal.tsx": {"path":"C:\\Users\\MyPC\\EAA_Enterprise_AI_Assistant\\SPEC_MVP\\apps\\chat-ui\\src\\components\\chat\\SearchModal.tsx","statementMap":{"0":{"start":{"line":12,"column":6},"end":{"line":147,"column":null}},"1":{"start":{"line":13,"column":21},"end":{"line":13,"column":null}},"2":{"start":{"line":14,"column":18},"end":{"line":14,"column":null}},"3":{"start":{"line":15,"column":22},"end":{"line":15,"column":null}},"4":{"start":{"line":16,"column":8},"end":{"line":16,"column":null}},"5":{"start":{"line":18,"column":2},"end":{"line":25,"column":null}},"6":{"start":{"line":19,"column":4},"end":{"line":24,"column":null}},"7":{"start":{"line":20,"column":6},"end":{"line":20,"column":null}},"8":{"start":{"line":21,"column":6},"end":{"line":21,"column":null}},"9":{"start":{"line":22,"column":16},"end":{"line":22,"column":null}},"10":{"start":{"line":22,"column":33},"end":{"line":22,"column":60}},"11":{"start":{"line":23,"column":6},"end":{"line":23,"column":null}},"12":{"start":{"line":23,"column":19},"end":{"line":23,"column":null}},"13":{"start":{"line":27,"column":2},"end":{"line":52,"column":null}},"14":{"start":{"line":28,"column":4},"end":{"line":28,"column":null}},"15":{"start":{"line":28,"column":17},"end":{"line":28,"column":null}},"16":{"start":{"line":30,"column":4},"end":{"line":33,"column":null}},"17":{"start":{"line":31,"column":6},"end":{"line":31,"column":null}},"18":{"start":{"line":32,"column":6},"end":{"line":32,"column":null}},"19":{"start":{"line":35,"column":20},"end":{"line":35,"column":null}},"20":{"start":{"line":36,"column":18},"end":{"line":46,"column":null}},"21":{"start":{"line":37,"column":6},"end":{"line":45,"column":null}},"22":{"start":{"line":38,"column":8},"end":{"line":38,"column":null}},"23":{"start":{"line":39,"column":8},"end":{"line":44,"column":null}},"24":{"start":{"line":40,"column":22},"end":{"line":40,"column":null}},"25":{"start":{"line":41,"column":10},"end":{"line":41,"column":null}},"26":{"start":{"line":41,"column":25},"end":{"line":41,"column":null}},"27":{"start":{"line":43,"column":10},"end":{"line":43,"column":null}},"28":{"start":{"line":43,"column":25},"end":{"line":43,"column":null}},"29":{"start":{"line":48,"column":4},"end":{"line":51,"column":null}},"30":{"start":{"line":49,"column":6},"end":{"line":49,"column":null}},"31":{"start":{"line":50,"column":6},"end":{"line":50,"column":null}},"32":{"start":{"line":54,"column":2},"end":{"line":54,"column":null}},"33":{"start":{"line":54,"column":15},"end":{"line":54,"column":null}},"34":{"start":{"line":56,"column":2},"end":{"line":145,"column":null}},"35":{"start":{"line":60,"column":24},"end":{"line":60,"column":null}},"36":{"start":{"line":75,"column":29},"end":{"line":75,"column":null}},"37":{"start":{"line":77,"column":14},"end":{"line":77,"column":null}},"38":{"start":{"line":77,"column":38},"end":{"line":77,"column":null}},"39":{"start":{"line":82,"column":29},"end":{"line":82,"column":null}},"40":{"start":{"line":109,"column":16},"end":{"line":132,"column":null}},"41":{"start":{"line":112,"column":20},"end":{"line":112,"column":null}},"42":{"start":{"line":113,"column":20},"end":{"line":113,"column":null}}},"fnMap":{"0":{"name":"(anonymous_0)","decl":{"start":{"line":12,"column":6},"end":{"line":12,"column":49}},"loc":{"start":{"line":12,"column":116},"end":{"line":147,"column":null}},"line":12},"1":{"name":"(anonymous_1)","decl":{"start":{"line":18,"column":2},"end":{"line":18,"column":18}},"loc":{"start":{"line":18,"column":18},"end":{"line":25,"column":5}},"line":18},"2":{"name":"(anonymous_2)","decl":{"start":{"line":22,"column":16},"end":{"line":22,"column":33}},"loc":{"start":{"line":22,"column":33},"end":{"line":22,"column":60}},"line":22},"3":{"name":"(anonymous_3)","decl":{"start":{"line":23,"column":6},"end":{"line":23,"column":19}},"loc":{"start":{"line":23,"column":19},"end":{"line":23,"column":null}},"line":23},"4":{"name":"(anonymous_4)","decl":{"start":{"line":27,"column":2},"end":{"line":27,"column":18}},"loc":{"start":{"line":27,"column":18},"end":{"line":52,"column":5}},"line":27},"5":{"name":"(anonymous_5)","decl":{"start":{"line":36,"column":29},"end":{"line":36,"column":41}},"loc":{"start":{"line":36,"column":41},"end":{"line":46,"column":7}},"line":36},"6":{"name":"(anonymous_6)","decl":{"start":{"line":48,"column":4},"end":{"line":48,"column":17}},"loc":{"start":{"line":48,"column":17},"end":{"line":51,"column":null}},"line":48},"7":{"name":"(anonymous_7)","decl":{"start":{"line":60,"column":8},"end":{"line":60,"column":18}},"loc":{"start":{"line":60,"column":24},"end":{"line":60,"column":null}},"line":60},"8":{"name":"(anonymous_8)","decl":{"start":{"line":75,"column":12},"end":{"line":75,"column":23}},"loc":{"start":{"line":75,"column":29},"end":{"line":75,"column":null}},"line":75},"9":{"name":"(anonymous_9)","decl":{"start":{"line":76,"column":12},"end":{"line":76,"column":24}},"loc":{"start":{"line":76,"column":30},"end":{"line":78,"column":null}},"line":76},"10":{"name":"(anonymous_10)","decl":{"start":{"line":82,"column":14},"end":{"line":82,"column":29}},"loc":{"start":{"line":82,"column":29},"end":{"line":82,"column":null}},"line":82},"11":{"name":"(anonymous_11)","decl":{"start":{"line":108,"column":22},"end":{"line":108,"column":26}},"loc":{"start":{"line":109,"column":16},"end":{"line":132,"column":null}},"line":109},"12":{"name":"(anonymous_12)","decl":{"start":{"line":111,"column":18},"end":{"line":111,"column":33}},"loc":{"start":{"line":111,"column":33},"end":{"line":114,"column":null}},"line":111}},"branchMap":{"0":{"loc":{"start":{"line":19,"column":4},"end":{"line":24,"column":null}},"type":"if","locations":[{"start":{"line":19,"column":4},"end":{"line":24,"column":null}},{"start":{},"end":{}}],"line":19},"1":{"loc":{"start":{"line":28,"column":4},"end":{"line":28,"column":null}},"type":"if","locations":[{"start":{"line":28,"column":4},"end":{"line":28,"column":null}},{"start":{},"end":{}}],"line":28},"2":{"loc":{"start":{"line":30,"column":4},"end":{"line":33,"column":null}},"type":"if","locations":[{"start":{"line":30,"column":4},"end":{"line":33,"column":null}},{"start":{},"end":{}}],"line":30},"3":{"loc":{"start":{"line":37,"column":6},"end":{"line":45,"column":null}},"type":"if","locations":[{"start":{"line":37,"column":6},"end":{"line":45,"column":null}},{"start":{},"end":{}}],"line":37},"4":{"loc":{"start":{"line":37,"column":10},"end":{"line":37,"column":39}},"type":"binary-expr","locations":[{"start":{"line":37,"column":10},"end":{"line":37,"column":28}},{"start":{"line":37,"column":28},"end":{"line":37,"column":39}}],"line":37},"5":{"loc":{"start":{"line":41,"column":10},"end":{"line":41,"column":null}},"type":"if","locations":[{"start":{"line":41,"column":10},"end":{"line":41,"column":null}},{"start":{},"end":{}}],"line":41},"6":{"loc":{"start":{"line":43,"column":10},"end":{"line":43,"column":null}},"type":"if","locations":[{"start":{"line":43,"column":10},"end":{"line":43,"column":null}},{"start":{},"end":{}}],"line":43},"7":{"loc":{"start":{"line":54,"column":2},"end":{"line":54,"column":null}},"type":"if","locations":[{"start":{"line":54,"column":2},"end":{"line":54,"column":null}},{"start":{},"end":{}}],"line":54},"8":{"loc":{"start":{"line":77,"column":14},"end":{"line":77,"column":null}},"type":"if","locations":[{"start":{"line":77,"column":14},"end":{"line":77,"column":null}},{"start":{},"end":{}}],"line":77},"9":{"loc":{"start":{"line":80,"column":11},"end":{"line":88,"column":null}},"type":"binary-expr","locations":[{"start":{"line":80,"column":11},"end":{"line":80,"column":null}},{"start":{"line":81,"column":12},"end":{"line":88,"column":null}}],"line":80},"10":{"loc":{"start":{"line":95,"column":13},"end":{"line":95,"column":null}},"type":"cond-expr","locations":[{"start":{"line":95,"column":33},"end":{"line":95,"column":45}},{"start":{"line":95,"column":45},"end":{"line":95,"column":null}}],"line":95},"11":{"loc":{"start":{"line":99,"column":13},"end":{"line":137,"column":null}},"type":"cond-expr","locations":[{"start":{"line":100,"column":14},"end":{"line":107,"column":24}},{"start":{"line":107,"column":16},"end":{"line":137,"column":null}}],"line":99},"12":{"loc":{"start":{"line":107,"column":16},"end":{"line":137,"column":null}},"type":"cond-expr","locations":[{"start":{"line":108,"column":14},"end":{"line":133,"column":null}},{"start":{"line":135,"column":14},"end":{"line":137,"column":null}}],"line":107},"13":{"loc":{"start":{"line":122,"column":23},"end":{"line":125,"column":null}},"type":"cond-expr","locations":[{"start":{"line":123,"column":24},"end":{"line":125,"column":31}},{"start":{"line":125,"column":24},"end":{"line":125,"column":null}}],"line":122},"14":{"loc":{"start":{"line":123,"column":96},"end":{"line":123,"column":206}},"type":"cond-expr","locations":[{"start":{"line":123,"column":133},"end":{"line":123,"column":183}},{"start":{"line":123,"column":183},"end":{"line":123,"column":206}}],"line":123}},"s":{"0":2,"1":76,"2":76,"3":76,"4":76,"5":76,"6":33,"7":16,"8":16,"9":16,"10":7,"11":16,"12":16,"13":76,"14":53,"15":26,"16":27,"17":17,"18":17,"19":10,"20":10,"21":7,"22":6,"23":6,"24":6,"25":6,"26":5,"27":6,"28":5,"29":10,"30":10,"31":10,"32":76,"33":26,"34":50,"35":2,"36":10,"37":2,"38":1,"39":1,"40":83,"41":1,"42":1},"f":{"0":76,"1":33,"2":7,"3":16,"4":53,"5":7,"6":10,"7":2,"8":10,"9":2,"10":1,"11":83,"12":1},"b":{"0":[16,17],"1":[26,27],"2":[17,10],"3":[6,1],"4":[7,6],"5":[5,1],"6":[5,1],"7":[26,50],"8":[1,1],"9":[50,16],"10":[16,34],"11":[2,48],"12":[31,17],"13":[3,80],"14":[1,2]},"meta":{"lastBranch":15,"lastFunction":13,"lastStatement":43,"seen":{"s:12:6:147:Infinity":0,"f:12:6:12:49":0,"s:13:21:13:Infinity":1,"s:14:18:14:Infinity":2,"s:15:22:15:Infinity":3,"s:16:8:16:Infinity":4,"s:18:2:25:Infinity":5,"f:18:2:18:18":1,"b:19:4:24:Infinity:undefined:undefined:undefined:undefined":0,"s:19:4:24:Infinity":6,"s:20:6:20:Infinity":7,"s:21:6:21:Infinity":8,"s:22:16:22:Infinity":9,"f:22:16:22:33":2,"s:22:33:22:60":10,"s:23:6:23:Infinity":11,"f:23:6:23:19":3,"s:23:19:23:Infinity":12,"s:27:2:52:Infinity":13,"f:27:2:27:18":4,"b:28:4:28:Infinity:undefined:undefined:undefined:undefined":1,"s:28:4:28:Infinity":14,"s:28:17:28:Infinity":15,"b:30:4:33:Infinity:undefined:undefined:undefined:undefined":2,"s:30:4:33:Infinity":16,"s:31:6:31:Infinity":17,"s:32:6:32:Infinity":18,"s:35:20:35:Infinity":19,"s:36:18:46:Infinity":20,"f:36:29:36:41":5,"b:37:6:45:Infinity:undefined:undefined:undefined:undefined":3,"s:37:6:45:Infinity":21,"b:37:10:37:28:37:28:37:39":4,"s:38:8:38:Infinity":22,"s:39:8:44:Infinity":23,"s:40:22:40:Infinity":24,"b:41:10:41:Infinity:undefined:undefined:undefined:undefined":5,"s:41:10:41:Infinity":25,"s:41:25:41:Infinity":26,"b:43:10:43:Infinity:undefined:undefined:undefined:undefined":6,"s:43:10:43:Infinity":27,"s:43:25:43:Infinity":28,"s:48:4:51:Infinity":29,"f:48:4:48:17":6,"s:49:6:49:Infinity":30,"s:50:6:50:Infinity":31,"b:54:2:54:Infinity:undefined:undefined:undefined:undefined":7,"s:54:2:54:Infinity":32,"s:54:15:54:Infinity":33,"s:56:2:145:Infinity":34,"f:60:8:60:18":7,"s:60:24:60:Infinity":35,"f:75:12:75:23":8,"s:75:29:75:Infinity":36,"f:76:12:76:24":9,"b:77:14:77:Infinity:undefined:undefined:undefined:undefined":8,"s:77:14:77:Infinity":37,"s:77:38:77:Infinity":38,"b:80:11:80:Infinity:81:12:88:Infinity":9,"f:82:14:82:29":10,"s:82:29:82:Infinity":39,"b:95:33:95:45:95:45:95:Infinity":10,"b:100:14:107:24:107:16:137:Infinity":11,"b:108:14:133:Infinity:135:14:137:Infinity":12,"f:108:22:108:26":11,"s:109:16:132:Infinity":40,"f:111:18:111:33":12,"s:112:20:112:Infinity":41,"s:113:20:113:Infinity":42,"b:123:24:125:31:125:24:125:Infinity":13,"b:123:133:123:183:123:183:123:206":14},"fnNames":{}}}
,"C:\\Users\\MyPC\\EAA_Enterprise_AI_Assistant\\SPEC_MVP\\apps\\chat-ui\\src\\components\\chat\\ToolTrace.tsx": {"path":"C:\\Users\\MyPC\\EAA_Enterprise_AI_Assistant\\SPEC_MVP\\apps\\chat-ui\\src\\components\\chat\\ToolTrace.tsx","statementMap":{"0":{"start":{"line":11,"column":6},"end":{"line":66,"column":null}},"1":{"start":{"line":13,"column":17},"end":{"line":13,"column":null}},"2":{"start":{"line":14,"column":21},"end":{"line":14,"column":null}},"3":{"start":{"line":16,"column":2},"end":{"line":64,"column":null}},"4":{"start":{"line":20,"column":23},"end":{"line":20,"column":null}}},"fnMap":{"0":{"name":"(anonymous_0)","decl":{"start":{"line":11,"column":6},"end":{"line":11,"column":49}},"loc":{"start":{"line":11,"column":62},"end":{"line":66,"column":null}},"line":11},"1":{"name":"(anonymous_1)","decl":{"start":{"line":20,"column":8},"end":{"line":20,"column":23}},"loc":{"start":{"line":20,"column":23},"end":{"line":20,"column":null}},"line":20}},"branchMap":{"0":{"loc":{"start":{"line":14,"column":21},"end":{"line":14,"column":null}},"type":"cond-expr","locations":[{"start":{"line":14,"column":36},"end":{"line":14,"column":48}},{"start":{"line":14,"column":48},"end":{"line":14,"column":null}}],"line":14},"1":{"loc":{"start":{"line":24,"column":58},"end":{"line":24,"column":110}},"type":"cond-expr","locations":[{"start":{"line":24,"column":73},"end":{"line":24,"column":92}},{"start":{"line":24,"column":92},"end":{"line":24,"column":110}}],"line":24},"2":{"loc":{"start":{"line":33,"column":10},"end":{"line":33,"column":null}},"type":"cond-expr","locations":[{"start":{"line":33,"column":25},"end":{"line":33,"column":64}},{"start":{"line":33,"column":64},"end":{"line":33,"column":null}}],"line":33},"3":{"loc":{"start":{"line":39,"column":111},"end":{"line":39,"column":140}},"type":"cond-expr","locations":[{"start":{"line":39,"column":120},"end":{"line":39,"column":134}},{"start":{"line":39,"column":134},"end":{"line":39,"column":140}}],"line":39},"4":{"loc":{"start":{"line":45,"column":7},"end":{"line":64,"column":null}},"type":"binary-expr","locations":[{"start":{"line":45,"column":7},"end":{"line":45,"column":null}},{"start":{"line":46,"column":8},"end":{"line":64,"column":null}}],"line":45},"5":{"loc":{"start":{"line":54,"column":31},"end":{"line":54,"column":null}},"type":"cond-expr","locations":[{"start":{"line":54,"column":46},"end":{"line":54,"column":75}},{"start":{"line":54,"column":75},"end":{"line":54,"column":null}}],"line":54}},"s":{"0":4,"1":26,"2":26,"3":26,"4":9},"f":{"0":26,"1":9},"b":{"0":[15,11],"1":[15,11],"2":[15,11],"3":[8,18],"4":[26,8],"5":[5,3]},"meta":{"lastBranch":6,"lastFunction":2,"lastStatement":5,"seen":{"s:11:6:66:Infinity":0,"f:11:6:11:49":0,"s:13:17:13:Infinity":1,"s:14:21:14:Infinity":2,"b:14:36:14:48:14:48:14:Infinity":0,"s:16:2:64:Infinity":3,"f:20:8:20:23":1,"s:20:23:20:Infinity":4,"b:24:73:24:92:24:92:24:110":1,"b:33:25:33:64:33:64:33:Infinity":2,"b:39:120:39:134:39:134:39:140":3,"b:45:7:45:Infinity:46:8:64:Infinity":4,"b:54:46:54:75:54:75:54:Infinity":5},"fnNames":{}}}
,"C:\\Users\\MyPC\\EAA_Enterprise_AI_Assistant\\SPEC_MVP\\apps\\chat-ui\\src\\components\\layout\\MainLayout.tsx": {"path":"C:\\Users\\MyPC\\EAA_Enterprise_AI_Assistant\\SPEC_MVP\\apps\\chat-ui\\src\\components\\layout\\MainLayout.tsx","statementMap":{"0":{"start":{"line":8,"column":6},"end":{"line":70,"column":null}},"1":{"start":{"line":9,"column":10},"end":{"line":9,"column":null}},"2":{"start":{"line":24,"column":4},"end":{"line":25,"column":null}},"3":{"start":{"line":28,"column":24},"end":{"line":28,"column":null}},"4":{"start":{"line":29,"column":28},"end":{"line":29,"column":null}},"5":{"start":{"line":31,"column":2},"end":{"line":68,"column":null}},"6":{"start":{"line":42,"column":31},"end":{"line":42,"column":null}},"7":{"start":{"line":46,"column":28},"end":{"line":46,"column":null}},"8":{"start":{"line":51,"column":23},"end":{"line":51,"column":null}},"9":{"start":{"line":55,"column":10},"end":{"line":55,"column":null}},"10":{"start":{"line":56,"column":10},"end":{"line":56,"column":null}}},"fnMap":{"0":{"name":"(anonymous_0)","decl":{"start":{"line":8,"column":6},"end":{"line":8,"column":35}},"loc":{"start":{"line":8,"column":35},"end":{"line":70,"column":null}},"line":8},"1":{"name":"(anonymous_1)","decl":{"start":{"line":42,"column":8},"end":{"line":42,"column":31}},"loc":{"start":{"line":42,"column":31},"end":{"line":42,"column":null}},"line":42},"2":{"name":"(anonymous_2)","decl":{"start":{"line":46,"column":8},"end":{"line":46,"column":28}},"loc":{"start":{"line":46,"column":28},"end":{"line":46,"column":null}},"line":46},"3":{"name":"(anonymous_3)","decl":{"start":{"line":51,"column":8},"end":{"line":51,"column":23}},"loc":{"start":{"line":51,"column":23},"end":{"line":51,"column":null}},"line":51},"4":{"name":"(anonymous_4)","decl":{"start":{"line":54,"column":8},"end":{"line":54,"column":26}},"loc":{"start":{"line":54,"column":33},"end":{"line":57,"column":null}},"line":54}},"branchMap":{"0":{"loc":{"start":{"line":38,"column":21},"end":{"line":38,"column":null}},"type":"binary-expr","locations":[{"start":{"line":38,"column":21},"end":{"line":38,"column":36}},{"start":{"line":38,"column":36},"end":{"line":38,"column":null}}],"line":38}},"s":{"0":2,"1":43,"2":43,"3":43,"4":43,"5":43,"6":2,"7":4,"8":2,"9":1,"10":1},"f":{"0":43,"1":2,"2":4,"3":2,"4":1},"b":{"0":[43,1]},"meta":{"lastBranch":1,"lastFunction":5,"lastStatement":11,"seen":{"s:8:6:70:Infinity":0,"f:8:6:8:35":0,"s:9:10:9:Infinity":1,"s:24:4:25:Infinity":2,"s:28:24:28:Infinity":3,"s:29:28:29:Infinity":4,"s:31:2:68:Infinity":5,"b:38:21:38:36:38:36:38:Infinity":0,"f:42:8:42:31":1,"s:42:31:42:Infinity":6,"f:46:8:46:28":2,"s:46:28:46:Infinity":7,"f:51:8:51:23":3,"s:51:23:51:Infinity":8,"f:54:8:54:26":4,"s:55:10:55:Infinity":9,"s:56:10:56:Infinity":10},"fnNames":{}}}
,"C:\\Users\\MyPC\\EAA_Enterprise_AI_Assistant\\SPEC_MVP\\apps\\chat-ui\\src\\components\\layout\\Sidebar.tsx": {"path":"C:\\Users\\MyPC\\EAA_Enterprise_AI_Assistant\\SPEC_MVP\\apps\\chat-ui\\src\\components\\layout\\Sidebar.tsx","statementMap":{"0":{"start":{"line":4,"column":14},"end":{"line":9,"column":null}},"1":{"start":{"line":26,"column":6},"end":{"line":284,"column":null}},"2":{"start":{"line":40,"column":21},"end":{"line":40,"column":null}},"3":{"start":{"line":40,"column":37},"end":{"line":40,"column":59}},"4":{"start":{"line":42,"column":27},"end":{"line":42,"column":null}},"5":{"start":{"line":43,"column":20},"end":{"line":43,"column":null}},"6":{"start":{"line":44,"column":21},"end":{"line":44,"column":null}},"7":{"start":{"line":45,"column":28},"end":{"line":45,"column":null}},"8":{"start":{"line":46,"column":8},"end":{"line":46,"column":null}},"9":{"start":{"line":47,"column":8},"end":{"line":47,"column":null}},"10":{"start":{"line":49,"column":8},"end":{"line":57,"column":null}},"11":{"start":{"line":50,"column":4},"end":{"line":53,"column":null}},"12":{"start":{"line":51,"column":6},"end":{"line":51,"column":null}},"13":{"start":{"line":52,"column":6},"end":{"line":52,"column":null}},"14":{"start":{"line":54,"column":4},"end":{"line":56,"column":null}},"15":{"start":{"line":55,"column":6},"end":{"line":55,"column":null}},"16":{"start":{"line":60,"column":2},"end":{"line":71,"column":null}},"17":{"start":{"line":61,"column":10},"end":{"line":68,"column":null}},"18":{"start":{"line":62,"column":6},"end":{"line":64,"column":null}},"19":{"start":{"line":63,"column":8},"end":{"line":63,"column":null}},"20":{"start":{"line":65,"column":6},"end":{"line":67,"column":null}},"21":{"start":{"line":66,"column":8},"end":{"line":66,"column":null}},"22":{"start":{"line":69,"column":4},"end":{"line":69,"column":null}},"23":{"start":{"line":70,"column":4},"end":{"line":70,"column":null}},"24":{"start":{"line":70,"column":17},"end":{"line":70,"column":null}},"25":{"start":{"line":73,"column":26},"end":{"line":73,"column":null}},"26":{"start":{"line":73,"column":47},"end":{"line":73,"column":58}},"27":{"start":{"line":74,"column":25},"end":{"line":74,"column":null}},"28":{"start":{"line":74,"column":46},"end":{"line":74,"column":58}},"29":{"start":{"line":76,"column":8},"end":{"line":80,"column":null}},"30":{"start":{"line":77,"column":4},"end":{"line":77,"column":null}},"31":{"start":{"line":78,"column":4},"end":{"line":78,"column":null}},"32":{"start":{"line":79,"column":4},"end":{"line":79,"column":null}},"33":{"start":{"line":82,"column":8},"end":{"line":87,"column":null}},"34":{"start":{"line":83,"column":4},"end":{"line":85,"column":null}},"35":{"start":{"line":84,"column":6},"end":{"line":84,"column":null}},"36":{"start":{"line":86,"column":4},"end":{"line":86,"column":null}},"37":{"start":{"line":89,"column":8},"end":{"line":92,"column":null}},"38":{"start":{"line":90,"column":4},"end":{"line":90,"column":null}},"39":{"start":{"line":90,"column":27},"end":{"line":90,"column":null}},"40":{"start":{"line":91,"column":4},"end":{"line":91,"column":null}},"41":{"start":{"line":91,"column":28},"end":{"line":91,"column":null}},"42":{"start":{"line":94,"column":8},"end":{"line":159,"column":null}},"43":{"start":{"line":95,"column":21},"end":{"line":95,"column":null}},"44":{"start":{"line":96,"column":4},"end":{"line":157,"column":null}},"45":{"start":{"line":103,"column":31},"end":{"line":103,"column":null}},"46":{"start":{"line":104,"column":32},"end":{"line":104,"column":null}},"47":{"start":{"line":105,"column":28},"end":{"line":105,"column":null}},"48":{"start":{"line":111,"column":27},"end":{"line":111,"column":null}},"49":{"start":{"line":127,"column":14},"end":{"line":127,"column":null}},"50":{"start":{"line":128,"column":14},"end":{"line":128,"column":null}},"51":{"start":{"line":141,"column":38},"end":{"line":141,"column":59}},"52":{"start":{"line":141,"column":59},"end":{"line":141,"column":114}},"53":{"start":{"line":141,"column":114},"end":{"line":141,"column":135}},"54":{"start":{"line":145,"column":38},"end":{"line":145,"column":59}},"55":{"start":{"line":145,"column":59},"end":{"line":145,"column":82}},"56":{"start":{"line":150,"column":40},"end":{"line":150,"column":61}},"57":{"start":{"line":150,"column":61},"end":{"line":150,"column":92}},"58":{"start":{"line":150,"column":92},"end":{"line":150,"column":113}},"59":{"start":{"line":161,"column":2},"end":{"line":282,"column":null}},"60":{"start":{"line":194,"column":25},"end":{"line":194,"column":null}},"61":{"start":{"line":207,"column":25},"end":{"line":207,"column":null}},"62":{"start":{"line":218,"column":25},"end":{"line":218,"column":null}},"63":{"start":{"line":257,"column":16},"end":{"line":257,"column":null}},"64":{"start":{"line":258,"column":16},"end":{"line":258,"column":null}},"65":{"start":{"line":269,"column":25},"end":{"line":269,"column":null}}},"fnMap":{"0":{"name":"(anonymous_0)","decl":{"start":{"line":26,"column":6},"end":{"line":26,"column":41}},"loc":{"start":{"line":39,"column":6},"end":{"line":284,"column":null}},"line":39},"1":{"name":"(anonymous_1)","decl":{"start":{"line":40,"column":27},"end":{"line":40,"column":32}},"loc":{"start":{"line":40,"column":37},"end":{"line":40,"column":59}},"line":40},"2":{"name":"(anonymous_2)","decl":{"start":{"line":49,"column":8},"end":{"line":49,"column":32}},"loc":{"start":{"line":49,"column":32},"end":{"line":57,"column":null}},"line":49},"3":{"name":"(anonymous_3)","decl":{"start":{"line":60,"column":2},"end":{"line":60,"column":18}},"loc":{"start":{"line":60,"column":18},"end":{"line":71,"column":5}},"line":60},"4":{"name":"(anonymous_4)","decl":{"start":{"line":61,"column":10},"end":{"line":61,"column":32}},"loc":{"start":{"line":61,"column":54},"end":{"line":68,"column":null}},"line":61},"5":{"name":"(anonymous_5)","decl":{"start":{"line":70,"column":4},"end":{"line":70,"column":17}},"loc":{"start":{"line":70,"column":17},"end":{"line":70,"column":null}},"line":70},"6":{"name":"(anonymous_6)","decl":{"start":{"line":73,"column":35},"end":{"line":73,"column":42}},"loc":{"start":{"line":73,"column":47},"end":{"line":73,"column":58}},"line":73},"7":{"name":"(anonymous_7)","decl":{"start":{"line":74,"column":34},"end":{"line":74,"column":41}},"loc":{"start":{"line":74,"column":46},"end":{"line":74,"column":58}},"line":74},"8":{"name":"(anonymous_8)","decl":{"start":{"line":76,"column":8},"end":{"line":76,"column":24}},"loc":{"start":{"line":76,"column":45},"end":{"line":80,"column":null}},"line":76},"9":{"name":"(anonymous_9)","decl":{"start":{"line":82,"column":8},"end":{"line":82,"column":20}},"loc":{"start":{"line":82,"column":35},"end":{"line":87,"column":null}},"line":82},"10":{"name":"(anonymous_10)","decl":{"start":{"line":89,"column":8},"end":{"line":89,"column":25}},"loc":{"start":{"line":89,"column":64},"end":{"line":92,"column":null}},"line":89},"11":{"name":"(anonymous_11)","decl":{"start":{"line":94,"column":8},"end":{"line":94,"column":29}},"loc":{"start":{"line":94,"column":50},"end":{"line":159,"column":null}},"line":94},"12":{"name":"(anonymous_12)","decl":{"start":{"line":103,"column":14},"end":{"line":103,"column":25}},"loc":{"start":{"line":103,"column":31},"end":{"line":103,"column":null}},"line":103},"13":{"name":"(anonymous_13)","decl":{"start":{"line":104,"column":14},"end":{"line":104,"column":26}},"loc":{"start":{"line":104,"column":32},"end":{"line":104,"column":null}},"line":104},"14":{"name":"(anonymous_14)","decl":{"start":{"line":105,"column":14},"end":{"line":105,"column":28}},"loc":{"start":{"line":105,"column":28},"end":{"line":105,"column":null}},"line":105},"15":{"name":"(anonymous_15)","decl":{"start":{"line":111,"column":12},"end":{"line":111,"column":27}},"loc":{"start":{"line":111,"column":27},"end":{"line":111,"column":null}},"line":111},"16":{"name":"(anonymous_16)","decl":{"start":{"line":126,"column":12},"end":{"line":126,"column":22}},"loc":{"start":{"line":126,"column":28},"end":{"line":129,"column":null}},"line":126},"17":{"name":"(anonymous_17)","decl":{"start":{"line":141,"column":20},"end":{"line":141,"column":30}},"loc":{"start":{"line":141,"column":36},"end":{"line":141,"column":138}},"line":141},"18":{"name":"(anonymous_18)","decl":{"start":{"line":145,"column":20},"end":{"line":145,"column":30}},"loc":{"start":{"line":145,"column":36},"end":{"line":145,"column":85}},"line":145},"19":{"name":"(anonymous_19)","decl":{"start":{"line":150,"column":22},"end":{"line":150,"column":32}},"loc":{"start":{"line":150,"column":38},"end":{"line":150,"column":116}},"line":150},"20":{"name":"(anonymous_20)","decl":{"start":{"line":194,"column":10},"end":{"line":194,"column":25}},"loc":{"start":{"line":194,"column":25},"end":{"line":194,"column":null}},"line":194},"21":{"name":"(anonymous_21)","decl":{"start":{"line":207,"column":10},"end":{"line":207,"column":25}},"loc":{"start":{"line":207,"column":25},"end":{"line":207,"column":null}},"line":207},"22":{"name":"(anonymous_22)","decl":{"start":{"line":218,"column":10},"end":{"line":218,"column":25}},"loc":{"start":{"line":218,"column":25},"end":{"line":218,"column":null}},"line":218},"23":{"name":"(anonymous_23)","decl":{"start":{"line":256,"column":14},"end":{"line":256,"column":29}},"loc":{"start":{"line":256,"column":29},"end":{"line":259,"column":null}},"line":256},"24":{"name":"(anonymous_24)","decl":{"start":{"line":269,"column":10},"end":{"line":269,"column":25}},"loc":{"start":{"line":269,"column":25},"end":{"line":269,"column":null}},"line":269}},"branchMap":{"0":{"loc":{"start":{"line":27,"column":2},"end":{"line":27,"column":null}},"type":"default-arg","locations":[{"start":{"line":27,"column":11},"end":{"line":27,"column":null}}],"line":27},"1":{"loc":{"start":{"line":28,"column":2},"end":{"line":28,"column":null}},"type":"default-arg","locations":[{"start":{"line":28,"column":13},"end":{"line":28,"column":null}}],"line":28},"2":{"loc":{"start":{"line":30,"column":2},"end":{"line":30,"column":null}},"type":"default-arg","locations":[{"start":{"line":30,"column":16},"end":{"line":30,"column":null}}],"line":30},"3":{"loc":{"start":{"line":40,"column":21},"end":{"line":40,"column":null}},"type":"binary-expr","locations":[{"start":{"line":40,"column":21},"end":{"line":40,"column":64}},{"start":{"line":40,"column":64},"end":{"line":40,"column":null}}],"line":40},"4":{"loc":{"start":{"line":50,"column":4},"end":{"line":53,"column":null}},"type":"if","locations":[{"start":{"line":50,"column":4},"end":{"line":53,"column":null}},{"start":{},"end":{}}],"line":50},"5":{"loc":{"start":{"line":54,"column":4},"end":{"line":56,"column":null}},"type":"if","locations":[{"start":{"line":54,"column":4},"end":{"line":56,"column":null}},{"start":{},"end":{}}],"line":54},"6":{"loc":{"start":{"line":54,"column":8},"end":{"line":54,"column":67}},"type":"binary-expr","locations":[{"start":{"line":54,"column":8},"end":{"line":54,"column":50}},{"start":{"line":54,"column":50},"end":{"line":54,"column":67}}],"line":54},"7":{"loc":{"start":{"line":62,"column":6},"end":{"line":64,"column":null}},"type":"if","locations":[{"start":{"line":62,"column":6},"end":{"line":64,"column":null}},{"start":{},"end":{}}],"line":62},"8":{"loc":{"start":{"line":62,"column":10},"end":{"line":62,"column":78}},"type":"binary-expr","locations":[{"start":{"line":62,"column":10},"end":{"line":62,"column":29}},{"start":{"line":62,"column":29},"end":{"line":62,"column":78}}],"line":62},"9":{"loc":{"start":{"line":65,"column":6},"end":{"line":67,"column":null}},"type":"if","locations":[{"start":{"line":65,"column":6},"end":{"line":67,"column":null}},{"start":{},"end":{}}],"line":65},"10":{"loc":{"start":{"line":65,"column":10},"end":{"line":65,"column":92}},"type":"binary-expr","locations":[{"start":{"line":65,"column":10},"end":{"line":65,"column":36}},{"start":{"line":65,"column":36},"end":{"line":65,"column":92}}],"line":65},"11":{"loc":{"start":{"line":83,"column":4},"end":{"line":85,"column":null}},"type":"if","locations":[{"start":{"line":83,"column":4},"end":{"line":85,"column":null}},{"start":{},"end":{}}],"line":83},"12":{"loc":{"start":{"line":83,"column":8},"end":{"line":83,"column":45}},"type":"binary-expr","locations":[{"start":{"line":83,"column":8},"end":{"line":83,"column":28}},{"start":{"line":83,"column":28},"end":{"line":83,"column":45}}],"line":83},"13":{"loc":{"start":{"line":90,"column":4},"end":{"line":90,"column":null}},"type":"if","locations":[{"start":{"line":90,"column":4},"end":{"line":90,"column":null}},{"start":{},"end":{}}],"line":90},"14":{"loc":{"start":{"line":91,"column":4},"end":{"line":91,"column":null}},"type":"if","locations":[{"start":{"line":91,"column":4},"end":{"line":91,"column":null}},{"start":{},"end":{}}],"line":91},"15":{"loc":{"start":{"line":98,"column":9},"end":{"line":120,"column":null}},"type":"cond-expr","locations":[{"start":{"line":99,"column":10},"end":{"line":110,"column":11}},{"start":{"line":110,"column":10},"end":{"line":120,"column":null}}],"line":98},"16":{"loc":{"start":{"line":112,"column":143},"end":{"line":114,"column":null}},"type":"cond-expr","locations":[{"start":{"line":113,"column":16},"end":{"line":113,"column":null}},{"start":{"line":114,"column":16},"end":{"line":114,"column":null}}],"line":112},"17":{"loc":{"start":{"line":117,"column":62},"end":{"line":117,"column":null}},"type":"cond-expr","locations":[{"start":{"line":117,"column":73},"end":{"line":117,"column":93}},{"start":{"line":117,"column":93},"end":{"line":117,"column":null}}],"line":117},"18":{"loc":{"start":{"line":124,"column":9},"end":{"line":135,"column":null}},"type":"binary-expr","locations":[{"start":{"line":124,"column":9},"end":{"line":124,"column":null}},{"start":{"line":125,"column":10},"end":{"line":135,"column":null}}],"line":124},"19":{"loc":{"start":{"line":128,"column":28},"end":{"line":128,"column":73}},"type":"cond-expr","locations":[{"start":{"line":128,"column":56},"end":{"line":128,"column":63}},{"start":{"line":128,"column":63},"end":{"line":128,"column":73}}],"line":128},"20":{"loc":{"start":{"line":130,"column":153},"end":{"line":130,"column":null}},"type":"cond-expr","locations":[{"start":{"line":130,"column":181},"end":{"line":130,"column":224}},{"start":{"line":130,"column":224},"end":{"line":130,"column":null}}],"line":130},"21":{"loc":{"start":{"line":139,"column":9},"end":{"line":155,"column":null}},"type":"binary-expr","locations":[{"start":{"line":139,"column":9},"end":{"line":139,"column":null}},{"start":{"line":140,"column":10},"end":{"line":155,"column":null}}],"line":139},"22":{"loc":{"start":{"line":142,"column":45},"end":{"line":142,"column":90}},"type":"cond-expr","locations":[{"start":{"line":142,"column":65},"end":{"line":142,"column":82}},{"start":{"line":142,"column":82},"end":{"line":142,"column":90}}],"line":142},"23":{"loc":{"start":{"line":143,"column":15},"end":{"line":143,"column":null}},"type":"cond-expr","locations":[{"start":{"line":143,"column":35},"end":{"line":143,"column":47}},{"start":{"line":143,"column":47},"end":{"line":143,"column":null}}],"line":143},"24":{"loc":{"start":{"line":149,"column":13},"end":{"line":153,"column":null}},"type":"binary-expr","locations":[{"start":{"line":149,"column":13},"end":{"line":149,"column":null}},{"start":{"line":150,"column":14},"end":{"line":153,"column":null}}],"line":149},"25":{"loc":{"start":{"line":162,"column":159},"end":{"line":162,"column":188}},"type":"cond-expr","locations":[{"start":{"line":162,"column":168},"end":{"line":162,"column":177}},{"start":{"line":162,"column":177},"end":{"line":162,"column":188}}],"line":162},"26":{"loc":{"start":{"line":168,"column":17},"end":{"line":168,"column":null}},"type":"cond-expr","locations":[{"start":{"line":168,"column":68},"end":{"line":168,"column":100}},{"start":{"line":168,"column":100},"end":{"line":168,"column":null}}],"line":168},"27":{"loc":{"start":{"line":168,"column":17},"end":{"line":168,"column":68}},"type":"binary-expr","locations":[{"start":{"line":168,"column":17},"end":{"line":168,"column":27}},{"start":{"line":168,"column":27},"end":{"line":168,"column":68}}],"line":168},"28":{"loc":{"start":{"line":168,"column":100},"end":{"line":168,"column":null}},"type":"cond-expr","locations":[{"start":{"line":168,"column":110},"end":{"line":168,"column":130}},{"start":{"line":168,"column":130},"end":{"line":168,"column":null}}],"line":168},"29":{"loc":{"start":{"line":171,"column":101},"end":{"line":171,"column":null}},"type":"cond-expr","locations":[{"start":{"line":171,"column":111},"end":{"line":171,"column":209}},{"start":{"line":171,"column":209},"end":{"line":171,"column":null}}],"line":171},"30":{"loc":{"start":{"line":172,"column":15},"end":{"line":184,"column":null}},"type":"cond-expr","locations":[{"start":{"line":173,"column":16},"end":{"line":182,"column":17}},{"start":{"line":182,"column":16},"end":{"line":184,"column":null}}],"line":172},"31":{"loc":{"start":{"line":188,"column":105},"end":{"line":188,"column":null}},"type":"cond-expr","locations":[{"start":{"line":188,"column":114},"end":{"line":188,"column":140}},{"start":{"line":188,"column":140},"end":{"line":188,"column":null}}],"line":188},"32":{"loc":{"start":{"line":195,"column":198},"end":{"line":195,"column":null}},"type":"cond-expr","locations":[{"start":{"line":195,"column":207},"end":{"line":195,"column":228}},{"start":{"line":195,"column":228},"end":{"line":195,"column":null}}],"line":195},"33":{"loc":{"start":{"line":209,"column":17},"end":{"line":209,"column":null}},"type":"cond-expr","locations":[{"start":{"line":209,"column":27},"end":{"line":209,"column":51}},{"start":{"line":209,"column":51},"end":{"line":209,"column":null}}],"line":209},"34":{"loc":{"start":{"line":214,"column":77},"end":{"line":214,"column":117}},"type":"cond-expr","locations":[{"start":{"line":214,"column":86},"end":{"line":214,"column":102}},{"start":{"line":214,"column":102},"end":{"line":214,"column":117}}],"line":214},"35":{"loc":{"start":{"line":220,"column":17},"end":{"line":220,"column":null}},"type":"cond-expr","locations":[{"start":{"line":220,"column":27},"end":{"line":220,"column":66}},{"start":{"line":220,"column":66},"end":{"line":220,"column":null}}],"line":220},"36":{"loc":{"start":{"line":225,"column":77},"end":{"line":225,"column":117}},"type":"cond-expr","locations":[{"start":{"line":225,"column":86},"end":{"line":225,"column":102}},{"start":{"line":225,"column":102},"end":{"line":225,"column":117}}],"line":225},"37":{"loc":{"start":{"line":230,"column":96},"end":{"line":230,"column":null}},"type":"cond-expr","locations":[{"start":{"line":230,"column":105},"end":{"line":230,"column":126}},{"start":{"line":230,"column":126},"end":{"line":230,"column":null}}],"line":230},"38":{"loc":{"start":{"line":231,"column":9},"end":{"line":240,"column":24}},"type":"binary-expr","locations":[{"start":{"line":231,"column":9},"end":{"line":231,"column":null}},{"start":{"line":232,"column":10},"end":{"line":240,"column":24}}],"line":231},"39":{"loc":{"start":{"line":240,"column":9},"end":{"line":248,"column":null}},"type":"binary-expr","locations":[{"start":{"line":240,"column":9},"end":{"line":240,"column":null}},{"start":{"line":241,"column":10},"end":{"line":248,"column":null}}],"line":240},"40":{"loc":{"start":{"line":253,"column":9},"end":{"line":268,"column":9}},"type":"binary-expr","locations":[{"start":{"line":253,"column":9},"end":{"line":253,"column":null}},{"start":{"line":254,"column":10},"end":{"line":268,"column":9}}],"line":253},"41":{"loc":{"start":{"line":254,"column":204},"end":{"line":254,"column":null}},"type":"cond-expr","locations":[{"start":{"line":254,"column":213},"end":{"line":254,"column":232}},{"start":{"line":254,"column":232},"end":{"line":254,"column":null}}],"line":254},"42":{"loc":{"start":{"line":276,"column":97},"end":{"line":276,"column":null}},"type":"cond-expr","locations":[{"start":{"line":276,"column":106},"end":{"line":276,"column":127}},{"start":{"line":276,"column":127},"end":{"line":276,"column":null}}],"line":276}},"s":{"0":2,"1":2,"2":87,"3":90,"4":87,"5":87,"6":87,"7":87,"8":87,"9":87,"10":87,"11":4,"12":2,"13":2,"14":2,"15":1,"16":87,"17":25,"18":3,"19":2,"20":3,"21":2,"22":25,"23":25,"24":25,"25":87,"26":135,"27":87,"28":135,"29":87,"30":5,"31":5,"32":5,"33":87,"34":4,"35":3,"36":4,"37":87,"38":3,"39":2,"40":3,"41":1,"42":87,"43":135,"44":135,"45":4,"46":3,"47":2,"48":3,"49":14,"50":14,"51":3,"52":3,"53":3,"54":5,"55":5,"56":1,"57":1,"58":1,"59":87,"60":1,"61":2,"62":2,"63":2,"64":2,"65":5},"f":{"0":87,"1":90,"2":4,"3":25,"4":3,"5":25,"6":135,"7":135,"8":5,"9":4,"10":3,"11":135,"12":4,"13":3,"14":2,"15":3,"16":14,"17":3,"18":5,"19":1,"20":1,"21":2,"22":2,"23":2,"24":5},"b":{"0":[87],"1":[87],"2":[87],"3":[87,1],"4":[2,2],"5":[1,1],"6":[2,1],"7":[2,1],"8":[3,3],"9":[2,1],"10":[3,3],"11":[3,1],"12":[4,3],"13":[2,1],"14":[1,2],"15":[9,126],"16":[58,68],"17":[58,68],"18":[135,126],"19":[1,13],"20":[16,110],"21":[135,16],"22":[13,3],"23":[13,3],"24":[16,13],"25":[83,4],"26":[61,26],"27":[87,83],"28":[4,22],"29":[4,83],"30":[4,83],"31":[83,4],"32":[83,4],"33":[4,83],"34":[83,4],"35":[4,83],"36":[83,4],"37":[83,4],"38":[87,57],"39":[87,78],"40":[87,6],"41":[5,1],"42":[83,4]},"meta":{"lastBranch":43,"lastFunction":25,"lastStatement":66,"seen":{"s:4:14:9:Infinity":0,"s:26:6:284:Infinity":1,"f:26:6:26:41":0,"b:27:11:27:Infinity":0,"b:28:13:28:Infinity":1,"b:30:16:30:Infinity":2,"s:40:21:40:Infinity":2,"b:40:21:40:64:40:64:40:Infinity":3,"f:40:27:40:32":1,"s:40:37:40:59":3,"s:42:27:42:Infinity":4,"s:43:20:43:Infinity":5,"s:44:21:44:Infinity":6,"s:45:28:45:Infinity":7,"s:46:8:46:Infinity":8,"s:47:8:47:Infinity":9,"s:49:8:57:Infinity":10,"f:49:8:49:32":2,"b:50:4:53:Infinity:undefined:undefined:undefined:undefined":4,"s:50:4:53:Infinity":11,"s:51:6:51:Infinity":12,"s:52:6:52:Infinity":13,"b:54:4:56:Infinity:undefined:undefined:undefined:undefined":5,"s:54:4:56:Infinity":14,"b:54:8:54:50:54:50:54:67":6,"s:55:6:55:Infinity":15,"s:60:2:71:Infinity":16,"f:60:2:60:18":3,"s:61:10:68:Infinity":17,"f:61:10:61:32":4,"b:62:6:64:Infinity:undefined:undefined:undefined:undefined":7,"s:62:6:64:Infinity":18,"b:62:10:62:29:62:29:62:78":8,"s:63:8:63:Infinity":19,"b:65:6:67:Infinity:undefined:undefined:undefined:undefined":9,"s:65:6:67:Infinity":20,"b:65:10:65:36:65:36:65:92":10,"s:66:8:66:Infinity":21,"s:69:4:69:Infinity":22,"s:70:4:70:Infinity":23,"f:70:4:70:17":5,"s:70:17:70:Infinity":24,"s:73:26:73:Infinity":25,"f:73:35:73:42":6,"s:73:47:73:58":26,"s:74:25:74:Infinity":27,"f:74:34:74:41":7,"s:74:46:74:58":28,"s:76:8:80:Infinity":29,"f:76:8:76:24":8,"s:77:4:77:Infinity":30,"s:78:4:78:Infinity":31,"s:79:4:79:Infinity":32,"s:82:8:87:Infinity":33,"f:82:8:82:20":9,"b:83:4:85:Infinity:undefined:undefined:undefined:undefined":11,"s:83:4:85:Infinity":34,"b:83:8:83:28:83:28:83:45":12,"s:84:6:84:Infinity":35,"s:86:4:86:Infinity":36,"s:89:8:92:Infinity":37,"f:89:8:89:25":10,"b:90:4:90:Infinity:undefined:undefined:undefined:undefined":13,"s:90:4:90:Infinity":38,"s:90:27:90:Infinity":39,"b:91:4:91:Infinity:undefined:undefined:undefined:undefined":14,"s:91:4:91:Infinity":40,"s:91:28:91:Infinity":41,"s:94:8:159:Infinity":42,"f:94:8:94:29":11,"s:95:21:95:Infinity":43,"s:96:4:157:Infinity":44,"b:99:10:110:11:110:10:120:Infinity":15,"f:103:14:103:25":12,"s:103:31:103:Infinity":45,"f:104:14:104:26":13,"s:104:32:104:Infinity":46,"f:105:14:105:28":14,"s:105:28:105:Infinity":47,"f:111:12:111:27":15,"s:111:27:111:Infinity":48,"b:113:16:113:Infinity:114:16:114:Infinity":16,"b:117:73:117:93:117:93:117:Infinity":17,"b:124:9:124:Infinity:125:10:135:Infinity":18,"f:126:12:126:22":16,"s:127:14:127:Infinity":49,"s:128:14:128:Infinity":50,"b:128:56:128:63:128:63:128:73":19,"b:130:181:130:224:130:224:130:Infinity":20,"b:139:9:139:Infinity:140:10:155:Infinity":21,"f:141:20:141:30":17,"s:141:38:141:59":51,"s:141:59:141:114":52,"s:141:114:141:135":53,"b:142:65:142:82:142:82:142:90":22,"b:143:35:143:47:143:47:143:Infinity":23,"f:145:20:145:30":18,"s:145:38:145:59":54,"s:145:59:145:82":55,"b:149:13:149:Infinity:150:14:153:Infinity":24,"f:150:22:150:32":19,"s:150:40:150:61":56,"s:150:61:150:92":57,"s:150:92:150:113":58,"s:161:2:282:Infinity":59,"b:162:168:162:177:162:177:162:188":25,"b:168:68:168:100:168:100:168:Infinity":26,"b:168:17:168:27:168:27:168:68":27,"b:168:110:168:130:168:130:168:Infinity":28,"b:171:111:171:209:171:209:171:Infinity":29,"b:173:16:182:17:182:16:184:Infinity":30,"b:188:114:188:140:188:140:188:Infinity":31,"f:194:10:194:25":20,"s:194:25:194:Infinity":60,"b:195:207:195:228:195:228:195:Infinity":32,"f:207:10:207:25":21,"s:207:25:207:Infinity":61,"b:209:27:209:51:209:51:209:Infinity":33,"b:214:86:214:102:214:102:214:117":34,"f:218:10:218:25":22,"s:218:25:218:Infinity":62,"b:220:27:220:66:220:66:220:Infinity":35,"b:225:86:225:102:225:102:225:117":36,"b:230:105:230:126:230:126:230:Infinity":37,"b:231:9:231:Infinity:232:10:240:24":38,"b:240:9:240:Infinity:241:10:248:Infinity":39,"b:253:9:253:Infinity:254:10:268:9":40,"b:254:213:254:232:254:232:254:Infinity":41,"f:256:14:256:29":23,"s:257:16:257:Infinity":63,"s:258:16:258:Infinity":64,"f:269:10:269:25":24,"s:269:25:269:Infinity":65,"b:276:106:276:127:276:127:276:Infinity":42},"fnNames":{}}}
,"C:\\Users\\MyPC\\EAA_Enterprise_AI_Assistant\\SPEC_MVP\\apps\\chat-ui\\src\\contexts\\AuthContext.tsx": {"path":"C:\\Users\\MyPC\\EAA_Enterprise_AI_Assistant\\SPEC_MVP\\apps\\chat-ui\\src\\contexts\\AuthContext.tsx","statementMap":{"0":{"start":{"line":10,"column":6},"end":{"line":10,"column":null}},"1":{"start":{"line":12,"column":13},"end":{"line":31,"column":null}},"2":{"start":{"line":13,"column":20},"end":{"line":13,"column":null}},"3":{"start":{"line":14,"column":22},"end":{"line":14,"column":null}},"4":{"start":{"line":16,"column":8},"end":{"line":19,"column":null}},"5":{"start":{"line":17,"column":4},"end":{"line":17,"column":null}},"6":{"start":{"line":18,"column":4},"end":{"line":18,"column":null}},"7":{"start":{"line":21,"column":8},"end":{"line":24,"column":null}},"8":{"start":{"line":22,"column":4},"end":{"line":22,"column":null}},"9":{"start":{"line":23,"column":4},"end":{"line":23,"column":null}},"10":{"start":{"line":26,"column":2},"end":{"line":29,"column":null}},"11":{"start":{"line":33,"column":13},"end":{"line":39,"column":null}},"12":{"start":{"line":34,"column":8},"end":{"line":34,"column":null}},"13":{"start":{"line":35,"column":2},"end":{"line":37,"column":null}},"14":{"start":{"line":36,"column":4},"end":{"line":36,"column":null}},"15":{"start":{"line":38,"column":2},"end":{"line":38,"column":null}}},"fnMap":{"0":{"name":"(anonymous_0)","decl":{"start":{"line":12,"column":13},"end":{"line":12,"column":64}},"loc":{"start":{"line":12,"column":81},"end":{"line":31,"column":null}},"line":12},"1":{"name":"(anonymous_1)","decl":{"start":{"line":16,"column":8},"end":{"line":16,"column":17}},"loc":{"start":{"line":16,"column":53},"end":{"line":19,"column":null}},"line":16},"2":{"name":"(anonymous_2)","decl":{"start":{"line":21,"column":8},"end":{"line":21,"column":23}},"loc":{"start":{"line":21,"column":23},"end":{"line":24,"column":null}},"line":21},"3":{"name":"(anonymous_3)","decl":{"start":{"line":33,"column":13},"end":{"line":33,"column":29}},"loc":{"start":{"line":33,"column":29},"end":{"line":39,"column":null}},"line":33}},"branchMap":{"0":{"loc":{"start":{"line":35,"column":2},"end":{"line":37,"column":null}},"type":"if","locations":[{"start":{"line":35,"column":2},"end":{"line":37,"column":null}},{"start":{},"end":{}}],"line":35}},"s":{"0":2,"1":2,"2":20,"3":20,"4":20,"5":8,"6":8,"7":20,"8":2,"9":2,"10":20,"11":2,"12":105,"13":105,"14":2,"15":102},"f":{"0":20,"1":8,"2":2,"3":105},"b":{"0":[2,103]},"meta":{"lastBranch":1,"lastFunction":4,"lastStatement":16,"seen":{"s:10:6:10:Infinity":0,"s:12:13:31:Infinity":1,"f:12:13:12:64":0,"s:13:20:13:Infinity":2,"s:14:22:14:Infinity":3,"s:16:8:19:Infinity":4,"f:16:8:16:17":1,"s:17:4:17:Infinity":5,"s:18:4:18:Infinity":6,"s:21:8:24:Infinity":7,"f:21:8:21:23":2,"s:22:4:22:Infinity":8,"s:23:4:23:Infinity":9,"s:26:2:29:Infinity":10,"s:33:13:39:Infinity":11,"f:33:13:33:29":3,"s:34:8:34:Infinity":12,"b:35:2:37:Infinity:undefined:undefined:undefined:undefined":0,"s:35:2:37:Infinity":13,"s:36:4:36:Infinity":14,"s:38:2:38:Infinity":15},"fnNames":{}}}
,"C:\\Users\\MyPC\\EAA_Enterprise_AI_Assistant\\SPEC_MVP\\apps\\chat-ui\\src\\hooks\\useChat.ts": {"path":"C:\\Users\\MyPC\\EAA_Enterprise_AI_Assistant\\SPEC_MVP\\apps\\chat-ui\\src\\hooks\\useChat.ts","statementMap":{"0":{"start":{"line":5,"column":6},"end":{"line":10,"column":null}},"1":{"start":{"line":6,"column":12},"end":{"line":6,"column":null}},"2":{"start":{"line":7,"column":19},"end":{"line":7,"column":null}},"3":{"start":{"line":8,"column":19},"end":{"line":8,"column":null}},"4":{"start":{"line":9,"column":2},"end":{"line":9,"column":null}},"5":{"start":{"line":24,"column":13},"end":{"line":363,"column":null}},"6":{"start":{"line":25,"column":21},"end":{"line":25,"column":null}},"7":{"start":{"line":26,"column":19},"end":{"line":26,"column":null}},"8":{"start":{"line":27,"column":26},"end":{"line":27,"column":null}},"9":{"start":{"line":28,"column":19},"end":{"line":28,"column":null}},"10":{"start":{"line":30,"column":20},"end":{"line":30,"column":null}},"11":{"start":{"line":33,"column":24},"end":{"line":76,"column":null}},"12":{"start":{"line":34,"column":4},"end":{"line":75,"column":null}},"13":{"start":{"line":35,"column":23},"end":{"line":37,"column":null}},"14":{"start":{"line":38,"column":6},"end":{"line":72,"column":null}},"15":{"start":{"line":39,"column":21},"end":{"line":39,"column":null}},"16":{"start":{"line":40,"column":8},"end":{"line":40,"column":null}},"17":{"start":{"line":41,"column":14},"end":{"line":54,"column":null}},"18":{"start":{"line":42,"column":22},"end":{"line":42,"column":null}},"19":{"start":{"line":43,"column":10},"end":{"line":45,"column":null}},"20":{"start":{"line":44,"column":12},"end":{"line":44,"column":null}},"21":{"start":{"line":46,"column":10},"end":{"line":46,"column":null}},"22":{"start":{"line":47,"column":10},"end":{"line":53,"column":null}},"23":{"start":{"line":56,"column":8},"end":{"line":71,"column":null}},"24":{"start":{"line":57,"column":10},"end":{"line":63,"column":null}},"25":{"start":{"line":64,"column":10},"end":{"line":64,"column":null}},"26":{"start":{"line":65,"column":10},"end":{"line":65,"column":null}},"27":{"start":{"line":67,"column":10},"end":{"line":67,"column":null}},"28":{"start":{"line":68,"column":10},"end":{"line":70,"column":null}},"29":{"start":{"line":68,"column":89},"end":{"line":68,"column":113}},"30":{"start":{"line":69,"column":12},"end":{"line":69,"column":null}},"31":{"start":{"line":74,"column":6},"end":{"line":74,"column":null}},"32":{"start":{"line":79,"column":28},"end":{"line":100,"column":null}},"33":{"start":{"line":80,"column":4},"end":{"line":80,"column":null}},"34":{"start":{"line":80,"column":37},"end":{"line":80,"column":null}},"35":{"start":{"line":81,"column":4},"end":{"line":98,"column":null}},"36":{"start":{"line":82,"column":23},"end":{"line":84,"column":null}},"37":{"start":{"line":85,"column":6},"end":{"line":95,"column":null}},"38":{"start":{"line":86,"column":21},"end":{"line":86,"column":null}},"39":{"start":{"line":87,"column":8},"end":{"line":94,"column":null}},"40":{"start":{"line":87,"column":54},"end":{"line":94,"column":10}},"41":{"start":{"line":97,"column":6},"end":{"line":97,"column":null}},"42":{"start":{"line":99,"column":4},"end":{"line":99,"column":null}},"43":{"start":{"line":103,"column":30},"end":{"line":130,"column":null}},"44":{"start":{"line":104,"column":4},"end":{"line":107,"column":null}},"45":{"start":{"line":105,"column":6},"end":{"line":105,"column":null}},"46":{"start":{"line":106,"column":6},"end":{"line":106,"column":null}},"47":{"start":{"line":108,"column":4},"end":{"line":108,"column":null}},"48":{"start":{"line":109,"column":4},"end":{"line":129,"column":null}},"49":{"start":{"line":110,"column":23},"end":{"line":112,"column":null}},"50":{"start":{"line":113,"column":6},"end":{"line":124,"column":null}},"51":{"start":{"line":114,"column":21},"end":{"line":114,"column":null}},"52":{"start":{"line":115,"column":8},"end":{"line":115,"column":null}},"53":{"start":{"line":116,"column":14},"end":{"line":122,"column":null}},"54":{"start":{"line":116,"column":70},"end":{"line":122,"column":10}},"55":{"start":{"line":123,"column":8},"end":{"line":123,"column":null}},"56":{"start":{"line":126,"column":6},"end":{"line":126,"column"
[...]
3},"end":{"line":159,"column":null}},"line":156},"13":{"name":"(anonymous_13)","decl":{"start":{"line":161,"column":24},"end":{"line":161,"column":31}},"loc":{"start":{"line":161,"column":46},"end":{"line":190,"column":null}},"line":161},"14":{"name":"(anonymous_14)","decl":{"start":{"line":163,"column":34},"end":{"line":163,"column":41}},"loc":{"start":{"line":163,"column":46},"end":{"line":163,"column":57}},"line":163},"15":{"name":"(anonymous_15)","decl":{"start":{"line":192,"column":22},"end":{"line":192,"column":29}},"loc":{"start":{"line":192,"column":68},"end":{"line":242,"column":null}},"line":192},"16":{"name":"(anonymous_16)","decl":{"start":{"line":196,"column":27},"end":{"line":196,"column":37}},"loc":{"start":{"line":196,"column":42},"end":{"line":196,"column":60}},"line":196},"17":{"name":"(anonymous_17)","decl":{"start":{"line":207,"column":4},"end":{"line":207,"column":16}},"loc":{"start":{"line":207,"column":24},"end":{"line":207,"column":61}},"line":207},"18":{"name":"(anonymous_18)","decl":{"start":{"line":238,"column":6},"end":{"line":238,"column":18}},"loc":{"start":{"line":238,"column":26},"end":{"line":238,"column":45}},"line":238},"19":{"name":"(anonymous_19)","decl":{"start":{"line":244,"column":22},"end":{"line":244,"column":29}},"loc":{"start":{"line":244,"column":49},"end":{"line":294,"column":null}},"line":244},"20":{"name":"(anonymous_20)","decl":{"start":{"line":253,"column":4},"end":{"line":253,"column":16}},"loc":{"start":{"line":253,"column":24},"end":{"line":253,"column":45}},"line":253},"21":{"name":"(anonymous_21)","decl":{"start":{"line":290,"column":6},"end":{"line":290,"column":18}},"loc":{"start":{"line":290,"column":26},"end":{"line":290,"column":45}},"line":290},"22":{"name":"(anonymous_22)","decl":{"start":{"line":296,"column":27},"end":{"line":296,"column":34}},"loc":{"start":{"line":296,"column":74},"end":{"line":320,"column":null}},"line":296},"23":{"name":"(anonymous_23)","decl":{"start":{"line":301,"column":4},"end":{"line":301,"column":16}},"loc":{"start":{"line":301,"column":24},"end":{"line":305,"column":5}},"line":301},"24":{"name":"(anonymous_24)","decl":{"start":{"line":302,"column":24},"end":{"line":302,"column":28}},"loc":{"start":{"line":302,"column":33},"end":{"line":302,"column":83}},"line":302},"25":{"name":"(anonymous_25)","decl":{"start":{"line":322,"column":31},"end":{"line":322,"column":38}},"loc":{"start":{"line":322,"column":80},"end":{"line":346,"column":null}},"line":322},"26":{"name":"(anonymous_26)","decl":{"start":{"line":327,"column":4},"end":{"line":327,"column":16}},"loc":{"start":{"line":327,"column":24},"end":{"line":331,"column":5}},"line":327},"27":{"name":"(anonymous_27)","decl":{"start":{"line":328,"column":24},"end":{"line":328,"column":28}},"loc":{"start":{"line":328,"column":33},"end":{"line":328,"column":77}},"line":328}},"branchMap":{"0":{"loc":{"start":{"line":6,"column":12},"end":{"line":6,"column":null}},"type":"cond-expr","locations":[{"start":{"line":6,"column":24},"end":{"line":6,"column":46}},{"start":{"line":6,"column":46},"end":{"line":6,"column":null}}],"line":6},"1":{"loc":{"start":{"line":38,"column":6},"end":{"line":72,"column":null}},"type":"if","locations":[{"start":{"line":38,"column":6},"end":{"line":72,"column":null}},{"start":{},"end":{}}],"line":38},"2":{"loc":{"start":{"line":41,"column":32},"end":{"line":41,"column":51}},"type":"binary-expr","locations":[{"start":{"line":41,"column":32},"end":{"line":41,"column":49}},{"start":{"line":41,"column":49},"end":{"line":41,"column":51}}],"line":41},"3":{"loc":{"start":{"line":42,"column":22},"end":{"line":42,"column":null}},"type":"binary-expr","locations":[{"start":{"line":42,"column":22},"end":{"line":42,"column":33}},{"start":{"line":42,"column":33},"end":{"line":42,"column":null}}],"line":42},"4":{"loc":{"start":{"line":43,"column":10},"end":{"line":45,"column":null}},"type":"if","locations":[{"start":{"line":43,"column":10},"end":{"line":45,"column":null}},{"start":{},"end":{}}],"line":43},"5":{"loc":{"start":{"line":51,"column":23},"end":{"line":51,"column":null}},"type":"cond-expr","locations":[{"start":{"line":51,"column":37},"end":{"line":51,"column":124}},{"start":{"line":51,"column":124},"end":{"line":51,"column":null}}],"line":51},"6":{"loc":{"start":{"line":52,"column":23},"end":{"line":52,"column":null}},"type":"binary-expr","locations":[{"start":{"line":52,"column":23},"end":{"line":52,"column":38}},{"start":{"line":52,"column":38},"end":{"line":52,"column":null}}],"line":52},"7":{"loc":{"start":{"line":56,"column":8},"end":{"line":71,"column":null}},"type":"if","locations":[{"start":{"line":56,"column":8},"end":{"line":71,"column":null}},{"start":{"line":66,"column":15},"end":{"line":71,"column":null}}],"line":56},"8":{"loc":{"start":{"line":68,"column":10},"end":{"line":70,"column":null}},"type":"if","locations":[{"start":{"line":68,"column":10},"end":{"line":70,"column":null}},{"start":{},"end":{}}],"line":68},"9":{"loc":{"start":{"line":68,"column":14},"end":{"line":68,"column":116}},"type":"binary-expr","locations":[{"start":{"line":68,"column":14},"end":{"line":68,"column":56}},{"start":{"line":68,"column":56},"end":{"line":68,"column":116}}],"line":68},"10":{"loc":{"start":{"line":80,"column":4},"end":{"line":80,"column":null}},"type":"if","locations":[{"start":{"line":80,"column":4},"end":{"line":80,"column":null}},{"start":{},"end":{}}],"line":80},"11":{"loc":{"start":{"line":80,"column":8},"end":{"line":80,"column":37}},"type":"binary-expr","locations":[{"start":{"line":80,"column":8},"end":{"line":80,"column":22}},{"start":{"line":80,"column":22},"end":{"line":80,"column":37}}],"line":80},"12":{"loc":{"start":{"line":85,"column":6},"end":{"line":95,"column":null}},"type":"if","locations":[{"start":{"line":85,"column":6},"end":{"line":95,"column":null}},{"start":{},"end":{}}],"line":85},"13":{"loc":{"start":{"line":87,"column":16},"end":{"line":87,"column":35}},"type":"binary-expr","locations":[{"start":{"line":87,"column":16},"end":{"line":87,"column":33}},{"start":{"line":87,"column":33},"end":{"line":87,"column":35}}],"line":87},"14":{"loc":{"start":{"line":90,"column":17},"end":{"line":90,"column":null}},"type":"binary-expr","locations":[{"start":{"line":90,"column":17},"end":{"line":90,"column":28}},{"start":{"line":90,"column":28},"end":{"line":90,"column":null}}],"line":90},"15":{"loc":{"start":{"line":91,"column":21},"end":{"line":91,"column":null}},"type":"cond-expr","locations":[{"start":{"line":91,"column":35},"end":{"line":91,"column":122}},{"start":{"line":91,"column":122},"end":{"line":91,"column":null}}],"line":91},"16":{"loc":{"start":{"line":92,"column":21},"end":{"line":92,"column":null}},"type":"binary-expr","locations":[{"start":{"line":92,"column":21},"end":{"line":92,"column":36}},{"start":{"line":92,"column":36},"end":{"line":92,"column":null}}],"line":92},"17":{"loc":{"start":{"line":104,"column":4},"end":{"line":107,"column":null}},"type":"if","locations":[{"start":{"line":104,"column":4},"end":{"line":107,"column":null}},{"start":{},"end":{}}],"line":104},"18":{"loc":{"start":{"line":113,"column":6},"end":{"line":124,"column":null}},"type":"if","locations":[{"start":{"line":113,"column":6},"end":{"line":124,"column":null}},{"start":{},"end":{}}],"line":113},"19":{"loc":{"start":{"line":116,"column":32},"end":{"line":116,"column":51}},"type":"binary-expr","locations":[{"start":{"line":116,"column":32},"end":{"line":116,"column":49}},{"start":{"line":116,"column":49},"end":{"line":116,"column":51}}],"line":116},"20":{"loc":{"start":{"line":118,"column":18},"end":{"line":118,"column":null}},"type":"cond-expr","locations":[{"start":{"line":118,"column":43},"end":{"line":118,"column":50}},{"start":{"line":118,"column":50},"end":{"line":118,"column":null}}],"line":118},"21":{"loc":{"start":{"line":134,"column":4},"end":{"line":142,"column":null}},"type":"if","locations":[{"start":{"line":134,"column":4},"end":{"line":142,"column":null}},{"start":{"line":138,"column":11},"end":{"line":142,"column":null}}],"line":134},"22":{"loc":{"start":{"line":134,"column":8},"end":{"line":134,"column":34}},"type":"binary-expr","locations":[{"start":{"line":134,"column":8},"end":{"line":134,"column":21}},{"start":{"line":134,"column":21},"end":{"line":134,"column":34}}],"line":134},"23":{"loc":{"start":{"line":147,"column":4},"end":{"line":149,"column":null}},"type":"if","locations":[{"start":{"line":147,"column":4},"end":{"line":149,"column":null}},{"start":{},"end":{}}],"line":147},"24":{"loc":{"start":{"line":164,"column":16},"end":{"line":170,"column":6}},"type":"cond-expr","locations":[{"start":{"line":164,"column":42},"end":{"line":164,"column":57}},{"start":{"line":164,"column":57},"end":{"line":170,"column":6}}],"line":164},"25":{"loc":{"start":{"line":172,"column":4},"end":{"line":174,"column":null}},"type":"if","locations":[{"start":{"line":172,"column":4},"end":{"line":174,"column":null}},{"start":{},"end":{}}],"line":172},"26":{"loc":{"start":{"line":177,"column":4},"end":{"line":189,"column":null}},"type":"if","locations":[{"start":{"line":177,"column":4},"end":{"line":189,"column":null}},{"start":{},"end":{}}],"line":177},"27":{"loc":{"start":{"line":183,"column":8},"end":{"line":185,"column":null}},"type":"if","locations":[{"start":{"line":183,"column":8},"end":{"line":185,"column":null}},{"start":{},"end":{}}],"line":183},"28":{"loc":{"start":{"line":197,"column":4},"end":{"line":197,"column":null}},"type":"if","locations":[{"start":{"line":197,"column":4},"end":{"line":197,"column":null}},{"start":{},"end":{}}],"line":197},"29":{"loc":{"start":{"line":218,"column":21},"end":{"line":218,"column":null}},"type":"cond-expr","locations":[{"start":{"line":218,"column":62},"end":{"line":218,"column":88}},{"start":{"line":218,"column":88},"end":{"line":218,"column":null}}],"line":218},"30":{"loc":{"start":{"line":224,"column":6},"end":{"line":226,"column":null}},"type":"if","locations":[{"start":{"line":224,"column":6},"end":{"line":226,"column":null}},{"start":{},"end":{}}],"line":224},"31":{"loc":{"start":{"line":264,"column":21},"end":{"line":264,"column":null}},"type":"cond-expr","locations":[{"start":{"line":264,"column":62},"end":{"line":264,"column":88}},{"start":{"line":264,"column":88},"end":{"line":264,"column":null}}],"line":264},"32":{"loc":{"start":{"line":269,"column":6},"end":{"line":271,"column":null}},"type":"if","locations":[{"start":{"line":269,"column":6},"end":{"line":271,"column":null}},{"start":{},"end":{}}],"line":269},"33":{"loc":{"start":{"line":276,"column":30},"end":{"line":276,"column":null}},"type":"cond-expr","locations":[{"start":{"line":276,"column":71},"end":{"line":276,"column":88}},{"start":{"line":276,"column":88},"end":{"line":276,"column":null}}],"line":276},"34":{"loc":{"start":{"line":298,"column":4},"end":{"line":298,"column":null}},"type":"if","locations":[{"start":{"line":298,"column":4},"end":{"line":298,"column":null}},{"start":{},"end":{}}],"line":298},"35":{"loc":{"start":{"line":302,"column":33},"end":{"line":302,"column":83}},"type":"cond-expr","locations":[{"start":{"line":302,"column":54},"end":{"line":302,"column":82}},{"start":{"line":302,"column":82},"end":{"line":302,"column":83}}],"line":302},"36":{"loc":{"start":{"line":324,"column":4},"end":{"line":324,"column":null}},"type":"if","locations":[{"start":{"line":324,"column":4},"end":{"line":324,"column":null}},{"start":{},"end":{}}],"line":324},"37":{"loc":{"start":{"line":328,"column":33},"end":{"line":328,"column":77}},"type":"cond-expr","locations":[{"start":{"line":328,"column":54},"end":{"line":328,"column":76}},{"start":{"line":328,"column":76},"end":{"line":328,"column":77}}],"line":328}},"s":{"0":2,"1":36,"2":36,"3":36,"4":36,"5":2,"6":183,"7":183,"8":183,"9":183,"10":183,"11":183,"12":45,"13":45,"14":45,"15":42,"16":42,"17":42,"18":30,"19":30,"20":2,"21":30,"22":30,"23":42,"24":14,"25":14,"26":14,"27":28,"28":28,"29":2,"30":1,"31":3,"32":183,"33":7,"34":1,"35":6,"36":6,"37":5,"38":4,"39":4,"40":3,"41":1,"42":2,"43":183,"44":62,"45":44,"46":44,"47":18,"48":18,"49":18,"50":18,"51":14,"52":14,"53":14,"54":21,"55":14,"56":4,"57":18,"58":183,"59":43,"60":39,"61":39,"62":39,"63":4,"64":4,"65":4,"66":183,"67":60,"68":56,"69":183,"70":12,"71":183,"72":2,"73":2,"74":183,"75":7,"76":7,"77":7,"78":7,"79":2,"80":7,"81":6,"82":6,"83":5,"84":1,"85":1,"86":183,"87":5,"88":5,"89":6,"90":5,"91":1,"92":4,"93":4,"94":4,"95":4,"96":4,"97":4,"98":4,"99":1,"100":3,"101":3,"102":1,"103":1,"104":1,"105":1,"106":4,"107":183,"108":6,"109":6,"110":6,"111":6,"112":6,"113":6,"114":6,"115":5,"116":2,"117":3,"118":3,"119":6,"120":3,"121":3,"122":3,"123":3,"124":3,"125":3,"126":6,"127":183,"128":6,"129":6,"130":1,"131":5,"132":5,"133":6,"134":5,"135":5,"136":5,"137":5,"138":3,"139":2,"140":183,"141":5,"142":5,"143":1,"144":4,"145":4,"146":5,"147":4,"148":4,"149":4,"150":4,"151":3,"152":1,"153":183},"f":{"0":36,"1":183,"2":45,"3":30,"4":2,"5":7,"6":3,"7":62,"8":21,"9":43,"10":60,"11":12,"12":2,"13":7,"14":7,"15":5,"16":6,"17":4,"18":1,"19":6,"20":6,"21":3,"22":6,"23":5,"24":6,"25":5,"26":4,"27":5},"b":{"0":[19,17],"1":[42,3],"2":[42,1],"3":[30,9],"4":[2,28],"5":[10,20],"6":[30,29],"7":[14,28],"8":[1,27],"9":[28,2],"10":[1,6],"11":[7,7],"12":[4,1],"13":[4,1],"14":[3,1],"15":[1,2],"16":[3,3],"17":[44,18],"18":[14,4],"19":[14,1],"20":[9,12],"21":[39,4],"22":[43,39],"23":[56,4],"24":[2,5],"25":[2,5],"26":[6,1],"27":[1,4],"28":[1,4],"29":[1,3],"30":[1,3],"31":[5,1],"32":[2,3],"33":[2,1],"34":[1,5],"35":[5,1],"36":[1,4],"37":[4,1]},"meta":{"lastBranch":38,"lastFunction":28,"lastStatement":154,"seen":{"s:5:6:10:Infinity":0,"f:5:6:5:25":0,"s:6:12:6:Infinity":1,"b:6:24:6:46:6:46:6:Infinity":0,"s:7:19:7:Infinity":2,"s:8:19:8:Infinity":3,"s:9:2:9:Infinity":4,"s:24:13:363:Infinity":5,"f:24:13:24:29":1,"s:25:21:25:Infinity":6,"s:26:19:26:Infinity":7,"s:27:26:27:Infinity":8,"s:28:19:28:Infinity":9,"s:30:20:30:Infinity":10,"s:33:24:76:Infinity":11,"f:33:24:33:31":2,"s:34:4:75:Infinity":12,"s:35:23:37:Infinity":13,"b:38:6:72:Infinity:undefined:undefined:undefined:undefined":1,"s:38:6:72:Infinity":14,"s:39:21:39:Infinity":15,"s:40:8:40:Infinity":16,"s:41:14:54:Infinity":17,"b:41:32:41:49:41:49:41:51":2,"f:41:53:41:58":3,"s:42:22:42:Infinity":18,"b:42:22:42:33:42:33:42:Infinity":3,"b:43:10:45:Infinity:undefined:undefined:undefined:undefined":4,"s:43:10:45:Infinity":19,"s:44:12:44:Infinity":20,"s:46:10:46:Infinity":21,"s:47:10:53:Infinity":22,"b:51:37:51:124:51:124:51:Infinity":5,"b:52:23:52:38:52:38:52:Infinity":6,"b:56:8:71:Infinity:66:15:71:Infinity":7,"s:56:8:71:Infinity":23,"s:57:10:63:Infinity":24,"s:64:10:64:Infinity":25,"s:65:10:65:Infinity":26,"s:67:10:67:Infinity":27,"b:68:10:70:Infinity:undefined:undefined:undefined:undefined":8,"s:68:10:70:Infinity":28,"b:68:14:68:56:68:56:68:116":9,"f:68:72:68:78":4,"s:68:89:68:113":29,"s:69:12:69:Infinity":30,"s:74:6:74:Infinity":31,"s:79:28:100:Infinity":32,"f:79:28:79:35":5,"b:80:4:80:Infinity:undefined:undefined:undefined:undefined":10,"s:80:4:80:Infinity":33,"b:80:8:80:22:80:22:80:37":11,"s:80:37:80:Infinity":34,"s:81:4:98:Infinity":35,"s:82:23:84:Infinity":36,"b:85:6:95:Infinity:undefined:undefined:undefined:undefined":12,"s:85:6:95:Infinity":37,"s:86:21:86:Infinity":38,"s:87:8:94:Infinity":39,"b:87:16:87:33:87:33:87:35":13,"f:87:37:87:42":6,"s:87:54:94:10":40,"b:90:17:90:28:90:28:90:Infinity":14,"b:91:35:91:122:91:122:91:Infinity":15,"b:92:21:92:36:92:36:92:Infinity":16,"s:97:6:97:Infinity":41,"s:99:4:99:Infinity":42,"s:103:30:130:Infinity":43,"f:103:30:103:37":7,"b:104:4:107:Infinity:undefined:undefined:undefined:undefined":17,"s:104:4:107:Infinity":44,"s:105:6:105:Infinity":45,"s:106:6:106:Infinity":46,"s:108:4:108:Infinity":47,"s:109:4:129:Infinity":48,"s:110:23:112:Infinity":49,"b:113:6:124:Infinity:undefined:undefined:undefined:undefined":18,"s:113:6:124:Infinity":50,"s:114:21:114:Infinity":51,"s:115:8:115:Infinity":52,"s:116:14:122:Infinity":53,"b:116:32:116:49:116:49:116:51":19,"f:116:53:116:58":8,"s:116:70:122:10":54,"b:118:43:118:50:118:50:118:Infinity":20,"s:123:8:123:Infinity":55,"s:126:6:126:Infinity":56,"s:128:6:128:Infinity":57,"s:133:2:143:Infinity":58,"f:133:2:133:18":9,"b:134:4:142:Infinity:138:11:142:Infinity":21,"s:134:4:142:Infinity":59,"b:134:8:134:21:134:21:134:34":22,"s:135:6:135:Infinity":60,"s:136:6:136:Infinity":61,"s:137:6:137:Infinity":62,"s:139:6:139:Infinity":63,"s:140:6:140:Infinity":64,"s:141:6:141:Infinity":65,"s:146:2:150:Infinity":66,"f:146:2:146:18":10,"b:147:4:149:Infinity:undefined:undefined:undefined:undefined":23,"s:147:4:149:Infinity":67,"s:148:6:148:Infinity":68,"s:152:8:154:Infinity":69,"f:152:8:152:25":11,"s:153:4:153:Infinity":70,"s:156:8:159:Infinity":71,"f:156:8:156:33":12,"s:157:4:157:Infinity":72,"s:158:4:158:Infinity":73,"s:161:24:190:Infinity":74,"f:161:24:161:31":13,"s:163:25:163:Infinity":75,"f:163:34:163:41":14,"s:163:46:163:57":76,"s:164:4:170:Infinity":77,"b:164:42:164:57:164:57:170:6":24,"b:172:4:174:Infinity:undefined:undefined:undefined:undefined":25,"s:172:4:174:Infinity":78,"s:173:6:173:Infinity":79,"b:177:4:189:Infinity:undefined:undefined:undefined:undefined":26,"s:177:4:189:Infinity":80,"s:178:6:188:Infinity":81,"s:179:25:182:Infinity":82,"b:183:8:185:Infinity:undefined:undefined:undefined:undefined":27,"s:183:8:185:Infinity":83,"s:184:10:184:Infinity":84,"s:187:8:187:Infinity":85,"s:192:22:242:Infinity":86,"f:192:22:192:29":15,"s:193:20:193:Infinity":87,"s:196:18:196:Infinity":88,"f:196:27:196:37":16,"s:196:42:196:60":89,"b:197:4:197:Infinity:undefined:undefined:undefined:undefined":28,"s:197:4:197:Infinity":90,"s:197:22:197:Infinity":91,"s:200:32:205:Infinity":92,"s:207:4:207:Infinity":93,"f:207:4:207:16":17,"s:207:24:207:61":94,"s:208:4:208:Infinity":95,"s:210:4:241:Infinity":96,"s:211:23:222:Infinity":97,"b:218:62:218:88:218:88:218:Infinity":29,"b:224:6:226:Infinity:undefined:undefined:undefined:undefined":30,"s:224:6:226:Infinity":98,"s:225:8:225:Infinity":99,"s:228:6:228:Infinity":100,"s:229:6:229:Infinity":101,"s:231:6:231:Infinity":102,"s:232:32:237:Infinity":103,"s:238:6:238:Infinity":104,"f:238:6:238:18":18,"s:238:26:238:45":105,"s:240:6:240:Infinity":106,"s:244:22:294:Infinity":107,"f:244:22:244:29":19,"s:245:20:245:Infinity":108,"s:246:32:251:Infinity":109,"s:253:4:253:Infinity":110,"f:253:4:253:16":20,"s:253:24:253:45":111,"s:254:4:254:Infinity":112,"s:256:4:293:Infinity":113,"s:257:23:267:Infinity":114,"b:264:62:264:88:264:88:264:Infinity":31,"b:269:6:271:Infinity:undefined:undefined:undefined:undefined":32,"s:269:6:271:Infinity":115,"s:270:8:270:Infinity":116,"s:273:19:273:Infinity":117,"s:276:30:276:Infinity":118,"b:276:71:276:88:276:88:276:Infinity":33,"s:279:6:279:Infinity":119,"s:280:6:280:Infinity":120,"s:281:6:281:Infinity":121,"s:283:6:283:Infinity":122,"s:284:32:289:Infinity":123,"s:290:6:290:Infinity":124,"f:290:6:290:18":21,"s:290:26:290:45":125,"s:292:6:292:Infinity":126,"s:296:27:320:Infinity":127,"f:296:27:296:34":22,"s:297:4:297:Infinity":128,"b:298:4:298:Infinity:undefined:undefined:undefined:undefined":34,"s:298:4:298:Infinity":129,"s:298:20:298:Infinity":130,"s:301:4:305:Infinity":131,"f:301:4:301:16":23,"s:302:19:302:Infinity":132,"f:302:24:302:28":24,"s:302:33:302:83":133,"b:302:54:302:82:302:82:302:83":35,"s:303:6:303:Infinity":134,"s:304:6:304:Infinity":135,"s:307:4:319:Infinity":136,"s:308:23:315:Infinity":137,"s:316:6:316:Infinity":138,"s:318:6:318:Infinity":139,"s:322:31:346:Infinity":140,"f:322:31:322:38":25,"s:323:4:323:Infinity":141,"b:324:4:324:Infinity:undefined:undefined:undefined:undefined":36,"s:324:4:324:Infinity":142,"s:324:20:324:Infinity":143,"s:327:4:331:Infinity":144,"f:327:4:327:16":26,"s:328:19:328:Infinity":145,"f:328:24:328:28":27,"s:328:33:328:77":146,"b:328:54:328:76:328:76:328:77":37,"s:329:6:329:Infinity":147,"s:330:6:330:Infinity":148,"s:333:4:345:Infinity":149,"s:334:23:341:Infinity":150,"s:342:6:342:Infinity":151,"s:344:6:344:Infinity":152,"s:348:2:362:Infinity":153},"fnNames":{}}}
}
