{"C:\\Users\\MyPC\\EAA_Enterprise_AI_Assistant\\SPEC_MVP\\apps\\chat-ui\\src\\App.tsx": {"path":"C:\\Users\\MyPC\\EAA_Enterprise_AI_Assistant\\SPEC_MVP\\apps\\chat-ui\\src\\App.tsx","statementMap":{"0":{"start":{"line":6,"column":10},"end":{"line":6,"column":null}},"1":{"start":{"line":8,"column":2},"end":{"line":10,"column":null}},"2":{"start":{"line":9,"column":4},"end":{"line":9,"column":null}},"3":{"start":{"line":12,"column":2},"end":{"line":12,"column":null}},"4":{"start":{"line":18,"column":2},"end":{"line":23,"column":null}}},"fnMap":{"0":{"name":"AppContent","decl":{"start":{"line":5,"column":9},"end":{"line":5,"column":22}},"loc":{"start":{"line":5,"column":22},"end":{"line":13,"column":null}},"line":5},"1":{"name":"App","decl":{"start":{"line":17,"column":9},"end":{"line":17,"column":15}},"loc":{"start":{"line":17,"column":15},"end":{"line":25,"column":null}},"line":17}},"branchMap":{"0":{"loc":{"start":{"line":8,"column":2},"end":{"line":10,"column":null}},"type":"if","locations":[{"start":{"line":8,"column":2},"end":{"line":10,"column":null}},{"start":{},"end":{}}],"line":8},"1":{"loc":{"start":{"line":19,"column":35},"end":{"line":19,"column":null}},"type":"binary-expr","locations":[{"start":{"line":19,"column":35},"end":{"line":19,"column":76}},{"start":{"line":19,"column":76},"end":{"line":19,"column":null}}],"line":19}},"s":{"0":14,"1":14,"2":8,"3":6,"4":7},"f":{"0":14,"1":7},"b":{"0":[8,6],"1":[7,0]},"meta":{"lastBranch":2,"lastFunction":2,"lastStatement":5,"seen":{"f:5:9:5:22":0,"s:6:10:6:Infinity":0,"b:8:2:10:Infinity:undefined:undefined:undefined:undefined":0,"s:8:2:10:Infinity":1,"s:9:4:9:Infinity":2,"s:12:2:12:Infinity":3,"f:17:9:17:15":1,"s:18:2:23:Infinity":4,"b:19:35:19:76:19:76:19:Infinity":1},"fnNames":{}}}
,"C:\\Users\\MyPC\\EAA_Enterprise_AI_Assistant\\SPEC_MVP\\apps\\chat-ui\\src\\components\\admin\\IntegrationSettings.tsx": {"path":"C:\\Users\\MyPC\\EAA_Enterprise_AI_Assistant\\SPEC_MVP\\apps\\chat-ui\\src\\components\\admin\\IntegrationSettings.tsx","statementMap":{"0":{"start":{"line":23,"column":29},"end":{"line":27,"column":null}},"1":{"start":{"line":29,"column":20},"end":{"line":34,"column":null}},"2":{"start":{"line":37,"column":21},"end":{"line":37,"column":null}},"3":{"start":{"line":38,"column":20},"end":{"line":38,"column":null}},"4":{"start":{"line":41,"column":23},"end":{"line":41,"column":null}},"5":{"start":{"line":42,"column":30},"end":{"line":42,"column":null}},"6":{"start":{"line":43,"column":30},"end":{"line":43,"column":null}},"7":{"start":{"line":44,"column":17},"end":{"line":44,"column":null}},"8":{"start":{"line":45,"column":17},"end":{"line":45,"column":null}},"9":{"start":{"line":46,"column":19},"end":{"line":46,"column":null}},"10":{"start":{"line":47,"column":28},"end":{"line":47,"column":null}},"11":{"start":{"line":50,"column":16},"end":{"line":50,"column":null}},"12":{"start":{"line":51,"column":23},"end":{"line":51,"column":null}},"13":{"start":{"line":52,"column":25},"end":{"line":52,"column":null}},"14":{"start":{"line":55,"column":26},"end":{"line":55,"column":null}},"15":{"start":{"line":56,"column":25},"end":{"line":56,"column":null}},"16":{"start":{"line":57,"column":29},"end":{"line":57,"column":null}},"17":{"start":{"line":59,"column":8},"end":{"line":67,"column":null}},"18":{"start":{"line":60,"column":21},"end":{"line":60,"column":null}},"19":{"start":{"line":61,"column":26},"end":{"line":64,"column":null}},"20":{"start":{"line":65,"column":24},"end":{"line":65,"column":null}},"21":{"start":{"line":66,"column":4},"end":{"line":66,"column":null}},"22":{"start":{"line":70,"column":27},"end":{"line":70,"column":null}},"23":{"start":{"line":71,"column":22},"end":{"line":71,"column":null}},"24":{"start":{"line":72,"column":19},"end":{"line":72,"column":null}},"25":{"start":{"line":73,"column":18},"end":{"line":73,"column":null}},"26":{"start":{"line":74,"column":23},"end":{"line":74,"column":null}},"27":{"start":{"line":77,"column":16},"end":{"line":77,"column":null}},"28":{"start":{"line":78,"column":21},"end":{"line":78,"column":null}},"29":{"start":{"line":80,"column":32},"end":{"line":85,"column":null}},"30":{"start":{"line":87,"column":2},"end":{"line":90,"column":null}},"31":{"start":{"line":88,"column":4},"end":{"line":88,"column":null}},"32":{"start":{"line":89,"column":4},"end":{"line":89,"column":null}},"33":{"start":{"line":92,"column":28},"end":{"line":112,"column":null}},"34":{"start":{"line":93,"column":4},"end":{"line":111,"column":null}},"35":{"start":{"line":94,"column":20},"end":{"line":94,"column":null}},"36":{"start":{"line":95,"column":18},"end":{"line":97,"column":null}},"37":{"start":{"line":98,"column":6},"end":{"line":98,"column":null}},"38":{"start":{"line":98,"column":19},"end":{"line":98,"column":null}},"39":{"start":{"line":99,"column":19},"end":{"line":99,"column":null}},"40":{"start":{"line":100,"column":6},"end":{"line":100,"column":null}},"41":{"start":{"line":102,"column":22},"end":{"line":102,"column":null}},"42":{"start":{"line":102,"column":58},"end":{"line":102,"column":100}},"43":{"start":{"line":103,"column":6},"end":{"line":106,"column":null}},"44":{"start":{"line":104,"column":8},"end":{"line":104,"column":null}},"45":{"start":{"line":105,"column":8},"end":{"line":105,"column":null}},"46":{"start":{"line":108,"column":6},"end":{"line":108,"column":null}},"47":{"start":{"line":110,"column":6},"end":{"line":110,"column":null}},"48":{"start":{"line":114,"column":21},"end":{"line":131,"column":null}},"49":{"start":{"line":115,"column":4},"end":{"line":115,"column":null}},"50":{"start":{"line":116,"column":4},"end":{"line":130,"column":null}},"51":{"start":{"line":117,"column":20},"end":{"line":117,"column":null}},"52":{"start":{"line":118,"column":18},"end":{"line":120,"column":null}},"53":{"start":{"line":121,"column":6},"end":{"line":121,"column":null}},"54":{"start":{"line":121,"column":19},"end":{"line":121,"column":null}},"55":{"start":{"line":122,"column":19},"end":{"line":122,"column":null}},"56":{"start":{"line":123,"column":6},"end":{"line":125,"column":null}},"57":{"start":{"line":124,"column":8},"end":{"line":124,"column":null}},"58":{"start":{"line":127,"column":6},"end":{"line":127,"column":null}},"59":{"start":{"line":129,"column":6},"end":{"line":129,"column":null}},"60":{"start":{"line":133,"column":8},"end":{"line":147,"column":null}},"61":{"start":{"line":134,"column":4},"end":{"line":134,"column":null}},"62":{"start":{"line":135,"column":4},"end":{"line":135,"column":null}},"63":{"start":{"line":136,"column":4},"end":{"line":136,"column":null}},"64":{"start":{"line":137,"column":4},"end":{"line":137,"column":null}},"65":{"start":{"line":139,"column":21},"end":{"line":139,"column":null}},"66":{"start":{"line":139,"column":44},"end":{"line":139,"column":71}},"67":{"start":{"line":140,"column":4},"end":{"line":146,"column":null}},"68":{"start":{"line":141,"column":6},"end":{"line":141,"column":null}},"69":{"start":{"line":142,"column":6},"end":{"line":142,"column":null}},"70":{"start":{"line":144,"column":6},"end":{"line":144,"column":null}},"71":{"start":{"line":145,"column":6},"end":{"line":145,"column":null}},"72":{"start":{"line":149,"column":32},"end":{"line":189,"column":null}},"73":{"start":{"line":150,"column":4},"end":{"line":150,"column":null}},"74":{"start":{"line":151,"column":4},"end":{"line":151,"column":null}},"75":{"start":{"line":152,"column":4},"end":{"line":152,"column":null}},"76":{"start":{"line":153,"column":4},"end":{"line":153,"column":null}},"77":{"start":{"line":155,"column":4},"end":{"line":188,"column":null}},"78":{"start":{"line":156,"column":20},"end":{"line":156,"column":null}},"79":{"start":{"line":157,"column":18},"end":{"line":169,"column":null}},"80":{"start":{"line":171,"column":6},"end":{"line":171,"column":null}},"81":{"start":{"line":171,"column":19},"end":{"line":171,"column":null}},"82":{"start":{"line":172,"column":19},"end":{"line":172,"column":null}},"83":{"start":{"line":174,"column":6},"end":{"line":180,"column":null}},"84":{"start":{"line":175,"column":23},"end":{"line":175,"column":null}},"85":{"start":{"line":175,"column":38},"end":{"line":175,"column":80}},"86":{"start":{"line":176,"column":8},"end":{"line":178,"column":null}},"87":{"start":{"line":177,"column":10},"end":{"line":177,"column":null}},"88":{"start":{"line":177,"column":31},"end":{"line":177,"column":117}},"89":{"start":{"line":179,"column":8},"end":{"line":179,"column":null}},"90":{"start":{"line":182,"column":6},"end":{"line":182,"column":null}},"91":{"start":{"line":183,"column":6},"end":{"line":183,"column":null}},"92":{"start":{"line":185,"column":6},"end":{"line":185,"column":null}},"93":{"start":{"line":187,"column":6},"end":{"line":187,"column":null}},"94":{"start":{"line":191,"column":27},"end":{"line":218,"column":null}},"95":{"start":{"line":192,"column":4},"end":{"line":192,"column":null}},"96":{"start":{"line":193,"column":4},"end":{"line":193,"column":null}},"97":{"start":{"line":194,"column":4},"end":{"line":194,"column":null}},"98":{"start":{"line":196,"column":4},"end":{"line":217,"column":null}},"99":{"start":{"line":197,"column":20},"end":{"line":197,"column":null}},"100":{"start":{"line":198,"column":18},"end":{"line":205,"column":null}},"101":{"start":{"line":207,"column":6},"end":{"line":210,"column":null}},"102":{"start":{"line":208,"column":24},"end":{"line":208,"column":null}},"103":{"start":{"line":208,"column":54},"end":{"line":208,"column":57}},"104":{"start":{"line":209,"column":8},"end":{"line":209,"column":null}},"105":{"start":{"line":211,"column":6},"end":{"line":211,"column":null}},"106":{"start":{"line":212,"column":6},"end":{"line":212,"column":null}},"107":{"start":{"line":212,"column":23},"end":{"line":212,"column":83}},"108":{"start":{"line":212,"column":37},"end":{"line":212,"column":82}},"109":{"start":{"line":214,"column":6},"end":{"line":214,"column":null}},"110":{"start":{"line":216,"column":6},"end":{"line":216,"column":null}},"111":{"start":{"line":220,"column":24},"end":{"line":272,"column":null}},"112":{"start":{"line":221,"column":4},"end":{"line":221,"column":null}},"113":{"start":{"line":222,"column":4},"end":{"line":222,"column":null}},"114":{"start":{"line":222,"column":22},"end":{"line":222,"column":null}},"115":{"start":{"line":223,"column":4},"end":{"line":223,"column":null}},"116":{"start":{"line":224,"column":4},"end":{"line":224,"column":null}},"117":{"start":{"line":225,"column":4},"end":{"line":225,"column":null}},"118":{"start":{"line":227,"column":29},"end":{"line":234,"column":null}},"119":{"start":{"line":236,"column":4},"end":{"line":271,"column":null}},"120":{"start":{"line":237,"column":20},"end":{"line":237,"column":null}},"121":{"start":{"line":238,"column":18},"end":{"line":250,"column":null}},"122":{"start":{"line":252,"column":6},"end":{"line":266,"column":null}},"123":{"start":{"line":253,"column":21},"end":{"line":253,"column":null}},"124":{"start":{"line":254,"column":8},"end":{"line":254,"column":null}},"125":{"start":{"line":255,"column":8},"end":{"line":259,"column":null}},"126":{"start":{"line":256,"column":10},"end":{"line":256,"column":null}},"127":{"start":{"line":256,"column":27},"end":{"line":256,"column":119}},"128":{"start":{"line":256,"column":48},"end":{"line":256,"column":106}},"129":{"start":{"line":258,"column":10},"end":{"line":258,"column":null}},"130":{"start":{"line":258,"column":27},"end":{"line":258,"column":88}},"131":{"start":{"line":258,"column":48},"end":{"line":258,"column":74}},"132":{"start":{"line":260,"column":8},"end":{"line":260,"column":null}},"133":{"start":{"line":261,"column":8},"end":{"line":261,"column":null}},"134":{"start":{"line":262,"column":8},"end":{"line":262,"column":null}},"135":{"start":{"line":264,"column":24},"end":{"line":264,"column":null}},"136":{"start":{"line":264,"column":54},"end":{"line":264,"column":57}},"137":{"start":{"line":265,"column":8},"end":{"line":265,"column":null}},"138":{"start":{"line":268,"column":6},"end":{"line":268,"column":null}},"139":{"start":{"line":270,"column":6},"end":{"line":270,"column":null}},"140":{"start":{"line":274,"column":27},"end":{"line":300,"column":null}},"141":{"start":{"line":275,"column":4},"end":{"line":275,"column":null}},"142":{"start":{"line":275,"column":94},"end":{"line":275,"column":null}},"143":{"start":{"line":277,"column":4},"end":{"line":277,"column":null}},"144":{"start":{"line":278,"column":4},"end":{"line":278,"column":null}},"145":{"start":{"line":280,"column":4},"end":{"line":299,"column":null}},"146":{"start":{"line":281,"column":20},"end":{"line":281,"column":null}},"147":{"start":{"line":282,"column":18},"end":{"line":287,"column":null}},"148":{"start":{"line":289,"column":6},"end":{"line":296,"column":null}},"149":{"start":{"line":290,"column":8},"end":{"line":290,"column":null}},"150":{"start":{"line":290,"column":25},"end":{"line":290,"column":85}},"151":{"start":{"line":290,"column":42},"end":{"line":290,"column":84}},"152":{"start":{"line":291,"column":8},"end":{"line":291,"column":null}},"153":{"start":{"line":292,"column":8},"end":{"line":292,"column":null}},"154":{"start":{"line":294,"column":24},"end":{"line":294,"column":null}},"155":{"start":{"line":294,"column":54},"end":{"line":294,"column":57}},"156":{"start":{"line":295,"column":8},"end":{"line":295,"column":null}},"157":{"start":{"line":298,"column":6},"end":{"line":298,"column":null}},"158":{"start":{"line":302,"column":8},"end":{"line":312,"column":null}},"159":{"start":{"line":303,"column":4},"end":{"line":303,"column":null}},"160":{"start":{"line":304,"column":4},"end":{"line":311,"column":null}},"161":{"start":{"line":305,"column":21},"end":{"line":305,"column":null}},"162":{"start":{"line":305,"column":36},"end":{"line":305,"column":78}},"163":{"start":{"line":306,"column":6},"end":{"line":310,"column":null}},"164":{"start":{"line":307,"column":8},"end":{"line":307,"column":null}},"165":{"start":{"line":307,"column":29},"end":{"line":307,"column":106}},"166":{"start":{"line":309,"column":8},"end":{"line":309,"column":null}},"167":{"start":{"line":314,"column":2},"end":{"line":710,"column":null}},"168":{"start":{"line":337,"column":33},"end":{"line":337,"column":63}},"169":{"start":{"line":337,"column":63},"end":{"line":337,"column":79}},"170":{"start":{"line":337,"column":79},"end":{"line":337,"column":98}},"171":{"start":{"line":350,"column":33},"end":{"line":350,"column":56}},"172":{"start":{"line":350,"column":56},"end":{"line":350,"column":72}},"173":{"start":{"line":350,"column":72},"end":{"line":350,"column":91}},"174":{"start":{"line":390,"column":35},"end":{"line":390,"column":null}},"175":{"start":{"line":390,"column":58},"end":{"line":390,"column":90}},"176":{"start":{"line":391,"column":43},"end":{"line":391,"column":null}},"177":{"start":{"line":392,"column":39},"end":{"line":392,"column":null}},"178":{"start":{"line":394,"column":20},"end":{"line":405,"column":null}},"179":{"start":{"line":397,"column":39},"end":{"line":397,"column":null}},"180":{"start":{"line":419,"column":59},"end":{"line":419,"column":89}},"181":{"start":{"line":422,"column":110},"end":{"line":422,"column":149}},"182":{"start":{"line":435,"column":43},"end":{"line":435,"column":null}},"183":{"start":{"line":443,"column":43},"end":{"line":443,"column":null}},"184":{"start":{"line":482,"column":39},"end":{"line":482,"column":null}},"185":{"start":{"line":493,"column":37},"end":{"line":493,"column":null}},"186":{"start":{"line":506,"column":45},"end":{"line":506,"column":75}},"187":{"start":{"line":528,"column":39},"end":{"line":528,"column":null}},"188":{"start":{"line":534,"column":39},"end":{"line":534,"column":null}},"189":{"start":{"line":545,"column":39},"end":{"line":545,"column":null}},"190":{"start":{"line":574,"column":41},"end":{"line":577,"column":null}},"191":{"start":{"line":579,"column":46},"end":{"line":579,"column":null}},"192":{"start":{"line":580,"column":50},"end":{"line":580,"column":null}},"193":{"start":{"line":582,"column":26},"end":{"line":632,"column":null}},"194":{"start":{"line":594,"column":55},"end":{"line":594,"column":null}},"195":{"start":{"line":595,"column":54},"end":{"line":595,"column":null}},"196":{"start":{"line":595,"column":76},"end":{"line":595,"column":97}},"197":{"start":{"line":596,"column":53},"end":{"line":596,"column":null}},"198":{"start":{"line":597,"column":36},"end":{"line":599,"column":null}},"199":{"start":{"line":598,"column":38},"end":{"line":598,"column":null}},"200":{"start":{"line":605,"column":36},"end":{"line":607,"column":null}},"201":{"start":{"line":614,"column":51},"end":{"line":614,"column":null}},"202":{"start":{"line":660,"column":35},"end":{"line":660,"column":null}},"203":{"start":{"line":671,"column":35},"end":{"line":671,"column":null}},"204":{"start":{"line":681,"column":35},"end":{"line":681,"column":null}},"205":{"start":{"line":685,"column":20},"end":{"line":685,"column":null}},"206":{"start":{"line":693,"column":33},"end":{"line":693,"column":null}}},"fnMap":{"0":{"name":"IntegrationSettings","decl":{"start":{"line":36,"column":16},"end":{"line":36,"column":36}},"loc":{"start":{"line":36,"column":75},"end":{"line":712,"column":null}},"line":36},"1":{"name":"(anonymous_1)","decl":{"start":{"line":59,"column":38},"end":{"line":59,"column":45}},"loc":{"start":{"line":59,"column":50},"end":{"line":67,"column":3}},"line":59},"2":{"name":"(anonymous_2)","decl":{"start":{"line":87,"column":2},"end":{"line":87,"column":18}},"loc":{"start":{"line":87,"column":18},"end":{"line":90,"column":5}},"line":87},"3":{"name":"(anonymous_3)","decl":{"start":{"line":92,"column":28},"end":{"line":92,"column":40}},"loc":{"start":{"line":92,"column":40},"end":{"line":112,"column":null}},"line":92},"4":{"name":"(anonymous_4)","decl":{"start":{"line":102,"column":41},"end":{"line":102,"column":47}},"loc":{"start":{"line":102,"column":58},"end":{"line":102,"column":100}},"line":102},"5":{"name":"(anonymous_5)","decl":{"start":{"line":114,"column":21},"end":{"line":114,"column":33}},"loc":{"start":{"line":114,"column":33},"end":{"line":131,"column":null}},"line":114},"6":{"name":"(anonymous_6)","decl":{"start":{"line":133,"column":8},"end":{"line":133,"column":35}},"loc":{"start":{"line":133,"column":52},"end":{"line":147,"column":null}},"line":133},"7":{"name":"(anonymous_7)","decl":{"start":{"line":139,"column":34},"end":{"line":139,"column":39}},"loc":{"start":{"line":139,"column":44},"end":{"line":139,"column":71}},"line":139},"8":{"name":"(anonymous_8)","decl":{"start":{"line":149,"column":32},"end":{"line":149,"column":39}},"loc":{"start":{"line":149,"column":62},"end":{"line":189,"column":null}},"line":149},"9":{"name":"(anonymous_9)","decl":{"start":{"line":174,"column":6},"end":{"line":174,"column":22}},"loc":{"start":{"line":174,"column":30},"end":{"line":180,"column":7}},"line":174},"10":{"name":"(anonymous_10)","decl":{"start":{"line":175,"column":28},"end":{"line":175,"column":33}},"loc":{"start":{"line":175,"column":38},"end":{"line":175,"column":80}},"line":175},"11":{"name":"(anonymous_11)","decl":{"start":{"line":177,"column":22},"end":{"line":177,"column":26}},"loc":{"start":{"line":177,"column":31},"end":{"line":177,"column":117}},"line":177},"12":{"name":"(anonymous_12)","decl":{"start":{"line":191,"column":27},"end":{"line":191,"column":34}},"loc":{"start":{"line":191,"column":70},"end":{"line":218,"column":null}},"line":191},"13":{"name":"(anonymous_13)","decl":{"start":{"line":208,"column":41},"end":{"line":208,"column":54}},"loc":{"start":{"line":208,"column":54},"end":{"line":208,"column":57}},"line":208},"14":{"name":"(anonymous_14)","decl":{"start":{"line":212,"column":6},"end":{"line":212,"column":15}},"loc":{"start":{"line":212,"column":23},"end":{"line":212,"column":83}},"line":212},"15":{"name":"(anonymous_15)","decl":{"start":{"line":212,"column":28},"end":{"line":212,"column":32}},"loc":{"start":{"line":212,"column":37},"end":{"line":212,"column":82}},"line":212},"16":{"name":"(anonymous_16)","decl":{"start":{"line":220,"column":24},"end":{"line":220,"column":31}},"loc":{"start":{"line":220,"column":54},"end":{"line":272,"column":null}},"line":220},"17":{"name":"(anonymous_17)","decl":{"start":{"line":256,"column":10},"end":{"line":256,"column":19}},"loc":{"start":{"line":256,"column":27},"end":{"line":256,"column":119}},"line":256},"18":{"name":"(anonymous_18)","decl":{"start":{"line":256,"column":36},"end":{"line":256,"column":43}},"loc":{"start":{"line":256,"column":48},"end":{"line":256,"column":106}},"line":256},"19":{"name":"(anonymous_19)","decl":{"start":{"line":258,"column":10},"end":{"line":258,"column":19}},"loc":{"start":{"line":258,"column":27},"end":{"line":258,"column":88}},"line":258},"20":{"name":"(anonymous_20)","decl":{"start":{"line":258,"column":36},"end":{"line":258,"column":43}},"loc":{"start":{"line":258,"column":48},"end":{"line":258,"column":74}},"line":258},"21":{"name":"(anonymous_21)","decl":{"start":{"line":264,"column":41},"end":{"line":264,"column":54}},"loc":{"start":{"line":264,"column":54},"end":{"line":264,"column":57}},"line":264},"22":{"name":"(anonymous_22)","decl":{"start":{"line":274,"column":27},"end":{"line":274,"column":34}},"loc":{"start":{"line":274,"column":71},"end":{"line":300,"column":null}},"line":274},"23":{"name":"(anonymous_23)","decl":{"start":{"line":290,"column":8},"end":{"line":290,"column":17}},"loc":{"start":{"line":290,"column":25},"end":{"line":290,"column":85}},"line":290},"24":{"name":"(anonymous_24)","decl":{"start":{"line":290,"column":30},"end":{"line":290,"column":37}},"loc":{"start":{"line":290,"column":42},"end":{"line":290,"column":84}},"line":290},"25":{"name":"(anonymous_25)","decl":{"start":{"line":294,"column":41},"end":{"line":294,"column":54}},"loc":{"start":{"line":294,"column":54},"end":{"line":294,"column":57}},"line":294},"26":{"name":"(anonymous_26)","decl":{"start":{"line":302,"column":8},"end":{"line":302,"column":30}},"loc":{"start":{"line":302,"column":51},"end":{"line":312,"column":null}},"line":302},"27":{"name":"(anonymous_27)","decl":{"start":{"line":304,"column":4},"end":{"line":304,"column":20}},"loc":{"start":{"line":304,"column":28},"end":{"line":311,"column":5}},"line":304},"28":{"name":"(anonymous_28)","decl":{"start":{"line":305,"column":26},"end":{"line":305,"column":31}},"loc":{"start":{"line":305,"column":36},"end":{"line":305,"column":78}},"line":305},"29":{"name":"(anonymous_29)","decl":{"start":{"line":307,"column":20},"end":{"line":307,"column":24}},"loc":{"start":{"line":307,"column":29},"end":{"line":307,"column":106}},"line":307},"30":{"name":"(anonymous_30)","decl":{"start":{"line":337,"column":16},"end":{"line":337,"column":31}},"loc":{"start":{"line":337,"column":31},"end":{"line":337,"column":null}},"line":337},"31":{"name":"(anonymous_31)","decl":{"start":{"line":350,"column":16},"end":{"line":350,"column":31}},"loc":{"start":{"line":350,"column":31},"end":{"line":350,"column":null}},"line":350},"32":{"name":"(anonymous_32)","decl":{"start":{"line":389,"column":41},"end":{"line":389,"column":46}},"loc":{"start":{"line":389,"column":55},"end":{"line":407,"column":19}},"line":389},"33":{"name":"(anonymous_33)","decl":{"start":{"line":390,"column":48},"end":{"line":390,"column":53}},"loc":{"start":{"line":390,"column":58},"end":{"line":390,"column":90}},"line":390},"34":{"name":"(anonymous_34)","decl":{"start":{"line":397,"column":24},"end":{"line":397,"column":39}},"loc":{"start":{"line":397,"column":39},"end":{"line":397,"column":null}},"line":397},"35":{"name":"(anonymous_35)","decl":{"start":{"line":419,"column":49},"end":{"line":419,"column":54}},"loc":{"start":{"line":419,"column":59},"end":{"line":419,"column":89}},"line":419},"36":{"name":"(anonymous_36)","decl":{"start":{"line":422,"column":93},"end":{"line":422,"column":104}},"loc":{"start":{"line":422,"column":110},"end":{"line":422,"column":149}},"line":422},"37":{"name":"(anonymous_37)","decl":{"start":{"line":435,"column":26},"end":{"line":435,"column":37}},"loc":{"start":{"line":435,"column":43},"end":{"line":435,"column":null}},"line":435},"38":{"name":"(anonymous_38)","decl":{"start":{"line":443,"column":26},"end":{"line":443,"column":37}},"loc":{"start":{"line":443,"column":43},"end":{"line":443,"column":null}},"line":443},"39":{"name":"(anonymous_39)","decl":{"start":{"line":482,"column":24},"end":{"line":482,"column":39}},"loc":{"start":{"line":482,"column":39},"end":{"line":482,"column":null}},"line":482},"40":{"name":"(anonymous_40)","decl":{"start":{"line":493,"column":22},"end":{"line":493,"column":37}},"loc":{"start":{"line":493,"column":37},"end":{"line":493,"column":null}},"line":493},"41":{"name":"(anonymous_41)","decl":{"start":{"line":506,"column":30},"end":{"line":506,"column":45}},"loc":{"start":{"line":506,"column":45},"end":{"line":506,"column":75}},"line":506},"42":{"name":"(anonymous_42)","decl":{"start":{"line":528,"column":22},"end":{"line":528,"column":33}},"loc":{"start":{"line":528,"column":39},"end":{"line":528,"column":null}},"line":528},"43":{"name":"(anonymous_43)","decl":{"start":{"line":534,"column":24},"end":{"line":534,"column":39}},"loc":{"start":{"line":534,"column":39},"end":{"line":534,"column":null}},"line":534},"44":{"name":"(anonymous_44)","decl":{"start":{"line":545,"column":22},"end":{"line":545,"column":33}},"loc":{"start":{"line":545,"column":39},"end":{"line":545,"column":null}},"line":545},"45":{"name":"(anonymous_45)","decl":{"start":{"line":573,"column":39},"end":{"line":573,"column":43}},"loc":{"start":{"line":573,"column":48},"end":{"line":634,"column":25}},"line":573},"46":{"name":"(anonymous_46)","decl":{"start":{"line":593,"column":34},"end":{"line":593,"column":45}},"loc":{"start":{"line":593,"column":51},"end":{"line":600,"column":null}},"line":593},"47":{"name":"(anonymous_47)","decl":{"start":{"line":595,"column":66},"end":{"line":595,"column":71}},"loc":{"start":{"line":595,"column":76},"end":{"line":595,"column":97}},"line":595},"48":{"name":"(anonymous_48)","decl":{"start":{"line":604,"column":47},"end":{"line":604,"column":51}},"loc":{"start":{"line":605,"column":36},"end":{"line":607,"column":null}},"line":605},"49":{"name":"(anonymous_49)","decl":{"start":{"line":614,"column":36},"end":{"line":614,"column":51}},"loc":{"start":{"line":614,"column":51},"end":{"line":614,"column":null}},"line":614},"50":{"name":"(anonymous_50)","decl":{"start":{"line":660,"column":18},"end":{"line":660,"column":29}},"loc":{"start":{"line":660,"column":35},"end":{"line":660,"column":null}},"line":660},"51":{"name":"(anonymous_51)","decl":{"start":{"line":671,"column":18},"end":{"line":671,"column":29}},"loc":{"start":{"line":671,"column":35},"end":{"line":671,"column":null}},"line":671},"52":{"name":"(anonymous_52)","decl":{"start":{"line":681,"column":18},"end":{"line":681,"column":29}},"loc":{"start":{"line":681,"column":35},"end":{"line":681,"column":null}},"line":681},"53":{"name":"(anonymous_53)","decl":{"start":{"line":684,"column":31},"end":{"line":684,"column":35}},"loc":{"start":{"line":685,"column":20},"end":{"line":685,"column":null}},"line":685},"54":{"name":"(anonymous_54)","decl":{"start":{"line":693,"column":18},"end":{"line":693,"column":33}},"loc":{"start":{"line":693,"column":33},"end":{"line":693,"column":null}},"line":693}},"branchMap":{"0":{"loc":{"start":{"line":59,"column":25},"end":{"line":59,"column":36}},"type":"binary-expr","locations":[{"start":{"line":59,"column":25},"end":{"line":59,"column":34}},{"start":{"line":59,"column":34},"end":{"line":59,"column":36}}],"line":59},"1":{"loc":{"start":{"line":61,"column":26},"end":{"line":64,"column":null}},"type":"binary-expr","locations":[{"start":{"line":61,"column":26},"end":{"line":61,"column":null}},{"start":{"line":61,"column":27},"end":{"line":62,"column":null}},{"start":{"line":62,"column":56},"end":{"line":63,"column":null}},{"start":{"line":63,"column":60},"end":{"line":64,"column":null}}],"line":61},"2":{"loc":{"start":{"line":64,"column":7},"end":{"line":64,"column":20}},"type":"binary-expr","locations":[{"start":{"line":64,"column":7},"end":{"line":64,"column":18}},{"start":{"line":64,"column":18},"end":{"line":64,"column":20}}],"line":64},"3":{"loc":{"start":{"line":65,"column":24},"end":{"line":65,"column":null}},"type":"binary-expr","locations":[{"start":{"line":65,"column":24},"end":{"line":65,"column":52}},{"start":{"line":65,"column":52},"end":{"line":65,"column":null}}],"line":65},"4":{"loc":{"start":{"line":66,"column":11},"end":{"line":66,"column":null}},"type":"binary-expr","locations":[{"start":{"line":66,"column":11},"end":{"line":66,"column":28}},{"start":{"line":66,"column":28},"end":{"line":66,"column":null}}],"line":66},"5":{"loc":{"start":{"line":94,"column":20},"end":{"line":94,"column":null}},"type":"binary-expr","locations":[{"start":{"line":94,"column":20},"end":{"line":94,"column":33}},{"start":{"line":94,"column":33},"end":{"line":94,"column":null}}],"line":94},"6":{"loc":{"start":{"line":98,"column":6},"end":{"line":98,"column":null}},"type":"if","locations":[{"start":{"line":98,"column":6},"end":{"line":98,"column":null}},{"start":{},"end":{}}],"line":98},"7":{"loc":{"start":{"line":100,"column":22},"end":{"line":100,"column":45}},"type":"binary-expr","locations":[{"start":{"line":100,"column":22},"end":{"line":100,"column":43}},{"start":{"line":100,"column":43},"end":{"line":100,"column":45}}],"line":100},"8":{"loc":{"start":{"line":103,"column":6},"end":{"line":106,"column":null}},"type":"if","locations":[{"start":{"line":103,"column":6},"end":{"line":106,"column":null}},{"start":{},"end":{}}],"line":103},"9":{"loc":{"start":{"line":105,"column":18},"end":{"line":105,"column":38}},"type":"binary-expr","locations":[{"start":{"line":105,"column":18},"end":{"line":105,"column":36}},{"start":{"line":105,"column":36},"end":{"line":105,"column":38}}],"line":105},"10":{"loc":{"start":{"line":117,"column":20},"end":{"line":117,"column":null}},"type":"binary-expr","locations":[{"start":{"line":117,"column":20},"end":{"line":117,"column":33}},{"start":{"line":117,"column":33},"end":{"line":117,"column":null}}],"line":117},"11":{"loc":{"start":{"line":121,"column":6},"end":{"line":121,"column":null}},"type":"if","locations":[{"start":{"line":121,"column":6},"end":{"line":121,"column":null}},{"start":{},"end":{}}],"line":121},"12":{"loc":{"start":{"line":123,"column":6},"end":{"line":125,"column":null}},"type":"if","locations":[{"start":{"line":123,"column":6},"end":{"line":125,"column":null}},{"start":{},"end":{}}],"line":123},"13":{"loc":{"start":{"line":123,"column":10},"end":{"line":123,"column":51}},"type":"binary-expr","locations":[{"start":{"line":123,"column":10},"end":{"line":123,"column":24}},{"start":{"line":123,"column":24},"end":{"line":123,"column":51}}],"line":123},"14":{"loc":{"start":{"line":140,"column":4},"end":{"line":146,"column":null}},"type":"if","locations":[{"start":{"line":140,"column":4},"end":{"line":146,"column":null}},{"start":{"line":143,"column":11},"end":{"line":146,"column":null}}],"line":140},"15":{"loc":{"start":{"line":142,"column":16},"end":{"line":142,"column":37}},"type":"binary-expr","locations":[{"start":{"line":142,"column":16},"end":{"line":142,"column":35}},{"start":{"line":142,"column":35},"end":{"line":142,"column":37}}],"line":142},"16":{"loc":{"start":{"line":156,"column":20},"end":{"line":156,"column":null}},"type":"binary-expr","locations":[{"start":{"line":156,"column":20},"end":{"line":156,"column":33}},{"start":{"line":156,"column":33},"end":{"line":156,"column":null}}],"line":156},"17":{"loc":{"start":{"line":171,"column":6},"end":{"line":171,"column":null}},"type":"if","locations":[{"start":{"line":171,"column":6},"end":{"line":171,"column":null}},{"start":{},"end":{}}],"line":171},"18":{"loc":{"start":{"line":176,"column":8},"end":{"line":178,"column":null}},"type":"if","locations":[{"start":{"line":176,"column":8},"end":{"line":178,"column":null}},{"start":{},"end":{}}],"line":176},"19":{"loc":{"start":{"line":177,"column":31},"end":{"line":177,"column":117}},"type":"cond-expr","locations":[{"start":{"line":177,"column":76},"end":{"line":177,"column":116}},{"start":{"line":177,"column":116},"end":{"line":177,"column":117}}],"line":177},"20":{"loc":{"start":{"line":182,"column":20},"end":{"line":182,"column":65}},"type":"binary-expr","locations":[{"start":{"line":182,"column":20},"end":{"line":182,"column":36}},{"start":{"line":182,"column":36},"end":{"line":182,"column":65}}],"line":182},"21":{"loc":{"start":{"line":185,"column":15},"end":{"line":185,"column":62}},"type":"binary-expr","locations":[{"start":{"line":185,"column":15},"end":{"line":185,"column":30}},{"start":{"line":185,"column":30},"end":{"line":185,"column":62}}],"line":185},"22":{"loc":{"start":{"line":197,"column":20},"end":{"line":197,"column":null}},"type":"binary-expr","locations":[{"start":{"line":197,"column":20},"end":{"line":197,"column":33}},{"start":{"line":197,"column":33},"end":{"line":197,"column":null}}],"line":197},"23":{"loc":{"start":{"line":207,"column":6},"end":{"line":210,"column":null}},"type":"if","locations":[{"start":{"line":207,"column":6},"end":{"line":210,"column":null}},{"start":{},"end":{}}],"line":207},"24":{"loc":{"start":{"line":209,"column":24},"end":{"line":209,"column":80}},"type":"binary-expr","locations":[{"start":{"line":209,"column":24},"end":{"line":209,"column":43}},{"start":{"line":209,"column":43},"end":{"line":209,"column":80}}],"line":209},"25":{"loc":{"start":{"line":212,"column":37},"end":{"line":212,"column":82}},"type":"cond-expr","locations":[{"start":{"line":212,"column":55},"end":{"line":212,"column":81}},{"start":{"line":212,"column":81},"end":{"line":212,"column":82}}],"line":212},"26":{"loc":{"start":{"line":214,"column":15},"end":{"line":214,"column":76}},"type":"binary-expr","locations":[{"start":{"line":214,"column":15},"end":{"line":214,"column":30}},{"start":{"line":214,"column":30},"end":{"line":214,"column":76}}],"line":214},"27":{"loc":{"start":{"line":222,"column":4},"end":{"line":222,"column":null}},"type":"if","locations":[{"start":{"line":222,"column":4},"end":{"line":222,"column":null}},{"start":{},"end":{}}],"line":222},"28":{"loc":{"start":{"line":231,"column":13},"end":{"line":231,"column":null}},"type":"binary-expr","locations":[{"start":{"line":231,"column":13},"end":{"line":231,"column":25}},{"start":{"line":231,"column":25},"end":{"line":231,"column":null}}],"line":231},"29":{"loc":{"start":{"line":237,"column":20},"end":{"line":237,"column":null}},"type":"binary-expr","locations":[{"start":{"line":237,"column":20},"end":{"line":237,"column":33}},{"start":{"line":237,"column":33},"end":{"line":237,"column":null}}],"line":237},"30":{"loc":{"start":{"line":252,"column":6},"end":{"line":266,"column":null}},"type":"if","locations":[{"start":{"line":252,"column":6},"end":{"line":266,"column":null}},{"start":{"line":263,"column":13},"end":{"line":266,"column":null}}],"line":252},"31":{"loc":{"start":{"line":255,"column":8},"end":{"line":259,"column":null}},"type":"if","locations":[{"start":{"line":255,"column":8},"end":{"line":259,"column":null}},{"start":{"line":257,"column":15},"end":{"line":259,"column":null}}],"line":255},"32":{"loc":{"start":{"line":256,"column":48},"end":{"line":256,"column":106}},"type":"binary-expr","locations":[{"start":{"line":256,"column":48},"end":{"line":256,"column":85}},{"start":{"line":256,"column":85},"end":{"line":256,"column":106}}],"line":256},"33":{"loc":{"start":{"line":265,"column":17},"end":{"line":265,"column":99}},"type":"binary-expr","locations":[{"start":{"line":265,"column":17},"end":{"line":265,"column":36}},{"start":{"line":265,"column":36},"end":{"line":265,"column":99}}],"line":265},"34":{"loc":{"start":{"line":268,"column":15},"end":{"line":268,"column":66}},"type":"binary-expr","locations":[{"start":{"line":268,"column":15},"end":{"line":268,"column":30}},{"start":{"line":268,"column":30},"end":{"line":268,"column":66}}],"line":268},"35":{"loc":{"start":{"line":275,"column":4},"end":{"line":275,"column":null}},"type":"if","locations":[{"start":{"line":275,"column":4},"end":{"line":275,"column":null}},{"start":{},"end":{}}],"line":275},"36":{"loc":{"start":{"line":281,"column":20},"end":{"line":281,"column":null}},"type":"binary-expr","locations":[{"start":{"line":281,"column":20},"end":{"line":281,"column":33}},{"start":{"line":281,"column":33},"end":{"line":281,"column":null}}],"line":281},"37":{"loc":{"start":{"line":289,"column":6},"end":{"line":296,"column":null}},"type":"if","locations":[{"start":{"line":289,"column":6},"end":{"line":296,"column":null}},{"start":{"line":293,"column":13},"end":{"line":296,"column":null}}],"line":289},"38":{"loc":{"start":{"line":290,"column":42},"end":{"line":290,"column":84}},"type":"binary-expr","locations":[{"start":{"line":290,"column":42},"end":{"line":290,"column":61}},{"start":{"line":290,"column":61},"end":{"line":290,"column":84}}],"line":290},"39":{"loc":{"start":{"line":295,"column":17},"end":{"line":295,"column":83}},"type":"binary-expr","locations":[{"start":{"line":295,"column":17},"end":{"line":295,"column":36}},{"start":{"line":295,"column":36},"end":{"line":295,"column":83}}],"line":295},"40":{"loc":{"start":{"line":298,"column":15},"end":{"line":298,"column":60}},"type":"binary-expr","locations":[{"start":{"line":298,"column":15},"end":{"line":298,"column":30}},{"start":{"line":298,"column":30},"end":{"line":298,"column":60}}],"line":298},"41":{"loc":{"start":{"line":306,"column":6},"end":{"line":310,"column":null}},"type":"if","locations":[{"start":{"line":306,"column":6},"end":{"line":310,"column":null}},{"start":{"line":308,"column":13},"end":{"line":310,"column":null}}],"line":306},"42":{"loc":{"start":{"line":307,"column":29},"end":{"line":307,"column":106}},"type":"cond-expr","locations":[{"start":{"line":307,"column":74},"end":{"line":307,"column":105}},{"start":{"line":307,"column":105},"end":{"line":307,"column":106}}],"line":307},"43":{"loc":{"start":{"line":338,"column":146},"end":{"line":340,"column":null}},"type":"cond-expr","locations":[{"start":{"line":339,"column":20},"end":{"line":339,"column":null}},{"start":{"line":340,"column":20},"end":{"line":340,"column":null}}],"line":338},"44":{"loc":{"start":{"line":351,"column":146},"end":{"line":353,"column":null}},"type":"cond-expr","locations":[{"start":{"line":352,"column":20},"end":{"line":352,"column":null}},{"start":{"line":353,"column":20},"end":{"line":353,"column":null}}],"line":351},"45":{"loc":{"start":{"line":373,"column":15},"end":{"line":373,"column":null}},"type":"cond-expr","locations":[{"start":{"line":373,"column":46},"end":{"line":373,"column":67}},{"start":{"line":373,"column":67},"end":{"line":373,"column":null}}],"line":373},"46":{"loc":{"start":{"line":377,"column":14},"end":{"line":381,"column":null}},"type":"binary-expr","locations":[{"start":{"line":377,"column":14},"end":{"line":377,"column":23}},{"start":{"line":377,"column":23},"end":{"line":377,"column":null}},{"start":{"line":378,"column":14},"end":{"line":381,"column":null}}],"line":377},"47":{"loc":{"start":{"line":379,"column":17},"end":{"line":380,"column":31}},"type":"binary-expr","locations":[{"start":{"line":379,"column":17},"end":{"line":379,"column":26}},{"start":{"line":379,"column":26},"end":{"line":380,"column":31}}],"line":379},"48":{"loc":{"start":{"line":380,"column":17},"end":{"line":381,"column":null}},"type":"binary-expr","locations":[{"start":{"line":380,"column":17},"end":{"line":380,"column":31}},{"start":{"line":380,"column":31},"end":{"line":381,"column":null}}],"line":380},"49":{"loc":{"start":{"line":385,"column":13},"end":{"line":470,"column":null}},"type":"binary-expr","locations":[{"start":{"line":385,"column":13},"end":{"line":385,"column":null}},{"start":{"line":386,"column":14},"end":{"line":470,"column":null}}],"line":385},"50":{"loc":{"start":{"line":391,"column":43},"end":{"line":391,"column":null}},"type":"cond-expr","locations":[{"start":{"line":391,"column":52},"end":{"line":391,"column":71}},{"start":{"line":391,"column":71},"end":{"line":391,"column":null}}],"line":391},"51":{"loc":{"start":{"line":398,"column":162},"end":{"line":400,"column":null}},"type":"cond-expr","locations":[{"start":{"line":399,"column":28},"end":{"line":399,"column":null}},{"start":{"line":400,"column":28},"end":{"line":400,"column":null}}],"line":398},"52":{"loc":{"start":{"line":404,"column":69},"end":{"line":404,"column":156}},"type":"cond-expr","locations":[{"start":{"line":404,"column":86},"end":{"line":404,"column":137}},{"start":{"line":404,"column":137},"end":{"line":404,"column":156}}],"line":404},"53":{"loc":{"start":{"line":411,"column":19},"end":{"line":467,"column":null}},"type":"cond-expr","locations":[{"start":{"line":412,"column":20},"end":{"line":416,"column":21}},{"start":{"line":416,"column":20},"end":{"line":467,"column":null}}],"line":411},"54":{"loc":{"start":{"line":425,"column":29},"end":{"line":425,"column":null}},"type":"cond-expr","locations":[{"start":{"line":425,"column":40},"end":{"line":425,"column":53}},{"start":{"line":425,"column":53},"end":{"line":425,"column":null}}],"line":425},"55":{"loc":{"start":{"line":450,"column":25},"end":{"line":453,"column":null}},"type":"binary-expr","locations":[{"start":{"line":450,"column":25},"end":{"line":450,"column":null}},{"start":{"line":451,"column":26},"end":{"line":453,"column":null}}],"line":450},"56":{"loc":{"start":{"line":463,"column":27},"end":{"line":463,"column":null}},"type":"binary-expr","locations":[{"start":{"line":463,"column":27},"end":{"line":463,"column":48}},{"start":{"line":463,"column":48},"end":{"line":463,"column":null}}],"line":463},"57":{"loc":{"start":{"line":474,"column":13},"end":{"line":639,"column":null}},"type":"binary-expr","locations":[{"start":{"line":474,"column":13},"end":{"line":474,"column":null}},{"start":{"line":475,"column":14},"end":{"line":639,"column":null}}],"line":474},"58":{"loc":{"start":{"line":502,"column":17},"end":{"line":519,"column":null}},"type":"binary-expr","locations":[{"start":{"line":502,"column":17},"end":{"line":502,"column":null}},{"start":{"line":503,"column":18},"end":{"line":519,"column":null}}],"line":502},"59":{"loc":{"start":{"line":532,"column":21},"end":{"line":540,"column":null}},"type":"binary-expr","locations":[{"start":{"line":532,"column":21},"end":{"line":532,"column":null}},{"start":{"line":533,"column":22},"end":{"line":540,"column":null}}],"line":532},"60":{"loc":{"start":{"line":557,"column":17},"end":{"line":637,"column":null}},"type":"cond-expr","locations":[{"start":{"line":558,"column":18},"end":{"line":562,"column":19}},{"start":{"line":562,"column":18},"end":{"line":637,"column":null}}],"line":557},"61":{"loc":{"start":{"line":574,"column":41},"end":{"line":577,"column":null}},"type":"binary-expr","locations":[{"start":{"line":574,"column":41},"end":{"line":574,"column":null}},{"start":{"line":575,"column":28},"end":{"line":575,"column":null}},{"start":{"line":576,"column":28},"end":{"line":576,"column":null}},{"start":{"line":577,"column":29},"end":{"line":577,"column":40}},{"start":{"line":577,"column":40},"end":{"line":577,"column":61}},{"start":{"line":577,"column":61},"end":{"line":577,"column":null}}],"line":574},"62":{"loc":{"start":{"line":579,"column":46},"end":{"line":579,"column":null}},"type":"binary-expr","locations":[{"start":{"line":579,"column":46},"end":{"line":579,"column":68}},{"start":{"line":579,"column":68},"end":{"line":579,"column":94}},{"start":{"line":579,"column":94},"end":{"line":579,"column":null}}],"line":579},"63":{"loc":{"start":{"line":580,"column":50},"end":{"line":580,"column":null}},"type":"binary-expr","locations":[{"start":{"line":580,"column":50},"end":{"line":580,"column":60}},{"start":{"line":580,"column":60},"end":{"line":580,"column":null}}],"line":580},"64":{"loc":{"start":{"line":586,"column":33},"end":{"line":587,"column":null}},"type":"binary-expr","locations":[{"start":{"line":586,"column":33},"end":{"line":586,"column":44}},{"start":{"line":586,"column":44},"end":{"line":587,"column":null}}],"line":586},"65":{"loc":{"start":{"line":588,"column":72},"end":{"line":588,"column":105}},"type":"binary-expr","locations":[{"start":{"line":588,"column":72},"end":{"line":588,"column":90}},{"start":{"line":588,"column":90},"end":{"line":588,"column":105}}],"line":588},"66":{"loc":{"start":{"line":592,"column":44},"end":{"line":592,"column":null}},"type":"binary-expr","locations":[{"start":{"line":592,"column":44},"end":{"line":592,"column":71}},{"start":{"line":592,"column":71},"end":{"line":592,"column":null}}],"line":592},"67":{"loc":{"start":{"line":595,"column":54},"end":{"line":595,"column":null}},"type":"binary-expr","locations":[{"start":{"line":595,"column":54},"end":{"line":595,"column":109}},{"start":{"line":595,"column":109},"end":{"line":595,"column":null}}],"line":595},"68":{"loc":{"start":{"line":596,"column":53},"end":{"line":596,"column":null}},"type":"binary-expr","locations":[{"start":{"line":596,"column":53},"end":{"line":596,"column":71}},{"start":{"line":596,"column":71},"end":{"line":596,"column":null}}],"line":596},"69":{"loc":{"start":{"line":597,"column":36},"end":{"line":599,"column":null}},"type":"if","locations":[{"start":{"line":597,"column":36},"end":{"line":599,"column":null}},{"start":{},"end":{}}],"line":597},"70":{"loc":{"start":{"line":602,"column":41},"end":{"line":602,"column":null}},"type":"cond-expr","locations":[{"start":{"line":602,"column":62},"end":{"line":602,"column":118}},{"start":{"line":602,"column":118},"end":{"line":602,"column":null}}],"line":602},"71":{"loc":{"start":{"line":612,"column":33},"end":{"line":629,"column":null}},"type":"cond-expr","locations":[{"start":{"line":613,"column":34},"end":{"line":622,"column":null}},{"start":{"line":622,"column":36},"end":{"line":629,"column":null}}],"line":612},"72":{"loc":{"start":{"line":622,"column":36},"end":{"line":629,"column":null}},"type":"cond-expr","locations":[{"start":{"line":623,"column":34},"end":{"line":627,"column":35}},{"start":{"line":627,"column":34},"end":{"line":629,"column":null}}],"line":622},"73":{"loc":{"start":{"line":647,"column":7},"end":{"line":710,"column":null}},"type":"binary-expr","locations":[{"start":{"line":647,"column":7},"end":{"line":647,"column":null}},{"start":{"line":648,"column":8},"end":{"line":710,"column":null}}],"line":647}},"s":{"0":3,"1":3,"2":17,"3":17,"4":17,"5":17,"6":17,"7":17,"8":17,"9":17,"10":17,"11":17,"12":17,"13":17,"14":17,"15":17,"16":17,"17":17,"18":43,"19":43,"20":43,"21":43,"22":17,"23":17,"24":17,"25":17,"26":17,"27":17,"28":17,"29":17,"30":17,"31":3,"32":3,"33":17,"34":3,"35":3,"36":3,"37":3,"38":0,"39":3,"40":3,"41":3,"42":0,"43":3,"44":0,"45":0,"46":0,"47":3,"48":17,"49":3,"50":3,"51":3,"52":3,"53":3,"54":0,"55":3,"56":3,"57":1,"58":0,"59":3,"60":17,"61":1,"62":1,"63":1,"64":1,"65":1,"66":0,"67":1,"68":0,"69":0,"70":1,"71":1,"72":17,"73":1,"74":1,"75":1,"76":1,"77":1,"78":1,"79":1,"80":1,"81":0,"82":1,"83":1,"84":1,"85":0,"86":1,"87":0,"88":0,"89":1,"90":1,"91":1,"92":0,"93":1,"94":17,"95":1,"96":1,"97":1,"98":1,"99":1,"100":1,"101":1,"102":1,"103":0,"104":1,"105":0,"106":0,"107":0,"108":0,"109":1,"110":1,"111":17,"112":0,"113":0,"114":0,"115":0,"116":0,"117":0,"118":0,"119":0,"120":0,"121":0,"122":0,"123":0,"124":0,"125":0,"126":0,"127":0,"128":0,"129":0,"130":0,"131":0,"132":0,"133":0,"134":0,"135":0,"136":0,"137":0,"138":0,"139":0,"140":17,"141":0,"142":0,"143":0,"144":0,"145":0,"146":0,"147":0,"148":0,"149":0,"150":0,"151":0,"152":0,"153":0,"154":0,"155":0,"156":0,"157":0,"158":17,"159":0,"160":0,"161":0,"162":0,"163":0,"164":0,"165":0,"166":0,"167":17,"168":0,"169":0,"170":0,"171":1,"172":1,"173":1,"174":56,"175":4,"176":56,"177":56,"178":56,"179":1,"180":18,"181":0,"182":1,"183":1,"184":0,"185":0,"186":0,"187":0,"188":0,"189":0,"190":3,"191":3,"192":3,"193":3,"194":1,"195":1,"196":3,"197":1,"198":1,"199":1,"200":12,"201":0,"202":0,"203":0,"204":0,"205":0,"206":0},"f":{"0":17,"1":43,"2":3,"3":3,"4":0,"5":3,"6":1,"7":0,"8":1,"9":1,"10":0,"11":0,"12":1,"13":0,"14":0,"15":0,"16":0,"17":0,"18":0,"19":0,"20":0,"21":0,"22":0,"23":0,"24":0,"25":0,"26":0,"27":0,"28":0,"29":0,"30":0,"31":1,"32":56,"33":4,"34":1,"35":18,"36":0,"37":1,"38":1,"39":0,"40":0,"41":0,"42":0,"43":0,"44":0,"45":3,"46":1,"47":3,"48":12,"49":0,"50":0,"51":0,"52":0,"53":0,"54":0},"b":{"0":[17,0],"1":[43,0,0,0],"2":[0,0],"3":[43,0],"4":[43,43],"5":[3,0],"6":[0,3],"7":[3,0],"8":[0,3],"9":[0,0],"10":[3,0],"11":[0,3],"12":[1,2],"13":[3,1],"14":[0,1],"15":[0,0],"16":[1,0],"17":[0,1],"18":[0,1],"19":[0,0],"20":[1,0],"21":[0,0],"22":[1,0],"23":[1,0],"24":[1,0],"25":[0,0],"26":[1,0],"27":[0,0],"28":[0,0],"29":[0,0],"30":[0,0],"31":[0,0],"32":[0,0],"33":[0,0],"34":[0,0],"35":[0,0],"36":[0,0],"37":[0,0],"38":[0,0],"39":[0,0],"40":[0,0],"41":[0,0],"42":[0,0],"43":[14,3],"44":[3,14],"45":[14,3],"46":[17,16,2],"47":[2,1],"48":[2,1],"49":[17,14],"50":[1,55],"51":[14,42],"52":[1,55],"53":[6,8],"54":[8,0],"55":[8,0],"56":[8,1],"57":[17,3],"58":[3,0],"59":[3,0],"60":[0,3],"61":[3,3,3,3,0,0],"62":[3,3,3],"63":[3,3],"64":[3,0],"65":[3,0],"66":[3,2],"67":[1,0],"68":[1,0],"69":[1,0],"70":[0,3],"71":[3,0],"72":[0,0],"73":[17,0]},"meta":{"lastBranch":74,"lastFunction":55,"lastStatement":207,"seen":{"s:23:29:27:Infinity":0,"s:29:20:34:Infinity":1,"f:36:16:36:36":0,"s:37:21:37:Infinity":2,"s:38:20:38:Infinity":3,"s:41:23:41:Infinity":4,"s:42:30:42:Infinity":5,"s:43:30:43:Infinity":6,"s:44:17:44:Infinity":7,"s:45:17:45:Infinity":8,"s:46:19:46:Infinity":9,"s:47:28:47:Infinity":10,"s:50:16:50:Infinity":11,"s:51:23:51:Infinity":12,"s:52:25:52:Infinity":13,"s:55:26:55:Infinity":14,"s:56:25:56:Infinity":15,"s:57:29:57:Infinity":16,"s:59:8:67:Infinity":17,"b:59:25:59:34:59:34:59:36":0,"f:59:38:59:45":1,"s:60:21:60:Infinity":18,"s:61:26:64:Infinity":19,"b:61:26:61:Infinity:61:27:62:Infinity:62:56:63:Infinity:63:60:64:Infinity":1,"b:64:7:64:18:64:18:64:20":2,"s:65:24:65:Infinity":20,"b:65:24:65:52:65:52:65:Infinity":3,"s:66:4:66:Infinity":21,"b:66:11:66:28:66:28:66:Infinity":4,"s:70:27:70:Infinity":22,"s:71:22:71:Infinity":23,"s:72:19:72:Infinity":24,"s:73:18:73:Infinity":25,"s:74:23:74:Infinity":26,"s:77:16:77:Infinity":27,"s:78:21:78:Infinity":28,"s:80:32:85:Infinity":29,"s:87:2:90:Infinity":30,"f:87:2:87:18":2,"s:88:4:88:Infinity":31,"s:89:4:89:Infinity":32,"s:92:28:112:Infinity":33,"f:92:28:92:40":3,"s:93:4:111:Infinity":34,"s:94:20:94:Infinity":35,"b:94:20:94:33:94:33:94:Infinity":5,"s:95:18:97:Infinity":36,"b:98:6:98:Infinity:undefined:undefined:undefined:undefined":6,"s:98:6:98:Infinity":37,"s:98:19:98:Infinity":38,"s:99:19:99:Infinity":39,"s:100:6:100:Infinity":40,"b:100:22:100:43:100:43:100:45":7,"s:102:22:102:Infinity":41,"f:102:41:102:47":4,"s:102:58:102:100":42,"b:103:6:106:Infinity:undefined:undefined:undefined:undefined":8,"s:103:6:106:Infinity":43,"s:104:8:104:Infinity":44,"s:105:8:105:Infinity":45,"b:105:18:105:36:105:36:105:38":9,"s:108:6:108:Infinity":46,"s:110:6:110:Infinity":47,"s:114:21:131:Infinity":48,"f:114:21:114:33":5,"s:115:4:115:Infinity":49,"s:116:4:130:Infinity":50,"s:117:20:117:Infinity":51,"b:117:20:117:33:117:33:117:Infinity":10,"s:118:18:120:Infinity":52,"b:121:6:121:Infinity:undefined:undefined:undefined:undefined":11,"s:121:6:121:Infinity":53,"s:121:19:121:Infinity":54,"s:122:19:122:Infinity":55,"b:123:6:125:Infinity:undefined:undefined:undefined:undefined":12,"s:123:6:125:Infinity":56,"b:123:10:123:24:123:24:123:51":13,"s:124:8:124:Infinity":57,"s:127:6:127:Infinity":58,"s:129:6:129:Infinity":59,"s:133:8:147:Infinity":60,"f:133:8:133:35":6,"s:134:4:134:Infinity":61,"s:135:4:135:Infinity":62,"s:136:4:136:Infinity":63,"s:137:4:137:Infinity":64,"s:139:21:139:Infinity":65,"f:139:34:139:39":7,"s:139:44:139:71":66,"b:140:4:146:Infinity:143:11:146:Infinity":14,"s:140:4:146:Infinity":67,"s:141:6:141:Infinity":68,"s:142:6:142:Infinity":69,"b:142:16:142:35:142:35:142:37":15,"s:144:6:144:Infinity":70,"s:145:6:145:Infinity":71,"s:149:32:189:Infinity":72,"f:149:32:149:39":8,"s:150:4:150:Infinity":73,"s:151:4:151:Infinity":74,"s:152:4:152:Infinity":75,"s:153:4:153:Infinity":76,"s:155:4:188:Infinity":77,"s:156:20:156:Infinity":78,"b:156:20:156:33:156:33:156:Infinity":16,"s:157:18:169:Infinity":79,"b:171:6:171:Infinity:undefined:undefined:undefined:undefined":17,"s:171:6:171:Infinity":80,"s:171:19:171:Infinity":81,"s:172:19:172:Infinity":82,"s:174:6:180:Infinity":83,"f:174:6:174:22":9,"s:175:23:175:Infinity":84,"f:175:28:175:33":10,"s:175:38:175:80":85,"b:176:8:178:Infinity:undefined:undefined:undefined:undefined":18,"s:176:8:178:Infinity":86,"s:177:10:177:Infinity":87,"f:177:22:177:26":11,"s:177:31:177:117":88,"b:177:76:177:116:177:116:177:117":19,"s:179:8:179:Infinity":89,"s:182:6:182:Infinity":90,"b:182:20:182:36:182:36:182:65":20,"s:183:6:183:Infinity":91,"s:185:6:185:Infinity":92,"b:185:15:185:30:185:30:185:62":21,"s:187:6:187:Infinity":93,"s:191:27:218:Infinity":94,"f:191:27:191:34":12,"s:192:4:192:Infinity":95,"s:193:4:193:Infinity":96,"s:194:4:194:Infinity":97,"s:196:4:217:Infinity":98,"s:197:20:197:Infinity":99,"b:197:20:197:33:197:33:197:Infinity":22,"s:198:18:205:Infinity":100,"b:207:6:210:Infinity:undefined:undefined:undefined:undefined":23,"s:207:6:210:Infinity":101,"s:208:24:208:Infinity":102,"f:208:41:208:54":13,"s:208:54:208:57":103,"s:209:8:209:Infinity":104,"b:209:24:209:43:209:43:209:80":24,"s:211:6:211:Infinity":105,"s:212:6:212:Infinity":106,"f:212:6:212:15":14,"s:212:23:212:83":107,"f:212:28:212:32":15,"s:212:37:212:82":108,"b:212:55:212:81:212:81:212:82":25,"s:214:6:214:Infinity":109,"b:214:15:214:30:214:30:214:76":26,"s:216:6:216:Infinity":110,"s:220:24:272:Infinity":111,"f:220:24:220:31":16,"s:221:4:221:Infinity":112,"b:222:4:222:Infinity:undefined:undefined:undefined:undefined":27,"s:222:4:222:Infinity":113,"s:222:22:222:Infinity":114,"s:223:4:223:Infinity":115,"s:224:4:224:Infinity":116,"s:225:4:225:Infinity":117,"s:227:29:234:Infinity":118,"b:231:13:231:25:231:25:231:Infinity":28,"s:236:4:271:Infinity":119,"s:237:20:237:Infinity":120,"b:237:20:237:33:237:33:237:Infinity":29,"s:238:18:250:Infinity":121,"b:252:6:266:Infinity:263:13:266:Infinity":30,"s:252:6:266:Infinity":122,"s:253:21:253:Infinity":123,"s:254:8:254:Infinity":124,"b:255:8:259:Infinity:257:15:259:Infinity":31,"s:255:8:259:Infinity":125,"s:256:10:256:Infinity":126,"f:256:10:256:19":17,"s:256:27:256:119":127,"f:256:36:256:43":18,"s:256:48:256:106":128,"b:256:48:256:85:256:85:256:106":32,"s:258:10:258:Infinity":129,"f:258:10:258:19":19,"s:258:27:258:88":130,"f:258:36:258:43":20,"s:258:48:258:74":131,"s:260:8:260:Infinity":132,"s:261:8:261:Infinity":133,"s:262:8:262:Infinity":134,"s:264:24:264:Infinity":135,"f:264:41:264:54":21,"s:264:54:264:57":136,"s:265:8:265:Infinity":137,"b:265:17:265:36:265:36:265:99":33,"s:268:6:268:Infinity":138,"b:268:15:268:30:268:30:268:66":34,"s:270:6:270:Infinity":139,"s:274:27:300:Infinity":140,"f:274:27:274:34":22,"b:275:4:275:Infinity:undefined:undefined:undefined:undefined":35,"s:275:4:275:Infinity":141,"s:275:94:275:Infinity":142,"s:277:4:277:Infinity":143,"s:278:4:278:Infinity":144,"s:280:4:299:Infinity":145,"s:281:20:281:Infinity":146,"b:281:20:281:33:281:33:281:Infinity":36,"s:282:18:287:Infinity":147,"b:289:6:296:Infinity:293:13:296:Infinity":37,"s:289:6:296:Infinity":148,"s:290:8:290:Infinity":149,"f:290:8:290:17":23,"s:290:25:290:85":150,"f:290:30:290:37":24,"s:290:42:290:84":151,"b:290:42:290:61:290:61:290:84":38,"s:291:8:291:Infinity":152,"s:292:8:292:Infinity":153,"s:294:24:294:Infinity":154,"f:294:41:294:54":25,"s:294:54:294:57":155,"s:295:8:295:Infinity":156,"b:295:17:295:36:295:36:295:83":39,"s:298:6:298:Infinity":157,"b:298:15:298:30:298:30:298:60":40,"s:302:8:312:Infinity":158,"f:302:8:302:30":26,"s:303:4:303:Infinity":159,"s:304:4:311:Infinity":160,"f:304:4:304:20":27,"s:305:21:305:Infinity":161,"f:305:26:305:31":28,"s:305:36:305:78":162,"b:306:6:310:Infinity:308:13:310:Infinity":41,"s:306:6:310:Infinity":163,"s:307:8:307:Infinity":164,"f:307:20:307:24":29,"s:307:29:307:106":165,"b:307:74:307:105:307:105:307:106":42,"s:309:8:309:Infinity":166,"s:314:2:710:Infinity":167,"f:337:16:337:31":30,"s:337:33:337:63":168,"s:337:63:337:79":169,"s:337:79:337:98":170,"b:339:20:339:Infinity:340:20:340:Infinity":43,"f:350:16:350:31":31,"s:350:33:350:56":171,"s:350:56:350:72":172,"s:350:72:350:91":173,"b:352:20:352:Infinity:353:20:353:Infinity":44,"b:373:46:373:67:373:67:373:Infinity":45,"b:377:14:377:23:377:23:377:Infinity:378:14:381:Infinity":46,"b:379:17:379:26:379:26:380:31":47,"b:380:17:380:31:380:31:381:Infinity":48,"b:385:13:385:Infinity:386:14:470:Infinity":49,"f:389:41:389:46":32,"s:390:35:390:Infinity":174,"f:390:48:390:53":33,"s:390:58:390:90":175,"s:391:43:391:Infinity":176,"b:391:52:391:71:391:71:391:Infinity":50,"s:392:39:392:Infinity":177,"s:394:20:405:Infinity":178,"f:397:24:397:39":34,"s:397:39:397:Infinity":179,"b:399:28:399:Infinity:400:28:400:Infinity":51,"b:404:86:404:137:404:137:404:156":52,"b:412:20:416:21:416:20:467:Infinity":53,"f:419:49:419:54":35,"s:419:59:419:89":180,"f:422:93:422:104":36,"s:422:110:422:149":181,"b:425:40:425:53:425:53:425:Infinity":54,"f:435:26:435:37":37,"s:435:43:435:Infinity":182,"f:443:26:443:37":38,"s:443:43:443:Infinity":183,"b:450:25:450:Infinity:451:26:453:Infinity":55,"b:463:27:463:48:463:48:463:Infinity":56,"b:474:13:474:Infinity:475:14:639:Infinity":57,"f:482:24:482:39":39,"s:482:39:482:Infinity":184,"f:493:22:493:37":40,"s:493:37:493:Infinity":185,"b:502:17:502:Infinity:503:18:519:Infinity":58,"f:506:30:506:45":41,"s:506:45:506:75":186,"f:528:22:528:33":42,"s:528:39:528:Infinity":187,"b:532:21:532:Infinity:533:22:540:Infinity":59,"f:534:24:534:39":43,"s:534:39:534:Infinity":188,"f:545:22:545:33":44,"s:545:39:545:Infinity":189,"b:558:18:562:19:562:18:637:Infinity":60,"f:573:39:573:43":45,"s:574:41:577:Infinity":190,"b:574:41:574:Infinity:575:28:575:Infinity:576:28:576:Infinity:577:29:577:40:577:40:577:61:577:61:577:Infinity":61,"s:579:46:579:Infinity":191,"b:579:46:579:68:579:68:579:94:579:94:579:Infinity":62,"s:580:50:580:Infinity":192,"b:580:50:580:60:580:60:580:Infinity":63,"s:582:26:632:Infinity":193,"b:586:33:586:44:586:44:587:Infinity":64,"b:588:72:588:90:588:90:588:105":65,"b:592:44:592:71:592:71:592:Infinity":66,"f:593:34:593:45":46,"s:594:55:594:Infinity":194,"s:595:54:595:Infinity":195,"b:595:54:595:109:595:109:595:Infinity":67,"f:595:66:595:71":47,"s:595:76:595:97":196,"s:596:53:596:Infinity":197,"b:596:53:596:71:596:71:596:Infinity":68,"b:597:36:599:Infinity:undefined:undefined:undefined:undefined":69,"s:597:36:599:Infinity":198,"s:598:38:598:Infinity":199,"b:602:62:602:118:602:118:602:Infinity":70,"f:604:47:604:51":48,"s:605:36:607:Infinity":200,"b:613:34:622:Infinity:622:36:629:Infinity":71,"f:614:36:614:51":49,"s:614:51:614:Infinity":201,"b:623:34:627:35:627:34:629:Infinity":72,"b:647:7:647:Infinity:648:8:710:Infinity":73,"f:660:18:660:29":50,"s:660:35:660:Infinity":202,"f:671:18:671:29":51,"s:671:35:671:Infinity":203,"f:681:18:681:29":52,"s:681:35:681:Infinity":204,"f:684:31:684:35":53,"s:685:20:685:Infinity":205,"f:693:18:693:33":54,"s:693:33:693:Infinity":206},"fnNames":{}}}
,"C:\\Users\\MyPC\\EAA_Enterprise_AI_Assistant\\SPEC_MVP\\apps\\chat-ui\\src\\components\\auth\\LoginScreen.tsx": {"path":"C:\\Users\\MyPC\\EAA_Enterprise_AI_Assistant\\SPEC_MVP\\apps\\chat-ui\\src\\components\\auth\\LoginScreen.tsx","statementMap":{"0":{"start":{"line":5,"column":6},"end":{"line":215,"column":null}},"1":{"start":{"line":6,"column":10},"end":{"line":6,"column":null}},"2":{"start":{"line":7,"column":19},"end":{"line":7,"column":null}},"3":{"start":{"line":8,"column":19},"end":{"line":8,"column":null}},"4":{"start":{"line":9,"column":16},"end":{"line":9,"column":null}},"5":{"start":{"line":10,"column":20},"end":{"line":10,"column":null}},"6":{"start":{"line":11,"column":23},"end":{"line":11,"column":null}},"7":{"start":{"line":13,"column":23},"end":{"line":42,"column":null}},"8":{"start":{"line":14,"column":4},"end":{"line":14,"column":null}},"9":{"start":{"line":15,"column":4},"end":{"line":18,"column":null}},"10":{"start":{"line":16,"column":6},"end":{"line":16,"column":null}},"11":{"start":{"line":17,"column":6},"end":{"line":17,"column":null}},"12":{"start":{"line":20,"column":4},"end":{"line":20,"column":null}},"13":{"start":{"line":21,"column":4},"end":{"line":21,"column":null}},"14":{"start":{"line":23,"column":4},"end":{"line":41,"column":null}},"15":{"start":{"line":24,"column":23},"end":{"line":28,"column":null}},"16":{"start":{"line":30,"column":6},"end":{"line":36,"column":null}},"17":{"start":{"line":31,"column":21},"end":{"line":31,"column":null}},"18":{"start":{"line":32,"column":8},"end":{"line":32,"column":null}},"19":{"start":{"line":34,"column":24},"end":{"line":34,"column":null}},"20":{"start":{"line":34,"column":59},"end":{"line":34,"column":62}},"21":{"start":{"line":35,"column":8},"end":{"line":35,"column":null}},"22":{"start":{"line":38,"column":6},"end":{"line":38,"column":null}},"23":{"start":{"line":40,"column":6},"end":{"line":40,"column":null}},"24":{"start":{"line":44,"column":8},"end":{"line":70,"column":null}},"25":{"start":{"line":46,"column":6},"end":{"line":46,"column":null}},"26":{"start":{"line":47,"column":6},"end":{"line":47,"column":null}},"27":{"start":{"line":48,"column":6},"end":{"line":65,"column":null}},"28":{"start":{"line":49,"column":25},"end":{"line":53,"column":null}},"29":{"start":{"line":55,"column":8},"end":{"line":60,"column":null}},"30":{"start":{"line":56,"column":23},"end":{"line":56,"column":null}},"31":{"start":{"line":57,"column":10},"end":{"line":57,"column":null}},"32":{"start":{"line":59,"column":10},"end":{"line":59,"column":null}},"33":{"start":{"line":62,"column":8},"end":{"line":62,"column":null}},"34":{"start":{"line":64,"column":8},"end":{"line":64,"column":null}},"35":{"start":{"line":68,"column":6},"end":{"line":68,"column":null}},"36":{"start":{"line":72,"column":27},"end":{"line":87,"column":null}},"37":{"start":{"line":73,"column":4},"end":{"line":73,"column":null}},"38":{"start":{"line":74,"column":4},"end":{"line":74,"column":null}},"39":{"start":{"line":75,"column":4},"end":{"line":86,"column":null}},"40":{"start":{"line":76,"column":23},"end":{"line":76,"column":null}},"41":{"start":{"line":77,"column":6},"end":{"line":79,"column":null}},"42":{"start":{"line":78,"column":8},"end":{"line":78,"column":null}},"43":{"start":{"line":80,"column":19},"end":{"line":80,"column":null}},"44":{"start":{"line":81,"column":6},"end":{"line":81,"column":null}},"45":{"start":{"line":83,"column":6},"end":{"line":83,"column":null}},"46":{"start":{"line":85,"column":6},"end":{"line":85,"column":null}},"47":{"start":{"line":89,"column":2},"end":{"line":213,"column":null}},"48":{"start":{"line":121,"column":31},"end":{"line":121,"column":null}},"49":{"start":{"line":136,"column":33},"end":{"line":136,"column":null}},"50":{"start":{"line":143,"column":31},"end":{"line":143,"column":null}},"51":{"start":{"line":186,"column":29},"end":{"line":186,"column":null}}},"fnMap":{"0":{"name":"(anonymous_0)","decl":{"start":{"line":5,"column":6},"end":{"line":5,"column":36}},"loc":{"start":{"line":5,"column":36},"end":{"line":215,"column":null}},"line":5},"1":{"name":"(anonymous_1)","decl":{"start":{"line":13,"column":23},"end":{"line":13,"column":30}},"loc":{"start":{"line":13,"column":53},"end":{"line":42,"column":null}},"line":13},"2":{"name":"(anonymous_2)","decl":{"start":{"line":34,"column":46},"end":{"line":34,"column":59}},"loc":{"start":{"line":34,"column":59},"end":{"line":34,"column":62}},"line":34},"3":{"name":"(anonymous_3)","decl":{"start":{"line":45,"column":15},"end":{"line":45,"column":22}},"loc":{"start":{"line":45,"column":40},"end":{"line":66,"column":null}},"line":45},"4":{"name":"(anonymous_4)","decl":{"start":{"line":67,"column":4},"end":{"line":67,"column":19}},"loc":{"start":{"line":67,"column":19},"end":{"line":69,"column":null}},"line":67},"5":{"name":"(anonymous_5)","decl":{"start":{"line":72,"column":27},"end":{"line":72,"column":39}},"loc":{"start":{"line":72,"column":39},"end":{"line":87,"column":null}},"line":72},"6":{"name":"(anonymous_6)","decl":{"start":{"line":121,"column":14},"end":{"line":121,"column":25}},"loc":{"start":{"line":121,"column":31},"end":{"line":121,"column":null}},"line":121},"7":{"name":"(anonymous_7)","decl":{"start":{"line":136,"column":16},"end":{"line":136,"column":27}},"loc":{"start":{"line":136,"column":33},"end":{"line":136,"column":null}},"line":136},"8":{"name":"(anonymous_8)","decl":{"start":{"line":143,"column":16},"end":{"line":143,"column":31}},"loc":{"start":{"line":143,"column":31},"end":{"line":143,"column":null}},"line":143},"9":{"name":"(anonymous_9)","decl":{"start":{"line":186,"column":14},"end":{"line":186,"column":29}},"loc":{"start":{"line":186,"column":29},"end":{"line":186,"column":null}},"line":186}},"branchMap":{"0":{"loc":{"start":{"line":15,"column":4},"end":{"line":18,"column":null}},"type":"if","locations":[{"start":{"line":15,"column":4},"end":{"line":18,"column":null}},{"start":{},"end":{}}],"line":15},"1":{"loc":{"start":{"line":15,"column":8},"end":{"line":15,"column":32}},"type":"binary-expr","locations":[{"start":{"line":15,"column":8},"end":{"line":15,"column":21}},{"start":{"line":15,"column":21},"end":{"line":15,"column":32}}],"line":15},"2":{"loc":{"start":{"line":30,"column":6},"end":{"line":36,"column":null}},"type":"if","locations":[{"start":{"line":30,"column":6},"end":{"line":36,"column":null}},{"start":{"line":33,"column":13},"end":{"line":36,"column":null}}],"line":30},"3":{"loc":{"start":{"line":35,"column":17},"end":{"line":35,"column":70}},"type":"binary-expr","locations":[{"start":{"line":35,"column":17},"end":{"line":35,"column":36}},{"start":{"line":35,"column":36},"end":{"line":35,"column":70}}],"line":35},"4":{"loc":{"start":{"line":55,"column":8},"end":{"line":60,"column":null}},"type":"if","locations":[{"start":{"line":55,"column":8},"end":{"line":60,"column":null}},{"start":{"line":58,"column":15},"end":{"line":60,"column":null}}],"line":55},"5":{"loc":{"start":{"line":77,"column":6},"end":{"line":79,"column":null}},"type":"if","locations":[{"start":{"line":77,"column":6},"end":{"line":79,"column":null}},{"start":{},"end":{}}],"line":77},"6":{"loc":{"start":{"line":107,"column":9},"end":{"line":110,"column":null}},"type":"binary-expr","locations":[{"start":{"line":107,"column":9},"end":{"line":107,"column":null}},{"start":{"line":108,"column":10},"end":{"line":110,"column":null}}],"line":107},"7":{"loc":{"start":{"line":134,"column":22},"end":{"line":134,"column":null}},"type":"cond-expr","locations":[{"start":{"line":134,"column":37},"end":{"line":134,"column":46}},{"start":{"line":134,"column":46},"end":{"line":134,"column":null}}],"line":134},"8":{"loc":{"start":{"line":146,"column":17},"end":{"line":154,"column":null}},"type":"cond-expr","locations":[{"start":{"line":147,"column":18},"end":{"line":151,"column":19}},{"start":{"line":151,"column":18},"end":{"line":154,"column":null}}],"line":146},"9":{"loc":{"start":{"line":165,"column":13},"end":{"line":171,"column":null}},"type":"cond-expr","locations":[{"start":{"line":166,"column":14},"end":{"line":171,"column":null}},{"start":{"line":171,"column":14},"end":{"line":171,"column":null}}],"line":165}},"s":{"0":2,"1":43,"2":43,"3":43,"4":43,"5":43,"6":43,"7":43,"8":10,"9":10,"10":1,"11":1,"12":9,"13":9,"14":9,"15":9,"16":9,"17":7,"18":7,"19":2,"20":0,"21":2,"22":0,"23":9,"24":43,"25":0,"26":0,"27":0,"28":0,"29":0,"30":0,"31":0,"32":0,"33":0,"34":0,"35":0,"36":43,"37":0,"38":0,"39":0,"40":0,"41":0,"42":0,"43":0,"44":0,"45":0,"46":0,"47":43,"48":9,"49":9,"50":0,"51":0},"f":{"0":43,"1":10,"2":0,"3":0,"4":0,"5":0,"6":9,"7":9,"8":0,"9":0},"b":{"0":[1,9],"1":[10,9],"2":[7,2],"3":[2,1],"4":[0,0],"5":[0,0],"6":[43,3],"7":[0,43],"8":[0,43],"9":[9,34]},"meta":{"lastBranch":10,"lastFunction":10,"lastStatement":52,"seen":{"s:5:6:215:Infinity":0,"f:5:6:5:36":0,"s:6:10:6:Infinity":1,"s:7:19:7:Infinity":2,"s:8:19:8:Infinity":3,"s:9:16:9:Infinity":4,"s:10:20:10:Infinity":5,"s:11:23:11:Infinity":6,"s:13:23:42:Infinity":7,"f:13:23:13:30":1,"s:14:4:14:Infinity":8,"b:15:4:18:Infinity:undefined:undefined:undefined:undefined":0,"s:15:4:18:Infinity":9,"b:15:8:15:21:15:21:15:32":1,"s:16:6:16:Infinity":10,"s:17:6:17:Infinity":11,"s:20:4:20:Infinity":12,"s:21:4:21:Infinity":13,"s:23:4:41:Infinity":14,"s:24:23:28:Infinity":15,"b:30:6:36:Infinity:33:13:36:Infinity":2,"s:30:6:36:Infinity":16,"s:31:21:31:Infinity":17,"s:32:8:32:Infinity":18,"s:34:24:34:Infinity":19,"f:34:46:34:59":2,"s:34:59:34:62":20,"s:35:8:35:Infinity":21,"b:35:17:35:36:35:36:35:70":3,"s:38:6:38:Infinity":22,"s:40:6:40:Infinity":23,"s:44:8:70:Infinity":24,"f:45:15:45:22":3,"s:46:6:46:Infinity":25,"s:47:6:47:Infinity":26,"s:48:6:65:Infinity":27,"s:49:25:53:Infinity":28,"b:55:8:60:Infinity:58:15:60:Infinity":4,"s:55:8:60:Infinity":29,"s:56:23:56:Infinity":30,"s:57:10:57:Infinity":31,"s:59:10:59:Infinity":32,"s:62:8:62:Infinity":33,"s:64:8:64:Infinity":34,"f:67:4:67:19":4,"s:68:6:68:Infinity":35,"s:72:27:87:Infinity":36,"f:72:27:72:39":5,"s:73:4:73:Infinity":37,"s:74:4:74:Infinity":38,"s:75:4:86:Infinity":39,"s:76:23:76:Infinity":40,"b:77:6:79:Infinity:undefined:undefined:undefined:undefined":5,"s:77:6:79:Infinity":41,"s:78:8:78:Infinity":42,"s:80:19:80:Infinity":43,"s:81:6:81:Infinity":44,"s:83:6:83:Infinity":45,"s:85:6:85:Infinity":46,"s:89:2:213:Infinity":47,"b:107:9:107:Infinity:108:10:110:Infinity":6,"f:121:14:121:25":6,"s:121:31:121:Infinity":48,"b:134:37:134:46:134:46:134:Infinity":7,"f:136:16:136:27":7,"s:136:33:136:Infinity":49,"f:143:16:143:31":8,"s:143:31:143:Infinity":50,"b:147:18:151:19:151:18:154:Infinity":8,"b:166:14:171:Infinity:171:14:171:Infinity":9,"f:186:14:186:29":9,"s:186:29:186:Infinity":51},"fnNames":{}}}
,"C:\\Users\\MyPC\\EAA_Enterprise_AI_Assistant\\SPEC_MVP\\apps\\chat-ui\\src\\components\\chat\\ChatInput.tsx": {"path":"C:\\Users\\MyPC\\EAA_Enterprise_AI_Assistant\\SPEC_MVP\\apps\\chat-ui\\src\\components\\chat\\ChatInput.tsx","statementMap":{"0":{"start":{"line":10,"column":22},"end":{"line":16,"column":null}},"1":{"start":{"line":18,"column":6},"end":{"line":103,"column":null}},"2":{"start":{"line":19,"column":16},"end":{"line":19,"column":null}},"3":{"start":{"line":20,"column":22},"end":{"line":20,"column":null}},"4":{"start":{"line":21,"column":8},"end":{"line":21,"column":null}},"5":{"start":{"line":23,"column":2},"end":{"line":29,"column":null}},"6":{"start":{"line":24,"column":4},"end":{"line":28,"column":null}},"7":{"start":{"line":25,"column":6},"end":{"line":27,"column":null}},"8":{"start":{"line":26,"column":8},"end":{"line":26,"column":null}},"9":{"start":{"line":31,"column":2},"end":{"line":41,"column":null}},"10":{"start":{"line":32,"column":10},"end":{"line":38,"column":null}},"11":{"start":{"line":33,"column":26},"end":{"line":33,"column":null}},"12":{"start":{"line":34,"column":6},"end":{"line":34,"column":null}},"13":{"start":{"line":35,"column":6},"end":{"line":37,"column":null}},"14":{"start":{"line":36,"column":8},"end":{"line":36,"column":null}},"15":{"start":{"line":39,"column":4},"end":{"line":39,"column":null}},"16":{"start":{"line":40,"column":4},"end":{"line":40,"column":null}},"17":{"start":{"line":40,"column":17},"end":{"line":40,"column":null}},"18":{"start":{"line":43,"column":8},"end":{"line":49,"column":null}},"19":{"start":{"line":44,"column":4},"end":{"line":44,"column":null}},"20":{"start":{"line":45,"column":4},"end":{"line":48,"column":null}},"21":{"start":{"line":46,"column":6},"end":{"line":46,"column":null}},"22":{"start":{"line":47,"column":6},"end":{"line":47,"column":null}},"23":{"start":{"line":51,"column":2},"end":{"line":101,"column":null}},"24":{"start":{"line":57,"column":25},"end":{"line":57,"column":null}},"25":{"start":{"line":68,"column":12},"end":{"line":75,"column":null}},"26":{"start":{"line":70,"column":29},"end":{"line":70,"column":null}},"27":{"start":{"line":86,"column":27},"end":{"line":86,"column":null}}},"fnMap":{"0":{"name":"(anonymous_0)","decl":{"start":{"line":18,"column":6},"end":{"line":18,"column":45}},"loc":{"start":{"line":18,"column":98},"end":{"line":103,"column":null}},"line":18},"1":{"name":"(anonymous_1)","decl":{"start":{"line":23,"column":2},"end":{"line":23,"column":18}},"loc":{"start":{"line":23,"column":18},"end":{"line":29,"column":5}},"line":23},"2":{"name":"(anonymous_2)","decl":{"start":{"line":25,"column":6},"end":{"line":25,"column":23}},"loc":{"start":{"line":25,"column":23},"end":{"line":27,"column":9}},"line":25},"3":{"name":"(anonymous_3)","decl":{"start":{"line":31,"column":2},"end":{"line":31,"column":18}},"loc":{"start":{"line":31,"column":18},"end":{"line":41,"column":5}},"line":31},"4":{"name":"(anonymous_4)","decl":{"start":{"line":32,"column":10},"end":{"line":32,"column":30}},"loc":{"start":{"line":32,"column":43},"end":{"line":38,"column":null}},"line":32},"5":{"name":"(anonymous_5)","decl":{"start":{"line":35,"column":6},"end":{"line":35,"column":23}},"loc":{"start":{"line":35,"column":23},"end":{"line":37,"column":9}},"line":35},"6":{"name":"(anonymous_6)","decl":{"start":{"line":40,"column":4},"end":{"line":40,"column":17}},"loc":{"start":{"line":40,"column":17},"end":{"line":40,"column":null}},"line":40},"7":{"name":"(anonymous_7)","decl":{"start":{"line":43,"column":8},"end":{"line":43,"column":24}},"loc":{"start":{"line":43,"column":47},"end":{"line":49,"column":null}},"line":43},"8":{"name":"(anonymous_8)","decl":{"start":{"line":57,"column":10},"end":{"line":57,"column":25}},"loc":{"start":{"line":57,"column":25},"end":{"line":57,"column":null}},"line":57},"9":{"name":"(anonymous_9)","decl":{"start":{"line":67,"column":25},"end":{"line":67,"column":30}},"loc":{"start":{"line":68,"column":12},"end":{"line":75,"column":null}},"line":68},"10":{"name":"(anonymous_10)","decl":{"start":{"line":70,"column":14},"end":{"line":70,"column":29}},"loc":{"start":{"line":70,"column":29},"end":{"line":70,"column":null}},"line":70},"11":{"name":"(anonymous_11)","decl":{"start":{"line":86,"column":10},"end":{"line":86,"column":21}},"loc":{"start":{"line":86,"column":27},"end":{"line":86,"column":null}},"line":86}},"branchMap":{"0":{"loc":{"start":{"line":18,"column":73},"end":{"line":18,"column":98}},"type":"default-arg","locations":[{"start":{"line":18,"column":86},"end":{"line":18,"column":98}}],"line":18},"1":{"loc":{"start":{"line":24,"column":4},"end":{"line":28,"column":null}},"type":"if","locations":[{"start":{"line":24,"column":4},"end":{"line":28,"column":null}},{"start":{},"end":{}}],"line":24},"2":{"loc":{"start":{"line":45,"column":4},"end":{"line":48,"column":null}},"type":"if","locations":[{"start":{"line":45,"column":4},"end":{"line":48,"column":null}},{"start":{},"end":{}}],"line":45},"3":{"loc":{"start":{"line":45,"column":8},"end":{"line":45,"column":36}},"type":"binary-expr","locations":[{"start":{"line":45,"column":8},"end":{"line":45,"column":24}},{"start":{"line":45,"column":24},"end":{"line":45,"column":36}}],"line":45},"4":{"loc":{"start":{"line":52,"column":27},"end":{"line":52,"column":81}},"type":"cond-expr","locations":[{"start":{"line":52,"column":40},"end":{"line":52,"column":51}},{"start":{"line":52,"column":51},"end":{"line":52,"column":81}}],"line":52},"5":{"loc":{"start":{"line":60,"column":71},"end":{"line":60,"column":106}},"type":"cond-expr","locations":[{"start":{"line":60,"column":85},"end":{"line":60,"column":100}},{"start":{"line":60,"column":100},"end":{"line":60,"column":106}}],"line":60},"6":{"loc":{"start":{"line":63,"column":11},"end":{"line":63,"column":null}},"type":"cond-expr","locations":[{"start":{"line":63,"column":25},"end":{"line":63,"column":43}},{"start":{"line":63,"column":43},"end":{"line":63,"column":null}}],"line":63},"7":{"loc":{"start":{"line":66,"column":92},"end":{"line":66,"column":null}},"type":"cond-expr","locations":[{"start":{"line":66,"column":106},"end":{"line":66,"column":131}},{"start":{"line":66,"column":131},"end":{"line":66,"column":null}}],"line":66},"8":{"loc":{"start":{"line":93,"column":20},"end":{"line":93,"column":null}},"type":"binary-expr","locations":[{"start":{"line":93,"column":20},"end":{"line":93,"column":33}},{"start":{"line":93,"column":33},"end":{"line":93,"column":null}}],"line":93}},"s":{"0":3,"1":3,"2":58,"3":58,"4":58,"5":58,"6":35,"7":29,"8":27,"9":58,"10":30,"11":1,"12":1,"13":1,"14":1,"15":30,"16":30,"17":30,"18":58,"19":7,"20":7,"21":5,"22":5,"23":58,"24":2,"25":290,"26":1,"27":6},"f":{"0":58,"1":35,"2":27,"3":30,"4":1,"5":1,"6":30,"7":7,"8":2,"9":290,"10":1,"11":6},"b":{"0":[58],"1":[29,6],"2":[5,2],"3":[7,5],"4":[24,34],"5":[1,57],"6":[1,57],"7":[1,57],"8":[58,52]},"meta":{"lastBranch":9,"lastFunction":12,"lastStatement":28,"seen":{"s:10:22:16:Infinity":0,"s:18:6:103:Infinity":1,"f:18:6:18:45":0,"b:18:86:18:98":0,"s:19:16:19:Infinity":2,"s:20:22:20:Infinity":3,"s:21:8:21:Infinity":4,"s:23:2:29:Infinity":5,"f:23:2:23:18":1,"b:24:4:28:Infinity:undefined:undefined:undefined:undefined":1,"s:24:4:28:Infinity":6,"s:25:6:27:Infinity":7,"f:25:6:25:23":2,"s:26:8:26:Infinity":8,"s:31:2:41:Infinity":9,"f:31:2:31:18":3,"s:32:10:38:Infinity":10,"f:32:10:32:30":4,"s:33:26:33:Infinity":11,"s:34:6:34:Infinity":12,"s:35:6:37:Infinity":13,"f:35:6:35:23":5,"s:36:8:36:Infinity":14,"s:39:4:39:Infinity":15,"s:40:4:40:Infinity":16,"f:40:4:40:17":6,"s:40:17:40:Infinity":17,"s:43:8:49:Infinity":18,"f:43:8:43:24":7,"s:44:4:44:Infinity":19,"b:45:4:48:Infinity:undefined:undefined:undefined:undefined":2,"s:45:4:48:Infinity":20,"b:45:8:45:24:45:24:45:36":3,"s:46:6:46:Infinity":21,"s:47:6:47:Infinity":22,"s:51:2:101:Infinity":23,"b:52:40:52:51:52:51:52:81":4,"f:57:10:57:25":8,"s:57:25:57:Infinity":24,"b:60:85:60:100:60:100:60:106":5,"b:63:25:63:43:63:43:63:Infinity":6,"b:66:106:66:131:66:131:66:Infinity":7,"f:67:25:67:30":9,"s:68:12:75:Infinity":25,"f:70:14:70:29":10,"s:70:29:70:Infinity":26,"f:86:10:86:21":11,"s:86:27:86:Infinity":27,"b:93:20:93:33:93:33:93:Infinity":8},"fnNames":{}}}
[...]
art":{"line":136,"column":8},"end":{"line":136,"column":46}},"type":"binary-expr","locations":[{"start":{"line":136,"column":8},"end":{"line":136,"column":21}},{"start":{"line":136,"column":21},"end":{"line":136,"column":36}},{"start":{"line":136,"column":36},"end":{"line":136,"column":46}}],"line":136},"24":{"loc":{"start":{"line":149,"column":20},"end":{"line":149,"column":null}},"type":"binary-expr","locations":[{"start":{"line":149,"column":20},"end":{"line":149,"column":57}},{"start":{"line":149,"column":57},"end":{"line":149,"column":null}}],"line":149},"25":{"loc":{"start":{"line":150,"column":4},"end":{"line":152,"column":null}},"type":"if","locations":[{"start":{"line":150,"column":4},"end":{"line":152,"column":null}},{"start":{},"end":{}}],"line":150},"26":{"loc":{"start":{"line":150,"column":8},"end":{"line":150,"column":31}},"type":"binary-expr","locations":[{"start":{"line":150,"column":8},"end":{"line":150,"column":21}},{"start":{"line":150,"column":21},"end":{"line":150,"column":31}}],"line":150},"27":{"loc":{"start":{"line":157,"column":4},"end":{"line":161,"column":null}},"type":"if","locations":[{"start":{"line":157,"column":4},"end":{"line":161,"column":null}},{"start":{"line":159,"column":11},"end":{"line":161,"column":null}}],"line":157},"28":{"loc":{"start":{"line":157,"column":8},"end":{"line":157,"column":48}},"type":"binary-expr","locations":[{"start":{"line":157,"column":8},"end":{"line":157,"column":21}},{"start":{"line":157,"column":21},"end":{"line":157,"column":48}}],"line":157},"29":{"loc":{"start":{"line":159,"column":11},"end":{"line":161,"column":null}},"type":"if","locations":[{"start":{"line":159,"column":11},"end":{"line":161,"column":null}},{"start":{},"end":{}}],"line":159},"30":{"loc":{"start":{"line":170,"column":20},"end":{"line":170,"column":null}},"type":"binary-expr","locations":[{"start":{"line":170,"column":20},"end":{"line":170,"column":57}},{"start":{"line":170,"column":57},"end":{"line":170,"column":null}}],"line":170},"31":{"loc":{"start":{"line":172,"column":24},"end":{"line":178,"column":null}},"type":"cond-expr","locations":[{"start":{"line":172,"column":50},"end":{"line":172,"column":65}},{"start":{"line":172,"column":65},"end":{"line":178,"column":null}}],"line":172},"32":{"loc":{"start":{"line":181,"column":4},"end":{"line":184,"column":null}},"type":"if","locations":[{"start":{"line":181,"column":4},"end":{"line":184,"column":null}},{"start":{},"end":{}}],"line":181},"33":{"loc":{"start":{"line":181,"column":8},"end":{"line":181,"column":76}},"type":"binary-expr","locations":[{"start":{"line":181,"column":8},"end":{"line":181,"column":34}},{"start":{"line":181,"column":34},"end":{"line":181,"column":76}}],"line":181},"34":{"loc":{"start":{"line":186,"column":4},"end":{"line":195,"column":null}},"type":"if","locations":[{"start":{"line":186,"column":4},"end":{"line":195,"column":null}},{"start":{},"end":{}}],"line":186},"35":{"loc":{"start":{"line":186,"column":8},"end":{"line":186,"column":60}},"type":"binary-expr","locations":[{"start":{"line":186,"column":8},"end":{"line":186,"column":21}},{"start":{"line":186,"column":21},"end":{"line":186,"column":50}},{"start":{"line":186,"column":50},"end":{"line":186,"column":60}}],"line":186},"36":{"loc":{"start":{"line":202,"column":4},"end":{"line":202,"column":null}},"type":"if","locations":[{"start":{"line":202,"column":4},"end":{"line":202,"column":null}},{"start":{},"end":{}}],"line":202},"37":{"loc":{"start":{"line":222,"column":21},"end":{"line":222,"column":null}},"type":"cond-expr","locations":[{"start":{"line":222,"column":62},"end":{"line":222,"column":88}},{"start":{"line":222,"column":88},"end":{"line":222,"column":null}}],"line":222},"38":{"loc":{"start":{"line":228,"column":6},"end":{"line":230,"column":null}},"type":"if","locations":[{"start":{"line":228,"column":6},"end":{"line":230,"column":null}},{"start":{},"end":{}}],"line":228},"39":{"loc":{"start":{"line":232,"column":19},"end":{"line":232,"column":null}},"type":"cond-expr","locations":[{"start":{"line":232,"column":35},"end":{"line":232,"column":77}},{"start":{"line":232,"column":77},"end":{"line":232,"column":null}}],"line":232},"40":{"loc":{"start":{"line":233,"column":22},"end":{"line":233,"column":null}},"type":"binary-expr","locations":[{"start":{"line":233,"column":22},"end":{"line":233,"column":59}},{"start":{"line":233,"column":59},"end":{"line":233,"column":null}}],"line":233},"41":{"loc":{"start":{"line":235,"column":6},"end":{"line":253,"column":null}},"type":"if","locations":[{"start":{"line":235,"column":6},"end":{"line":253,"column":null}},{"start":{"line":244,"column":13},"end":{"line":253,"column":null}}],"line":235},"42":{"loc":{"start":{"line":239,"column":19},"end":{"line":239,"column":null}},"type":"binary-expr","locations":[{"start":{"line":239,"column":19},"end":{"line":239,"column":33}},{"start":{"line":239,"column":33},"end":{"line":239,"column":48}},{"start":{"line":239,"column":48},"end":{"line":239,"column":64}},{"start":{"line":239,"column":64},"end":{"line":239,"column":null}}],"line":239},"43":{"loc":{"start":{"line":245,"column":32},"end":{"line":245,"column":null}},"type":"binary-expr","locations":[{"start":{"line":245,"column":32},"end":{"line":245,"column":50}},{"start":{"line":245,"column":50},"end":{"line":245,"column":70}},{"start":{"line":245,"column":70},"end":{"line":245,"column":null}}],"line":245},"44":{"loc":{"start":{"line":245,"column":70},"end":{"line":245,"column":null}},"type":"cond-expr","locations":[{"start":{"line":245,"column":111},"end":{"line":245,"column":137}},{"start":{"line":245,"column":137},"end":{"line":245,"column":null}}],"line":245},"45":{"loc":{"start":{"line":248,"column":23},"end":{"line":248,"column":null}},"type":"binary-expr","locations":[{"start":{"line":248,"column":23},"end":{"line":248,"column":42}},{"start":{"line":248,"column":42},"end":{"line":248,"column":null}}],"line":248},"46":{"loc":{"start":{"line":249,"column":31},"end":{"line":249,"column":null}},"type":"cond-expr","locations":[{"start":{"line":249,"column":40},"end":{"line":249,"column":58}},{"start":{"line":249,"column":58},"end":{"line":249,"column":null}}],"line":249},"47":{"loc":{"start":{"line":288,"column":21},"end":{"line":288,"column":null}},"type":"cond-expr","locations":[{"start":{"line":288,"column":62},"end":{"line":288,"column":88}},{"start":{"line":288,"column":88},"end":{"line":288,"column":null}}],"line":288},"48":{"loc":{"start":{"line":293,"column":6},"end":{"line":295,"column":null}},"type":"if","locations":[{"start":{"line":293,"column":6},"end":{"line":295,"column":null}},{"start":{},"end":{}}],"line":293},"49":{"loc":{"start":{"line":298,"column":22},"end":{"line":298,"column":null}},"type":"binary-expr","locations":[{"start":{"line":298,"column":22},"end":{"line":298,"column":59}},{"start":{"line":298,"column":59},"end":{"line":298,"column":null}}],"line":298},"50":{"loc":{"start":{"line":300,"column":6},"end":{"line":318,"column":null}},"type":"if","locations":[{"start":{"line":300,"column":6},"end":{"line":318,"column":null}},{"start":{"line":309,"column":13},"end":{"line":318,"column":null}}],"line":300},"51":{"loc":{"start":{"line":304,"column":19},"end":{"line":304,"column":null}},"type":"binary-expr","locations":[{"start":{"line":304,"column":19},"end":{"line":304,"column":33}},{"start":{"line":304,"column":33},"end":{"line":304,"column":48}},{"start":{"line":304,"column":48},"end":{"line":304,"column":64}},{"start":{"line":304,"column":64},"end":{"line":304,"column":null}}],"line":304},"52":{"loc":{"start":{"line":310,"column":32},"end":{"line":310,"column":null}},"type":"binary-expr","locations":[{"start":{"line":310,"column":32},"end":{"line":310,"column":50}},{"start":{"line":310,"column":50},"end":{"line":310,"column":70}},{"start":{"line":310,"column":70},"end":{"line":310,"column":null}}],"line":310},"53":{"loc":{"start":{"line":310,"column":70},"end":{"line":310,"column":null}},"type":"cond-expr","locations":[{"start":{"line":310,"column":111},"end":{"line":310,"column":137}},{"start":{"line":310,"column":137},"end":{"line":310,"column":null}}],"line":310},"54":{"loc":{"start":{"line":313,"column":23},"end":{"line":313,"column":null}},"type":"binary-expr","locations":[{"start":{"line":313,"column":23},"end":{"line":313,"column":42}},{"start":{"line":313,"column":42},"end":{"line":313,"column":null}}],"line":313},"55":{"loc":{"start":{"line":314,"column":31},"end":{"line":314,"column":null}},"type":"cond-expr","locations":[{"start":{"line":314,"column":40},"end":{"line":314,"column":58}},{"start":{"line":314,"column":58},"end":{"line":314,"column":null}}],"line":314},"56":{"loc":{"start":{"line":334,"column":4},"end":{"line":334,"column":null}},"type":"if","locations":[{"start":{"line":334,"column":4},"end":{"line":334,"column":null}},{"start":{},"end":{}}],"line":334},"57":{"loc":{"start":{"line":338,"column":27},"end":{"line":338,"column":77}},"type":"cond-expr","locations":[{"start":{"line":338,"column":48},"end":{"line":338,"column":76}},{"start":{"line":338,"column":76},"end":{"line":338,"column":77}}],"line":338},"58":{"loc":{"start":{"line":356,"column":4},"end":{"line":356,"column":null}},"type":"if","locations":[{"start":{"line":356,"column":4},"end":{"line":356,"column":null}},{"start":{},"end":{}}],"line":356},"59":{"loc":{"start":{"line":360,"column":27},"end":{"line":360,"column":71}},"type":"cond-expr","locations":[{"start":{"line":360,"column":48},"end":{"line":360,"column":70}},{"start":{"line":360,"column":70},"end":{"line":360,"column":71}}],"line":360}},"s":{"0":2,"1":42,"2":42,"3":42,"4":42,"5":2,"6":183,"7":183,"8":183,"9":183,"10":183,"11":183,"12":45,"13":45,"14":45,"15":42,"16":42,"17":30,"18":30,"19":2,"20":30,"21":42,"22":14,"23":14,"24":14,"25":14,"26":14,"27":28,"28":28,"29":2,"30":1,"31":28,"32":3,"33":3,"34":183,"35":7,"36":1,"37":6,"38":6,"39":5,"40":4,"41":4,"42":3,"43":1,"44":2,"45":183,"46":73,"47":47,"48":47,"49":26,"50":26,"51":26,"52":26,"53":14,"54":14,"55":26,"56":14,"57":12,"58":26,"59":183,"60":43,"61":43,"62":39,"63":39,"64":39,"65":4,"66":4,"67":4,"68":183,"69":59,"70":59,"71":55,"72":183,"73":12,"74":12,"75":12,"76":0,"77":0,"78":183,"79":2,"80":2,"81":183,"82":7,"83":7,"84":7,"85":7,"86":7,"87":7,"88":6,"89":6,"90":7,"91":6,"92":6,"93":1,"94":183,"95":5,"96":5,"97":5,"98":5,"99":0,"100":5,"101":5,"102":5,"103":5,"104":5,"105":5,"106":4,"107":1,"108":3,"109":0,"110":5,"111":5,"112":0,"113":0,"114":0,"115":3,"116":3,"117":3,"118":3,"119":3,"120":3,"121":3,"122":2,"123":2,"124":2,"125":2,"126":5,"127":183,"128":6,"129":6,"130":6,"131":6,"132":6,"133":6,"134":6,"135":5,"136":2,"137":3,"138":3,"139":6,"140":0,"141":0,"142":0,"143":3,"144":3,"145":3,"146":3,"147":3,"148":3,"149":3,"150":3,"151":3,"152":3,"153":3,"154":6,"155":183,"156":6,"157":1,"158":5,"159":5,"160":6,"161":5,"162":5,"163":2,"164":183,"165":5,"166":1,"167":4,"168":4,"169":5,"170":4,"171":4,"172":1,"173":183},"f":{"0":42,"1":183,"2":45,"3":30,"4":2,"5":7,"6":3,"7":73,"8":26,"9":43,"10":59,"11":12,"12":2,"13":7,"14":7,"15":5,"16":5,"17":5,"18":0,"19":0,"20":3,"21":2,"22":6,"23":6,"24":0,"25":3,"26":3,"27":6,"28":5,"29":6,"30":5,"31":4,"32":5},"b":{"0":[23,19],"1":[42,3],"2":[42,1],"3":[30,9],"4":[2,28],"5":[10,20],"6":[30,29],"7":[14,28],"8":[1,27],"9":[28,2],"10":[1,6],"11":[7,7],"12":[4,1],"13":[4,1],"14":[3,1],"15":[1,2],"16":[3,3],"17":[47,26],"18":[14,12],"19":[14,1],"20":[11,15],"21":[43,43],"22":[39,4],"23":[43,39,39],"24":[59,59],"25":[55,4],"26":[59,55],"27":[12,0],"28":[12,12],"29":[0,0],"30":[7,7],"31":[2,5],"32":[6,1],"33":[7,5],"34":[6,1],"35":[7,6,6],"36":[0,5],"37":[1,4],"38":[1,3],"39":[0,3],"40":[5,3],"41":[0,3],"42":[0,0,0,0],"43":[3,3,3],"44":[1,2],"45":[3,3],"46":[0,3],"47":[5,1],"48":[2,3],"49":[3,3],"50":[0,3],"51":[0,0,0,0],"52":[3,0,0],"53":[0,0],"54":[3,3],"55":[2,1],"56":[1,5],"57":[5,1],"58":[1,4],"59":[4,1]},"meta":{"lastBranch":60,"lastFunction":33,"lastStatement":174,"seen":{"s:5:6:10:Infinity":0,"f:5:6:5:25":0,"s:6:12:6:Infinity":1,"b:6:24:6:46:6:46:6:Infinity":0,"s:7:19:7:Infinity":2,"s:8:19:8:Infinity":3,"s:9:2:9:Infinity":4,"s:24:13:392:Infinity":5,"f:24:13:24:29":1,"s:25:21:25:Infinity":6,"s:26:19:26:Infinity":7,"s:27:26:27:Infinity":8,"s:28:19:28:Infinity":9,"s:30:20:30:Infinity":10,"s:33:24:78:Infinity":11,"f:33:24:33:31":2,"s:34:4:76:Infinity":12,"s:35:23:37:Infinity":13,"b:38:6:73:Infinity:undefined:undefined:undefined:undefined":1,"s:38:6:73:Infinity":14,"s:39:21:39:Infinity":15,"s:40:14:52:Infinity":16,"b:40:32:40:49:40:49:40:51":2,"f:40:53:40:58":3,"s:41:22:41:Infinity":17,"b:41:22:41:33:41:33:41:Infinity":3,"b:42:10:44:Infinity:undefined:undefined:undefined:undefined":4,"s:42:10:44:Infinity":18,"s:43:12:43:Infinity":19,"s:45:10:51:Infinity":20,"b:49:37:49:124:49:124:49:Infinity":5,"b:50:23:50:38:50:38:50:Infinity":6,"b:54:8:72:Infinity:66:15:72:Infinity":7,"s:54:8:72:Infinity":21,"s:55:28:61:Infinity":22,"s:62:10:62:Infinity":23,"s:63:10:63:Infinity":24,"s:64:10:64:Infinity":25,"s:65:10:65:Infinity":26,"s:67:10:67:Infinity":27,"b:68:10:70:Infinity:undefined:undefined:undefined:undefined":8,"s:68:10:70:Infinity":28,"b:68:14:68:56:68:56:68:116":9,"f:68:72:68:78":4,"s:68:89:68:113":29,"s:69:12:69:Infinity":30,"s:71:10:71:Infinity":31,"s:75:6:75:Infinity":32,"s:77:4:77:Infinity":33,"s:81:28:102:Infinity":34,"f:81:28:81:35":5,"b:82:4:82:Infinity:undefined:undefined:undefined:undefined":10,"s:82:4:82:Infinity":35,"b:82:8:82:22:82:22:82:37":11,"s:82:37:82:Infinity":36,"s:83:4:100:Infinity":37,"s:84:23:86:Infinity":38,"b:87:6:97:Infinity:undefined:undefined:undefined:undefined":12,"s:87:6:97:Infinity":39,"s:88:21:88:Infinity":40,"s:89:8:96:Infinity":41,"b:89:16:89:33:89:33:89:35":13,"f:89:37:89:42":6,"s:89:54:96:10":42,"b:92:17:92:28:92:28:92:Infinity":14,"b:93:35:93:122:93:122:93:Infinity":15,"b:94:21:94:36:94:36:94:Infinity":16,"s:99:6:99:Infinity":43,"s:101:4:101:Infinity":44,"s:105:30:131:Infinity":45,"f:105:30:105:37":7,"b:106:4:109:Infinity:undefined:undefined:undefined:undefined":17,"s:106:4:109:Infinity":46,"s:107:6:107:Infinity":47,"s:108:6:108:Infinity":48,"s:110:4:110:Infinity":49,"s:111:4:130:Infinity":50,"s:112:23:114:Infinity":51,"b:115:6:125:Infinity:undefined:undefined:undefined:undefined":18,"s:115:6:125:Infinity":52,"s:116:21:116:Infinity":53,"s:117:14:123:Infinity":54,"b:117:32:117:49:117:49:117:51":19,"f:117:53:117:58":8,"s:117:70:123:10":55,"b:119:43:119:50:119:50:119:Infinity":20,"s:124:8:124:Infinity":56,"s:127:6:127:Infinity":57,"s:129:6:129:Infinity":58,"s:134:2:145:Infinity":59,"f:134:2:134:18":9,"s:135:20:135:Infinity":60,"b:135:20:135:57:135:57:135:Infinity":21,"b:136:4:144:Infinity:140:11:144:Infinity":22,"s:136:4:144:Infinity":61,"b:136:8:136:21:136:21:136:36:136:36:136:46":23,"s:137:6:137:Infinity":62,"s:138:6:138:Infinity":63,"s:139:6:139:Infinity":64,"s:141:6:141:Infinity":65,"s:142:6:142:Infinity":66,"s:143:6:143:Infinity":67,"s:148:2:153:Infinity":68,"f:148:2:148:18":10,"s:149:20:149:Infinity":69,"b:149:20:149:57:149:57:149:Infinity":24,"b:150:4:152:Infinity:undefined:undefined:undefined:undefined":25,"s:150:4:152:Infinity":70,"b:150:8:150:21:150:21:150:31":26,"s:151:6:151:Infinity":71,"s:155:8:162:Infinity":72,"f:155:8:155:25":11,"s:156:4:156:Infinity":73,"b:157:4:161:Infinity:159:11:161:Infinity":27,"s:157:4:161:Infinity":74,"b:157:8:157:21:157:21:157:48":28,"s:158:6:158:Infinity":75,"b:159:11:161:Infinity:undefined:undefined:undefined:undefined":29,"s:159:11:161:Infinity":76,"s:160:6:160:Infinity":77,"s:164:8:167:Infinity":78,"f:164:8:164:33":12,"s:165:4:165:Infinity":79,"s:166:4:166:Infinity":80,"s:169:24:196:Infinity":81,"f:169:24:169:31":13,"s:170:20:170:Infinity":82,"b:170:20:170:57:170:57:170:Infinity":30,"s:171:25:171:Infinity":83,"f:171:34:171:41":14,"s:171:46:171:57":84,"s:172:24:178:Infinity":85,"b:172:50:172:65:172:65:178:Infinity":31,"s:180:4:180:Infinity":86,"b:181:4:184:Infinity:undefined:undefined:undefined:undefined":32,"s:181:4:184:Infinity":87,"b:181:8:181:34:181:34:181:76":33,"s:182:6:182:Infinity":88,"s:183:6:183:Infinity":89,"b:186:4:195:Infinity:undefined:undefined:undefined:undefined":34,"s:186:4:195:Infinity":90,"b:186:8:186:21:186:21:186:50:186:50:186:60":35,"s:187:6:194:Infinity":91,"s:188:8:191:Infinity":92,"s:193:8:193:Infinity":93,"s:198:22:266:Infinity":94,"f:198:22:198:29":15,"s:199:20:199:Infinity":95,"s:201:18:201:Infinity":96,"f:201:27:201:37":16,"s:201:42:201:60":97,"b:202:4:202:Infinity:undefined:undefined:undefined:undefined":36,"s:202:4:202:Infinity":98,"s:202:22:202:Infinity":99,"s:204:32:209:Infinity":100,"s:211:4:211:Infinity":101,"f:211:4:211:16":17,"s:211:24:211:61":102,"s:212:4:212:Infinity":103,"s:214:4:265:Infinity":104,"s:215:23:226:Infinity":105,"b:222:62:222:88:222:88:222:Infinity":37,"b:228:6:230:Infinity:undefined:undefined:undefined:undefined":38,"s:228:6:230:Infinity":106,"s:229:8:229:Infinity":107,"s:232:19:232:Infinity":108,"b:232:35:232:77:232:77:232:Infinity":39,"f:232:57:232:70":18,"s:232:70:232:73":109,"s:233:22:233:Infinity":110,"b:233:22:233:59:233:59:233:Infinity":40,"b:235:6:253:Infinity:244:13:253:Infinity":41,"s:235:6:253:Infinity":111,"s:236:34:242:Infinity":112,"b:239:19:239:33:239:33:239:48:239:48:239:64:239:64:239:Infinity":42,"s:243:8:243:Infinity":113,"f:243:8:243:20":19,"s:243:28:243:47":114,"s:245:32:245:Infinity":115,"b:245:32:245:50:245:50:245:70:245:70:245:Infinity":43,"b:245:111:245:137:245:137:245:Infinity":44,"s:247:32:247:Infinity":116,"s:248:23:248:Infinity":117,"b:248:23:248:42:248:42:248:Infinity":45,"f:248:58:248:64":20,"s:248:75:248:99":118,"s:249:31:249:Infinity":119,"b:249:40:249:58:249:58:249:Infinity":46,"s:251:8:251:Infinity":120,"s:252:8:252:Infinity":121,"s:255:6:255:Infinity":122,"s:256:32:261:Infinity":123,"s:262:6:262:Infinity":124,"f:262:6:262:18":21,"s:262:26:262:45":125,"s:264:6:264:Infinity":126,"s:268:22:331:Infinity":127,"f:268:22:268:29":22,"s:269:20:269:Infinity":128,"s:270:32:275:Infinity":129,"s:277:4:277:Infinity":130,"f:277:4:277:16":23,"s:277:24:277:45":131,"s:278:4:278:Infinity":132,"s:280:4:330:Infinity":133,"s:281:23:291:Infinity":134,"b:288:62:288:88:288:88:288:Infinity":47,"b:293:6:295:Infinity:undefined:undefined:undefined:undefined":48,"s:293:6:295:Infinity":135,"s:294:8:294:Infinity":136,"s:297:19:297:Infinity":137,"s:298:22:298:Infinity":138,"b:298:22:298:59:298:59:298:Infinity":49,"b:300:6:318:Infinity:309:13:318:Infinity":50,"s:300:6:318:Infinity":139,"s:301:34:307:Infinity":140,"b:304:19:304:33:304:33:304:48:304:48:304:64:304:64:304:Infinity":51,"s:308:8:308:Infinity":141,"f:308:8:308:20":24,"s:308:28:308:47":142,"s:310:32:310:Infinity":143,"b:310:32:310:50:310:50:310:70:310:70:310:Infinity":52,"b:310:111:310:137:310:137:310:Infinity":53,"s:312:32:312:Infinity":144,"s:313:23:313:Infinity":145,"b:313:23:313:42:313:42:313:Infinity":54,"f:313:58:313:64":25,"s:313:75:313:99":146,"s:314:31:314:Infinity":147,"b:314:40:314:58:314:58:314:Infinity":55,"s:316:8:316:Infinity":148,"s:317:8:317:Infinity":149,"s:320:6:320:Infinity":150,"s:321:32:326:Infinity":151,"s:327:6:327:Infinity":152,"f:327:6:327:18":26,"s:327:26:327:45":153,"s:329:6:329:Infinity":154,"s:333:27:353:Infinity":155,"f:333:27:333:34":27,"b:334:4:334:Infinity:undefined:undefined:undefined:undefined":56,"s:334:4:334:Infinity":156,"s:334:20:334:Infinity":157,"s:337:4:339:Infinity":158,"f:337:4:337:16":28,"s:338:6:338:Infinity":159,"f:338:18:338:22":29,"s:338:27:338:77":160,"b:338:48:338:76:338:76:338:77":57,"s:341:4:352:Infinity":161,"s:342:6:349:Infinity":162,"s:351:6:351:Infinity":163,"s:355:31:375:Infinity":164,"f:355:31:355:38":30,"b:356:4:356:Infinity:undefined:undefined:undefined:undefined":58,"s:356:4:356:Infinity":165,"s:356:20:356:Infinity":166,"s:359:4:361:Infinity":167,"f:359:4:359:16":31,"s:360:6:360:Infinity":168,"f:360:18:360:22":32,"s:360:27:360:71":169,"b:360:48:360:70:360:70:360:71":59,"s:363:4:374:Infinity":170,"s:364:6:371:Infinity":171,"s:373:6:373:Infinity":172,"s:377:2:391:Infinity":173},"fnNames":{}}}
}
